env: load .env
env: export EXPO_PUBLIC_SUPABASE_URL EXPO_PUBLIC_SUPABASE_ANON_KEY
› Planning build
› Preparing Pods/RNCAsyncStorage-RNCAsyncStorage_resources » ResourceBundle-RNCAsyncStorage_resources-RNCAsyncStorage-Info.plist
› Preparing expo-image Pods/SDWebImage-SDWebImage » ResourceBundle-SDWebImage-SDWebImage-Info.plist
› Preparing Pods/ExpoFileSystem-ExpoFileSystem_privacy » ResourceBundle-ExpoFileSystem_privacy-ExpoFileSystem-Info.plist
› Preparing Pods/RNSVG-RNSVGFilters » ResourceBundle-RNSVGFilters-RNSVG-Info.plist
› Preparing Pods/EXConstants-ExpoConstants_privacy » ResourceBundle-ExpoConstants_privacy-EXConstants-Info.plist
› Executing react-native Pods/ReactNativeDependencies » [CP-User] [RNDeps] Replace React Native Dependencies for the right configuration, if needed
› Executing react-native Pods/hermes-engine » [CP-User] [Hermes] Replace Hermes for the right configuration, if needed
› Preparing expo-constants Pods/EXConstants-EXConstants » ResourceBundle-EXConstants-EXConstants-Info.plist
› Preparing Pods/React-Core-React-Core_privacy » ResourceBundle-React-Core_privacy-React-Core-Info.plist
› Preparing Pods/react-native-maps-ReactNativeMapsPrivacy » ResourceBundle-ReactNativeMapsPrivacy-react-native-maps-Info.plist
› Preparing Pods/React-cxxreact-React-cxxreact_privacy » ResourceBundle-React-cxxreact_privacy-React-cxxreact-Info.plist
› Executing react-native Pods/React-Core-prebuilt » [CP-User] [RNDeps] Replace React Native Core for the right configuration, if needed
› Preparing Pods/MapboxMaps-MapboxMapsResources » ResourceBundle-MapboxMapsResources-MapboxMaps-Info.plist
› Preparing @rnmapbox/maps Pods/MapboxMaps » MapboxMaps-Info.plist
› Copying   @rnmapbox/maps MapboxMaps/MapboxMaps.framework/MapboxMapsResources.bundle ➜ MapboxMaps/MapboxMapsResources.bundle
› Executing react-native Pods/React-RCTFBReactNativeSpec » [CP-User] [RN]Check FBReactNativeSpec
› Compiling moodmap Pods/ReactCodegen » safeareacontextJSI-generated.cpp
› Compiling moodmap Pods/ReactCodegen » rnworkletsJSI-generated.cpp
› Compiling moodmap Pods/ReactCodegen » rnworklets-generated.mm
› Compiling moodmap Pods/ReactCodegen » safeareacontext-generated.mm
› Compiling moodmap Pods/ReactCodegen » rnsvgJSI-generated.cpp
› Compiling moodmap Pods/ReactCodegen » States.cpp
› Compiling moodmap Pods/ReactCodegen » rnsvg-generated.mm
› Compiling moodmap Pods/ReactCodegen » rnscreensJSI-generated.cpp
› Compiling moodmap Pods/ReactCodegen » rnscreens-generated.mm
› Compiling moodmap Pods/ReactCodegen » rnreanimatedJSI-generated.cpp
› Compiling moodmap Pods/ReactCodegen » rnreanimated-generated.mm
› Compiling moodmap Pods/ReactCodegen » rnmapbox_maps_specsJSI-generated.cpp
› Compiling moodmap Pods/ReactCodegen » rnmapbox_maps_specs-generated.mm
› Compiling moodmap Pods/ReactCodegen » rngesturehandler_codegenJSI-generated.cpp
› Compiling moodmap Pods/ReactCodegen » rngesturehandler_codegen-generated.mm
› Compiling moodmap Pods/ReactCodegen » rnasyncstorageJSI-generated.cpp
› Compiling moodmap Pods/ReactCodegen » rnasyncstorage-generated.mm
› Compiling moodmap Pods/ReactCodegen » States.cpp
› Compiling moodmap Pods/ReactCodegen » States.cpp
› Compiling moodmap Pods/ReactCodegen » States.cpp
› Compiling moodmap Pods/ReactCodegen » States.cpp
› Compiling moodmap Pods/ReactCodegen » States.cpp
› Compiling moodmap Pods/ReactCodegen » ShadowNodes.cpp
› Compiling moodmap Pods/ReactCodegen » ShadowNodes.cpp
› Compiling moodmap Pods/ReactCodegen » ShadowNodes.cpp
› Compiling moodmap Pods/ReactCodegen » ShadowNodes.cpp
› Compiling moodmap Pods/ReactCodegen » ShadowNodes.cpp
› Compiling moodmap Pods/ReactCodegen » ShadowNodes.cpp
› Compiling moodmap Pods/ReactCodegen » RNCWebViewSpecJSI-generated.cpp
› Compiling moodmap Pods/ReactCodegen » RNCWebViewSpec-generated.mm
› Compiling moodmap Pods/ReactCodegen » RCTUnstableModulesRequiringMainQueueSetupProvider.mm
› Compiling moodmap Pods/ReactCodegen » RCTThirdPartyComponentsProvider.mm
› Compiling moodmap Pods/ReactCodegen » RCTModulesConformingToProtocolsProvider.mm
› Compiling moodmap Pods/ReactCodegen » RCTModuleProviders.mm
› Compiling moodmap Pods/ReactCodegen » Props.cpp
› Compiling moodmap Pods/ReactCodegen » Props.cpp
› Compiling moodmap Pods/ReactCodegen » Props.cpp
› Compiling moodmap Pods/ReactCodegen » Props.cpp
› Compiling moodmap Pods/ReactCodegen » Props.cpp
› Compiling moodmap Pods/ReactCodegen » Props.cpp
› Compiling moodmap Pods/ReactCodegen » EventEmitters.cpp
› Compiling moodmap Pods/ReactCodegen » EventEmitters.cpp
› Compiling moodmap Pods/ReactCodegen » EventEmitters.cpp
› Compiling moodmap Pods/ReactCodegen » EventEmitters.cpp
› Compiling moodmap Pods/ReactCodegen » EventEmitters.cpp
› Compiling moodmap Pods/ReactCodegen » EventEmitters.cpp
› Compiling moodmap Pods/ReactCodegen » ComponentDescriptors.cpp
› Compiling moodmap Pods/ReactCodegen » ComponentDescriptors.cpp
› Compiling moodmap Pods/ReactCodegen » ComponentDescriptors.cpp
› Compiling moodmap Pods/ReactCodegen » ComponentDescriptors.cpp
› Compiling moodmap Pods/ReactCodegen » ComponentDescriptors.cpp
› Compiling moodmap Pods/ReactCodegen » ComponentDescriptors.cpp
› Compiling moodmap Pods/ReactCodegen » ReactCodegen-dummy.m
› Packaging moodmap Pods/ReactCodegen » libReactCodegen.a
› Compiling react-native-webview Pods/react-native-webview » RNCWebViewModule.mm
› Compiling react-native-webview Pods/react-native-webview » RNCWebViewManager.mm
› Compiling react-native-webview Pods/react-native-webview » RNCWebView.mm
› Compiling react-native-webview Pods/react-native-webview » react-native-webview-dummy.m
› Compiling @rnmapbox/maps Pods/rnmapbox-maps » RNMBXViewportModule.mm
› Compiling @rnmapbox/maps Pods/rnmapbox-maps » RNMBXViewportComponentView.mm
› Compiling @rnmapbox/maps Pods/rnmapbox-maps » RNMBXViewResolver.mm
› Compiling @rnmapbox/maps Pods/rnmapbox-maps » RNMBXVectorSourceComponentView.mm
› Linking   @rnmapbox/maps Pods/MapboxMaps » MapboxMaps
› Compiling @rnmapbox/maps Pods/rnmapbox-maps » RNMBXTerrainComponentView.mm
› Compiling @rnmapbox/maps Pods/rnmapbox-maps » RNMBXSymbolLayerComponentView.mm
› Compiling @rnmapbox/maps Pods/rnmapbox-maps » RNMBXStyleImportComponentView.mm
› Compiling @rnmapbox/maps Pods/rnmapbox-maps » RNMBXSkyLayerComponentView.mm
› Compiling @rnmapbox/maps Pods/rnmapbox-maps » RNMBXShapeSourceModule.mm
› Compiling @rnmapbox/maps Pods/rnmapbox-maps » RNMBXShapeSourceComponentView.mm
› Compiling @rnmapbox/maps Pods/rnmapbox-maps » RNMBXRasterSourceComponentView.mm
› Compiling @rnmapbox/maps Pods/rnmapbox-maps » RNMBXRasterParticleLayerComponentView.mm
› Compiling @rnmapbox/maps Pods/rnmapbox-maps » RNMBXRasterLayerComponentView.mm
› Compiling @rnmapbox/maps Pods/rnmapbox-maps » RNMBXRasterDemSourceComponentView.mm
› Compiling @rnmapbox/maps Pods/rnmapbox-maps » RNMBXRasterArraySourceComponentView.mm
› Compiling @rnmapbox/maps Pods/rnmapbox-maps » RNMBXPointAnnotationModule.mm
› Compiling @rnmapbox/maps Pods/rnmapbox-maps » RNMBXPointAnnotationComponentView.mm
› Compiling @rnmapbox/maps Pods/rnmapbox-maps » RNMBXNativeUserLocationComponentView.mm
› Compiling @rnmapbox/maps Pods/rnmapbox-maps » RNMBXMovePointShapeAnimatorModule.mm
› Compiling @rnmapbox/maps Pods/rnmapbox-maps » RNMBXModelsManager.mm
› Compiling @rnmapbox/maps Pods/rnmapbox-maps » RNMBXModelsComponentView.mm
› Compiling @rnmapbox/maps Pods/rnmapbox-maps » RNMBXModelLayerComponentView.mm
› Compiling @rnmapbox/maps Pods/rnmapbox-maps » RNMBXMarkerViewContentComponentView.mm
› Compiling @rnmapbox/maps Pods/rnmapbox-maps » RNMBXMarkerViewComponentView.mm
› Compiling @rnmapbox/maps Pods/rnmapbox-maps » RNMBXMapViewModule.mm
› Compiling @rnmapbox/maps Pods/rnmapbox-maps » RNMBXMapViewComponentView.mm
› Compiling @rnmapbox/maps Pods/rnmapbox-maps » RNMBXLineLayerComponentView.mm
› Compiling @rnmapbox/maps Pods/rnmapbox-maps » RNMBXLightComponentView.mm
› Compiling @rnmapbox/maps Pods/rnmapbox-maps » RNMBXImagesComponentView.mm
› Compiling @rnmapbox/maps Pods/rnmapbox-maps » RNMBXImageSourceComponentView.mm
› Compiling @rnmapbox/maps Pods/rnmapbox-maps » RNMBXImageModule.mm
› Compiling @rnmapbox/maps Pods/rnmapbox-maps » RNMBXImageComponentView.mm
› Compiling @rnmapbox/maps Pods/rnmapbox-maps » RNMBXHeatmapLayerComponentView.mm
› Compiling @rnmapbox/maps Pods/rnmapbox-maps » RNMBXFillLayerComponentView.mm
› Compiling @rnmapbox/maps Pods/rnmapbox-maps » RNMBXFillExtrusionLayerComponentView.mm
› Compiling @rnmapbox/maps Pods/rnmapbox-maps » RNMBXFabricPropConvert.mm
› Compiling @rnmapbox/maps Pods/rnmapbox-maps » RNMBXCustomLocationProviderComponentView.mm
› Compiling @rnmapbox/maps Pods/rnmapbox-maps » RNMBXCircleLayerComponentView.mm
› Compiling @rnmapbox/maps Pods/rnmapbox-maps » RNMBXChangeLineOffsetsShapeAnimatorModule.mm
› Compiling @rnmapbox/maps Pods/rnmapbox-maps » RNMBXCameraModule.mm
› Compiling @rnmapbox/maps Pods/rnmapbox-maps » RNMBXCameraGestureObserverComponentView.mm
› Compiling @rnmapbox/maps Pods/rnmapbox-maps » RNMBXCameraComponentView.mm
› Compiling @rnmapbox/maps Pods/rnmapbox-maps » RNMBXCalloutComponentView.mm
› Compiling @rnmapbox/maps Pods/rnmapbox-maps » RNMBXBackgroundLayerComponentView.mm
› Compiling @rnmapbox/maps Pods/rnmapbox-maps » RNMBXAtmosphereComponentView.mm
› Compiling @rnmapbox/maps Pods/rnmapbox-maps » rnmapbox-maps-dummy.m
› Compiling react-native-safe-area-context Pods/react-native-safe-area-context » RNCSafeAreaViewState.cpp
› Compiling react-native-safe-area-context Pods/react-native-safe-area-context » RNCSafeAreaViewShadowNode.cpp
› Compiling react-native-safe-area-context Pods/react-native-safe-area-context » RNCSafeAreaViewComponentView.mm
› Compiling react-native-safe-area-context Pods/react-native-safe-area-context » RNCSafeAreaProviderComponentView.mm
› Compiling react-native-safe-area-context Pods/react-native-safe-area-context » RNCSafeAreaContext.mm
› Compiling react-native-webview Pods/react-native-webview » RNCWebViewImpl.m
› Compiling react-native-webview Pods/react-native-webview » RNCWebViewDecisionManager.m
› Compiling react-native-webview Pods/react-native-webview » RNCWKProcessPoolManager.m
› Compiling react-native-webview Pods/react-native-webview » RCTConvert+WKDataDetectorTypes.m
› Compiling react-native-safe-area-context Pods/react-native-safe-area-context » react-native-safe-area-context-dummy.m
› Compiling moodmap Pods/ReactAppDependencyProvider » RCTAppDependencyProvider.mm
› Packaging react-native-webview Pods/react-native-webview » libreact-native-webview.a
› Compiling react-native-worklets Pods/RNWorklets » WorkletsVersion.cpp
› Compiling react-native-worklets Pods/RNWorklets » WorkletsModuleProxy.cpp
› Compiling @rnmapbox/maps Pods/rnmapbox-maps » RNMBXViewportManager.m
› Compiling @rnmapbox/maps Pods/rnmapbox-maps » RNMBXVectorSourceViewManager.m
› Compiling @rnmapbox/maps Pods/rnmapbox-maps » RNMBXVectorLayer.m
› Compiling @rnmapbox/maps Pods/rnmapbox-maps » RNMBXTileStoreModule.m
› Compiling @rnmapbox/maps Pods/rnmapbox-maps » RNMBXTerrainViewManager.m
› Compiling @rnmapbox/maps Pods/rnmapbox-maps » RNMBXSymbolLayerViewManager.m
› Compiling @rnmapbox/maps Pods/rnmapbox-maps » RNMBXStyleImportManager.m
› Compiling @rnmapbox/maps Pods/rnmapbox-maps » RNMBXSnapshotModule.m
› Compiling @rnmapbox/maps Pods/rnmapbox-maps » RNMBXSkyLayerViewManager.m
› Compiling @rnmapbox/maps Pods/rnmapbox-maps » RNMBXShapeSourceViewManager.m
› Compiling @rnmapbox/maps Pods/rnmapbox-maps » RNMBXRasterSourceViewManager.m
› Compiling @rnmapbox/maps Pods/rnmapbox-maps » RNMBXRasterLayerViewManager.m
› Compiling @rnmapbox/maps Pods/rnmapbox-maps » RNMBXRasterDemSourceViewManager.m
› Compiling @rnmapbox/maps Pods/rnmapbox-maps » RNMBXPointAnnotationViewManager.m
› Compiling @rnmapbox/maps Pods/rnmapbox-maps » RNMBXOfflineModuleLegacy.m
› Compiling @rnmapbox/maps Pods/rnmapbox-maps » RNMBXOfflineModule.m
› Compiling @rnmapbox/maps Pods/rnmapbox-maps » RNMBXNativeUserLocationViewManager.m
› Compiling @rnmapbox/maps Pods/rnmapbox-maps » RNMBXModule.m
› Compiling @rnmapbox/maps Pods/rnmapbox-maps » RNMBXModelLayerViewManager.m
› Compiling @rnmapbox/maps Pods/rnmapbox-maps » RNMBXMarkerViewManager.m
› Compiling @rnmapbox/maps Pods/rnmapbox-maps » RNMBXMarkerViewContentManager.m
› Compiling @rnmapbox/maps Pods/rnmapbox-maps » RNMBXMapViewManager.m
› Compiling @rnmapbox/maps Pods/rnmapbox-maps » RNMBXLogging.m
› Compiling @rnmapbox/maps Pods/rnmapbox-maps » RNMBXLocationModule.m
› Compiling @rnmapbox/maps Pods/rnmapbox-maps » RNMBXLineLayerViewManager.m
› Compiling @rnmapbox/maps Pods/rnmapbox-maps » RNMBXLightViewManager.m
› Compiling @rnmapbox/maps Pods/rnmapbox-maps » RNMBXImagesViewManager.m
› Compiling @rnmapbox/maps Pods/rnmapbox-maps » RNMBXImageSourceViewManager.m
› Compiling @rnmapbox/maps Pods/rnmapbox-maps » RNMBXImageManager.m
› Compiling @rnmapbox/maps Pods/rnmapbox-maps » RNMBXHeatmapLayerViewManager.m
› Compiling @rnmapbox/maps Pods/rnmapbox-maps » RNMBXFillLayerViewManager.m
› Compiling @rnmapbox/maps Pods/rnmapbox-maps » RNMBXFillExtrusionLayerViewManager.m
› Compiling @rnmapbox/maps Pods/rnmapbox-maps » RNMBXCustomLocationProviderViewManager.m
› Compiling @rnmapbox/maps Pods/rnmapbox-maps » RNMBXCircleLayerViewManager.m
› Compiling @rnmapbox/maps Pods/rnmapbox-maps » RNMBXCameraViewManager.m
› Compiling @rnmapbox/maps Pods/rnmapbox-maps » RNMBXCalloutViewManager.m
› Compiling @rnmapbox/maps Pods/rnmapbox-maps » RNMBXBackgroundLayerViewManager.m
› Compiling @rnmapbox/maps Pods/rnmapbox-maps » RNMBXAtmosphereViewManager.m
› Compiling @rnmapbox/maps Pods/rnmapbox-maps » RCTSwiftLog.m
› Compiling react-native-safe-area-context Pods/react-native-safe-area-context » RNCSafeAreaViewMode.m
› Compiling react-native-safe-area-context Pods/react-native-safe-area-context » RNCSafeAreaViewManager.m
› Compiling react-native-safe-area-context Pods/react-native-safe-area-context » RNCSafeAreaViewLocalData.m
› Compiling react-native-safe-area-context Pods/react-native-safe-area-context » RNCSafeAreaViewEdges.m
› Compiling react-native-safe-area-context Pods/react-native-safe-area-context » RNCSafeAreaViewEdgeMode.m
› Compiling react-native-safe-area-context Pods/react-native-safe-area-context » RNCSafeAreaView.m
› Compiling react-native-safe-area-context Pods/react-native-safe-area-context » RNCSafeAreaUtils.m
› Compiling react-native-safe-area-context Pods/react-native-safe-area-context » RNCSafeAreaShadowView.m
› Compiling react-native-safe-area-context Pods/react-native-safe-area-context » RNCSafeAreaProviderManager.m
› Compiling react-native-safe-area-context Pods/react-native-safe-area-context » RNCSafeAreaProvider.m
› Compiling react-native-safe-area-context Pods/react-native-safe-area-context » RNCOnInsetsChangeEvent.m
› Compiling moodmap Pods/ReactAppDependencyProvider » ReactAppDependencyProvider-dummy.m
› Compiling react-native-worklets Pods/RNWorklets » WorkletsModule.mm
› Compiling react-native-worklets Pods/RNWorklets » WorkletsMessageThread.mm
› Compiling react-native-worklets Pods/RNWorklets » WorkletsJSIUtils.cpp
› Packaging moodmap Pods/ReactAppDependencyProvider » libReactAppDependencyProvider.a
› Compiling react-native-worklets Pods/RNWorklets » WorkletRuntimeRegistry.cpp
› Compiling react-native-worklets Pods/RNWorklets » WorkletRuntimeDecorator.cpp
› Compiling react-native-worklets Pods/RNWorklets » WorkletRuntime.cpp
› Compiling react-native-worklets Pods/RNWorklets » WorkletHermesRuntime.cpp
› Packaging react-native-safe-area-context Pods/react-native-safe-area-context » libreact-native-safe-area-context.a
› Compiling react-native-worklets Pods/RNWorklets » WorkletEventHandler.cpp
› Compiling react-native-worklets Pods/RNWorklets » VersionUtils.cpp
› Compiling react-native-worklets Pods/RNWorklets » ValueUnpacker.cpp
› Compiling react-native-worklets Pods/RNWorklets » UIScheduler.cpp
› Compiling react-native-worklets Pods/RNWorklets » UIRuntimeDecorator.cpp
› Compiling react-native-worklets Pods/RNWorklets » SynchronizableUnpacker.cpp
› Compiling react-native-worklets Pods/RNWorklets » SynchronizableAccess.cpp
› Compiling react-native-worklets Pods/RNWorklets » Synchronizable.cpp
› Compiling react-native-worklets Pods/RNWorklets » SlowAnimations.mm
› Compiling react-native-worklets Pods/RNWorklets » Serializable.cpp
› Compiling react-native-worklets Pods/RNWorklets » RuntimeManager.cpp
› Compiling react-native-worklets Pods/RNWorklets » RuntimeData.cpp
› Compiling react-native-worklets Pods/RNWorklets » RNRuntimeWorkletDecorator.cpp
› Compiling react-native-worklets Pods/RNWorklets » PlatformLogger.mm
› Compiling react-native-worklets Pods/RNWorklets » JSScheduler.cpp
› Compiling react-native-worklets Pods/RNWorklets » JSLogger.cpp
› Compiling react-native-worklets Pods/RNWorklets » JSIWorkletsModuleProxy.cpp
› Compiling react-native-worklets Pods/RNWorklets » JSISerializer.cpp
› Compiling react-native-worklets Pods/RNWorklets » IOSUIScheduler.mm
› Compiling react-native-worklets Pods/RNWorklets » FeatureFlags.cpp
› Compiling react-native-worklets Pods/RNWorklets » EventLoop.cpp
› Compiling react-native-worklets Pods/RNWorklets » EventHandlerRegistry.cpp
› Compiling react-native-worklets Pods/RNWorklets » AsyncQueueImpl.cpp
› Compiling react-native-worklets Pods/RNWorklets » AnimationFrameQueue.mm
› Compiling react-native-worklets Pods/RNWorklets » AnimationFrameBatchinator.cpp
› Compiling react-native-screens Pods/RNScreens » UIWindow+RNScreens.mm
› Compiling react-native-screens Pods/RNScreens » UIViewController+RNScreens.mm
› Compiling react-native-screens Pods/RNScreens » UIView+RNSUtility.mm
› Compiling react-native-screens Pods/RNScreens » UIScrollView+RNScreens.mm
› Compiling react-native-screens Pods/RNScreens » UINavigationBar+RNSUtility.mm
› Compiling react-native-screens Pods/RNScreens » RNScreensTurboModule.cpp
› Compiling react-native-screens Pods/RNScreens » RNSViewControllerInvalidator.mm
› Compiling react-native-screens Pods/RNScreens » RNSTabsScreenViewController.mm
› Compiling react-native-screens Pods/RNScreens » RNSTabBarControllerDelegate.mm
› Compiling react-native-screens Pods/RNScreens » RNSTabBarController.mm
› Compiling react-native-screens Pods/RNScreens » RNSTabBarAppearanceCoordinator.mm
› Compiling react-native-screens Pods/RNScreens » RNSSplitViewScreenShadowNode.cpp
› Compiling react-native-screens Pods/RNScreens » RNSSearchBar.mm
› Compiling react-native-screens Pods/RNScreens » RNSScrollViewHelper.mm
› Compiling react-native-screens Pods/RNScreens » RNSScrollViewFinder.mm
› Compiling react-native-screens Pods/RNScreens » RNSScreenWindowTraits.mm
› Compiling react-native-screens Pods/RNScreens » RNSScreenViewEvent.mm
› Compiling react-native-screens Pods/RNScreens » RNSScreenState.cpp
› Compiling react-native-screens Pods/RNScreens » RNSScreenStackHeaderSubviewState.cpp
› Compiling react-native-screens Pods/RNScreens » RNSScreenStackHeaderSubviewShadowNode.cpp
› Compiling react-native-screens Pods/RNScreens » RNSScreenStackHeaderSubview.mm
› Compiling react-native-screens Pods/RNScreens » RNSScreenStackHeaderConfigState.cpp
› Compiling react-native-screens Pods/RNScreens » RNSScreenStackHeaderConfigShadowNode.cpp
› Compiling react-native-screens Pods/RNScreens » RNSScreenStackHeaderConfig.mm
› Compiling react-native-screens Pods/RNScreens » RNSScreenStackAnimator.mm
› Compiling react-native-screens Pods/RNScreens » RNSScreenStack.mm
› Compiling react-native-screens Pods/RNScreens » RNSScreenShadowNode.cpp
› Compiling react-native-screens Pods/RNScreens » RNSScreenRemovalListener.cpp
› Compiling react-native-screens Pods/RNScreens » RNSScreenNavigationContainer.mm
› Compiling react-native-screens Pods/RNScreens » RNSScreenFooter.mm
› Compiling react-native-screens Pods/RNScreens » RNSScreenContentWrapper.mm
› Compiling react-native-screens Pods/RNScreens » RNSScreenContainer.mm
› Compiling react-native-screens Pods/RNScreens » RNSScreen.mm
› Compiling react-native-screens Pods/RNScreens » RNSReactBaseView.mm
› Compiling react-native-screens Pods/RNScreens » RNSPercentDrivenInteractiveTransition.mm
› Compiling react-native-screens Pods/RNScreens » RNSModule.mm
› Compiling react-native-screens Pods/RNScreens » RNSModalScreenShadowNode.cpp
› Compiling react-native-screens Pods/RNScreens » RNSModalScreen.mm
› Compiling react-native-screens Pods/RNScreens » RNSInvalidatedComponentsRegistry.mm
› Compiling react-native-screens Pods/RNScreens » RNSHeaderHeightChangeEvent.mm
› Compiling react-native-screens Pods/RNScreens » RNSGammaStubs.mm
› Compiling react-native-screens Pods/RNScreens » RNSFullWindowOverlayShadowNode.cpp
› Compiling react-native-screens Pods/RNScreens » RNSFullWindowOverlay.mm
› Compiling react-native-screens Pods/RNScreens » RNSConvert.mm
› Compiling react-native-screens Pods/RNScreens » RNSConversions.mm
› Compiling react-native-screens Pods/RNScreens » RNSConversions-SplitView.mm
› Compiling react-native-screens Pods/RNScreens » RNSConversions-Fabric.mm
› Compiling react-native-screens Pods/RNScreens » RNSConversions-BottomTabs.mm
› Compiling react-native-screens Pods/RNScreens » RNSBottomTabsState.cpp
› Compiling react-native-screens Pods/RNScreens » RNSBottomTabsShadowNode.cpp
› Compiling react-native-screens Pods/RNScreens » RNSBottomTabsScreenEventEmitter.mm
› Compiling react-native-screens Pods/RNScreens » RNSBottomTabsScreenComponentViewManager.mm
› Compiling react-native-screens Pods/RNScreens » RNSBottomTabsScreenComponentView.mm
› Compiling react-native-screens Pods/RNScreens » RNSBottomTabsHostEventEmitter.mm
› Compiling react-native-screens Pods/RNScreens » RNSBottomTabsHostComponentViewManager.mm
› Compiling react-native-screens Pods/RNScreens » RNSBottomTabsHostComponentView.mm
› Compiling react-native-screens Pods/RNScreens » RNSBottomTabsHostComponentView+RNSImageLoader.mm
› Compiling react-native-screens Pods/RNScreens » RNSBackBarButtonItem.mm
› Compiling react-native-screens Pods/RNScreens » RCTTouchHandler+RNSUtility.mm
› Compiling react-native-screens Pods/RNScreens » RCTSurfaceTouchHandler+RNSUtility.mm
› Compiling react-native-screens Pods/RNScreens » RCTImageComponentView+RNSScreenStackHeaderConfig.mm
› Compiling react-native-screens Pods/RNScreens » RCTConvert+RNScreens.mm
› Compiling react-native-screens Pods/RNScreens » RCTConvert+RNSBottomTabs.mm
› Compiling react-native-screens Pods/RNScreens » NSString+RNSUtility.mm
› Compiling react-native-svg Pods/RNSVG » RNSVGViewBox.mm
› Compiling react-native-svg Pods/RNSVG » RNSVGUseManager.mm
› Compiling react-native-svg Pods/RNSVG » RNSVGUse.mm
› Compiling react-native-svg Pods/RNSVG » RNSVGTopAlignedLabel.ios.mm
› Compiling react-native-svg Pods/RNSVG » RNSVGTextProperties.mm
› Compiling react-native-screens Pods/RNScreens » RNScreens-dummy.m
› Compiling react-native-svg Pods/RNSVG » RNSVGTextPathManager.mm
› Compiling react-native-svg Pods/RNSVG » RNSVGTextPath.mm
› Compiling react-native-svg Pods/RNSVG » RNSVGTextManager.mm
› Compiling react-native-svg Pods/RNSVG » RNSVGText.mm
› Compiling react-native-svg Pods/RNSVG » RNSVGTSpanManager.mm
› Packaging react-native-screens Pods/RNScreens » libRNScreens.a
› Compiling react-native-svg Pods/RNSVG » RNSVGTSpan.mm
› Compiling react-native-svg Pods/RNSVG » RNSVGSymbolManager.mm
› Compiling react-native-svg Pods/RNSVG » RNSVGSymbol.mm
› Compiling react-native-svg Pods/RNSVG » RNSVGSvgViewModule.mm
› Compiling react-native-svg Pods/RNSVG » RNSVGSvgViewManager.mm
› Compiling react-native-svg Pods/RNSVG » RNSVGSvgView.mm
› Compiling react-native-svg Pods/RNSVG » RNSVGSolidColorBrush.mm
› Compiling react-native-svg Pods/RNSVG » RNSVGShadowNodes.cpp
› Compiling react-native-svg Pods/RNSVG » RNSVGRenderableModule.mm
› Compiling react-native-svg Pods/RNSVG » RNSVGRenderableManager.mm
› Compiling react-native-svg Pods/RNSVG » RNSVGRenderable.mm
› Compiling react-native-svg Pods/RNSVG » RNSVGRenderUtils.mm
› Compiling react-native-svg Pods/RNSVG » RNSVGRectManager.mm
› Compiling react-native-svg Pods/RNSVG » RNSVGRect.mm
› Compiling react-native-svg Pods/RNSVG » RNSVGRadialGradientManager.mm
› Compiling react-native-svg Pods/RNSVG » RNSVGRadialGradient.mm
› Compiling react-native-svg Pods/RNSVG » RNSVGPropHelper.mm
› Compiling react-native-svg Pods/RNSVG » RNSVGPatternManager.mm
› Compiling react-native-svg Pods/RNSVG » RNSVGPattern.mm
› Compiling react-native-svg Pods/RNSVG » RNSVGPathParser.mm
› Compiling react-native-svg Pods/RNSVG » RNSVGPathMeasure.mm
› Compiling react-native-svg Pods/RNSVG » RNSVGPathManager.mm
› Compiling react-native-svg Pods/RNSVG » RNSVGPath.mm
› Compiling react-native-svg Pods/RNSVG » RNSVGPainterBrush.mm
› Compiling react-native-svg Pods/RNSVG » RNSVGPainter.mm
› Compiling react-native-svg Pods/RNSVG » RNSVGNodeManager.mm
› Compiling react-native-svg Pods/RNSVG » RNSVGNode.mm
› Compiling react-native-svg Pods/RNSVG » RNSVGMaskManager.mm
› Compiling react-native-svg Pods/RNSVG » RNSVGMask.mm
› Compiling react-native-svg Pods/RNSVG » RNSVGMarkerPosition.mm
› Compiling react-native-svg Pods/RNSVG » RNSVGMarkerManager.mm
› Compiling react-native-svg Pods/RNSVG » RNSVGMarker.mm
› Compiling react-native-svg Pods/RNSVG » RNSVGLinearGradientManager.mm
› Compiling react-native-svg Pods/RNSVG » RNSVGLinearGradient.mm
› Compiling react-native-svg Pods/RNSVG » RNSVGLineManager.mm
› Compiling react-native-svg Pods/RNSVG » RNSVGLine.mm
› Compiling react-native-svg Pods/RNSVG » RNSVGLength.mm
› Compiling react-native-svg Pods/RNSVG » RNSVGLayoutableShadowNode.cpp
› Compiling react-native-svg Pods/RNSVG » RNSVGImageState.cpp
› Compiling react-native-svg Pods/RNSVG » RNSVGImageShadowNode.cpp
› Compiling react-native-svg Pods/RNSVG » RNSVGImageManager.mm
› Compiling react-native-svg Pods/RNSVG » RNSVGImage.mm
› Compiling react-native-svg Pods/RNSVG » RNSVGGroupManager.mm
› Compiling react-native-svg Pods/RNSVG » RNSVGGroup.mm
› Compiling react-native-svg Pods/RNSVG » RNSVGGlyphContext.mm
› Compiling react-native-svg Pods/RNSVG » RNSVGForeignObjectManager.mm
› Compiling react-native-svg Pods/RNSVG » RNSVGForeignObject.mm
› Compiling react-native-svg Pods/RNSVG » RNSVGFontData.mm
› Compiling react-native-svg Pods/RNSVG » RNSVGFilterRegion.mm
› Compiling react-native-svg Pods/RNSVG » RNSVGFilterPrimitiveManager.mm
› Compiling react-native-svg Pods/RNSVG » RNSVGFilterPrimitive.mm
› Compiling react-native-svg Pods/RNSVG » RNSVGFilterManager.mm
› Compiling react-native-svg Pods/RNSVG » RNSVGFilter.mm
› Compiling react-native-svg Pods/RNSVG » RNSVGFeOffsetManager.mm
› Compiling react-native-svg Pods/RNSVG » RNSVGFeOffset.mm
› Compiling react-native-svg Pods/RNSVG » RNSVGFeMergeManager.mm
› Compiling react-native-svg Pods/RNSVG » RNSVGFeMerge.mm
› Compiling react-native-svg Pods/RNSVG » RNSVGFeGaussianBlurManager.mm
› Compiling react-native-svg Pods/RNSVG » RNSVGFeGaussianBlur.mm
› Compiling react-native-svg Pods/RNSVG » RNSVGFeFloodManager.mm
› Compiling react-native-svg Pods/RNSVG » RNSVGFeFlood.mm
› Compiling react-native-svg Pods/RNSVG » RNSVGFeCompositeManager.mm
› Compiling react-native-svg Pods/RNSVG » RNSVGFeComposite.mm
› Compiling react-native-svg Pods/RNSVG » RNSVGFeColorMatrixManager.mm
› Compiling react-native-svg Pods/RNSVG » RNSVGFeColorMatrix.mm
› Compiling react-native-svg Pods/RNSVG » RNSVGFeBlendManager.mm
› Compiling react-native-svg Pods/RNSVG » RNSVGFeBlend.mm
› Compiling react-native-svg Pods/RNSVG » RNSVGEllipseManager.mm
› Compiling react-native-svg Pods/RNSVG » RNSVGEllipse.mm
› Compiling react-native-svg Pods/RNSVG » RNSVGDefsManager.mm
› Compiling react-native-svg Pods/RNSVG » RNSVGDefs.mm
› Compiling react-native-svg Pods/RNSVG » RNSVGCustomFilter.mm
› Compiling react-native-svg Pods/RNSVG » RNSVGConvert.mm
› Compiling react-native-svg Pods/RNSVG » RNSVGContextBrush.mm
› Compiling react-native-svg Pods/RNSVG » RNSVGCompositeXor.mm
› Compiling react-native-svg Pods/RNSVG » RNSVGClipPathManager.mm
› Compiling react-native-svg Pods/RNSVG » RNSVGClipPath.mm
› Compiling react-native-svg Pods/RNSVG » RNSVGCircleManager.mm
› Compiling react-native-svg Pods/RNSVG » RNSVGCircle.mm
› Compiling react-native-svg Pods/RNSVG » RNSVGBrush.mm
› Compiling react-native-svg Pods/RNSVG » RNSVGBezierElement.mm
› Compiling react-native-svg Pods/RNSVG » RNSVGArithmeticFilter.mm
› Compiling react-native-svg Pods/RNSVG » RCTConvert+RNSVG.mm
› Compiling react-native-reanimated Pods/RNReanimated » vectors.cpp
› Compiling react-native-reanimated Pods/RNReanimated » steps.cpp
› Compiling react-native-reanimated Pods/RNReanimated » props.cpp
› Compiling react-native-reanimated Pods/RNReanimated » matrix.cpp
› Compiling react-native-reanimated Pods/RNReanimated » linear.cpp
› Compiling react-native-reanimated Pods/RNReanimated » keyframes.cpp
› Compiling react-native-reanimated Pods/RNReanimated » interpolators.cpp
› Compiling react-native-reanimated Pods/RNReanimated » cubicBezier.cpp
› Compiling react-native-reanimated Pods/RNReanimated » common.cpp
› Compiling react-native-reanimated Pods/RNReanimated » algorithms.cpp
› Compiling react-native-reanimated Pods/RNReanimated » ViewStylesRepository.cpp
› Compiling react-native-reanimated Pods/RNReanimated » ValueInterpolator.cpp
› Compiling react-native-reanimated Pods/RNReanimated » UpdatesRegistryManager.cpp
› Compiling react-native-reanimated Pods/RNReanimated » UpdatesRegistry.cpp
› Compiling react-native-reanimated Pods/RNReanimated » UIRuntimeDecorator.cpp
› Compiling react-native-reanimated Pods/RNReanimated » TransitionStyleInterpolator.cpp
› Compiling react-native-reanimated Pods/RNReanimated » TransitionProgressProvider.cpp
› Compiling react-native-reanimated Pods/RNReanimated » TransformsStyleInterpolator.cpp
› Compiling react-native-reanimated Pods/RNReanimated » TransformOperationInterpolator.cpp
› Compiling react-native-reanimated Pods/RNReanimated » TransformOperation.cpp
› Compiling react-native-reanimated Pods/RNReanimated » TransformOp.cpp
› Compiling react-native-reanimated Pods/RNReanimated » TransformMatrix3D.cpp
› Compiling react-native-reanimated Pods/RNReanimated » TransformMatrix2D.cpp
› Compiling react-native-reanimated Pods/RNReanimated » StaticPropsRegistry.cpp
› Compiling react-native-reanimated Pods/RNReanimated » SimpleValueInterpolator.cpp
› Compiling react-native-reanimated Pods/RNReanimated » ShadowTreeCloner.cpp
› Compiling react-native-reanimated Pods/RNReanimated » SetGestureState.mm
› Compiling react-native-reanimated Pods/RNReanimated » SVGStrokeDashArray.cpp
› Compiling react-native-reanimated Pods/RNReanimated » SVGLength.cpp
› Compiling react-native-reanimated Pods/RNReanimated » ResolvableValueInterpolator.cpp
› Compiling react-native-reanimated Pods/RNReanimated » RecordPropertiesInterpolator.cpp
› Compiling react-native-reanimated Pods/RNReanimated » ReanimatedVersion.cpp
› Compiling react-native-reanimated Pods/RNReanimated » ReanimatedMountHook.cpp
› Compiling react-native-reanimated Pods/RNReanimated » ReanimatedModuleProxySpec.cpp
› Compiling react-native-reanimated Pods/RNReanimated » ReanimatedModuleProxy.cpp
› Compiling react-native-reanimated Pods/RNReanimated » ReanimatedModule.mm
› Compiling react-native-reanimated Pods/RNReanimated » ReanimatedCommitHook.cpp
› Compiling react-native-reanimated Pods/RNReanimated » RawProgressProvider.cpp
› Compiling react-native-reanimated Pods/RNReanimated » RNRuntimeDecorator.cpp
› Compiling react-native-reanimated Pods/RNReanimated » REASlowAnimations.mm
› Compiling react-native-reanimated Pods/RNReanimated » REANodesManager.mm
› Compiling react-native-reanimated Pods/RNReanimated » REAKeyboardEventObserver.mm
› Compiling react-native-reanimated Pods/RNReanimated » Quaternion.cpp
› Compiling react-native-reanimated Pods/RNReanimated » PropertyInterpolator.cpp
› Compiling react-native-reanimated Pods/RNReanimated » PropValueProcessor.cpp
› Compiling react-native-reanimated Pods/RNReanimated » PlatformDepMethodsHolderImpl.mm
› Compiling react-native-reanimated Pods/RNReanimated » NativeProxy.mm
› Compiling react-native-reanimated Pods/RNReanimated » LayoutAnimationsUtils.cpp
› Compiling react-native-reanimated Pods/RNReanimated » LayoutAnimationsProxy.cpp
› Compiling react-native-reanimated Pods/RNReanimated » LayoutAnimationsManager.cpp
› Compiling react-native-reanimated Pods/RNReanimated » InterpolatorRegistry.cpp
› Compiling react-native-reanimated Pods/RNReanimated » InterpolatorFactory.cpp
› Compiling react-native-reanimated Pods/RNReanimated » GroupPropertiesInterpolator.cpp
› Compiling react-native-reanimated Pods/RNReanimated » FeatureFlags.cpp
› Compiling react-native-reanimated Pods/RNReanimated » EasingFunctions.cpp
› Compiling react-native-reanimated Pods/RNReanimated » DelayedItemsManager.cpp
› Compiling react-native-reanimated Pods/RNReanimated » CSSValueVariant.cpp
› Compiling react-native-reanimated Pods/RNReanimated » CSSTransitionsRegistry.cpp
› Compiling react-native-reanimated Pods/RNReanimated » CSSTransitionConfig.cpp
› Compiling react-native-reanimated Pods/RNReanimated » CSSTransition.cpp
› Compiling react-native-reanimated Pods/RNReanimated » CSSNumber.cpp
› Compiling react-native-reanimated Pods/RNReanimated » CSSLength.cpp
› Compiling react-native-reanimated Pods/RNReanimated » CSSKeyword.cpp
› Compiling react-native-reanimated Pods/RNReanimated » CSSKeyframesRegistry.cpp
› Compiling react-native-reanimated Pods/RNReanimated » CSSKeyframesConfig.cpp
› Compiling react-native-reanimated Pods/RNReanimated » CSSDiscreteArray.cpp
› Compiling react-native-reanimated Pods/RNReanimated » CSSColor.cpp
› Compiling react-native-reanimated Pods/RNReanimated » CSSBoolean.cpp
› Compiling react-native-reanimated Pods/RNReanimated » CSSAnimationsRegistry.cpp
› Compiling react-native-reanimated Pods/RNReanimated » CSSAnimationConfig.cpp
› Compiling react-native-reanimated Pods/RNReanimated » CSSAnimation.cpp
› Compiling react-native-reanimated Pods/RNReanimated » CSSAngle.cpp
› Compiling react-native-reanimated Pods/RNReanimated » ArrayPropertiesInterpolator.cpp
› Compiling react-native-reanimated Pods/RNReanimated » AnimationProgressProvider.cpp
› Compiling react-native-reanimated Pods/RNReanimated » AnimatedSensorModule.cpp
› Compiling react-native-reanimated Pods/RNReanimated » AnimatedPropsRegistry.cpp
› Compiling react-native-gesture-handler Pods/RNGestureHandler » RNNativeViewHandler.mm
› Compiling react-native-gesture-handler Pods/RNGestureHandler » RNGestureHandlerRootViewComponentView.mm
› Compiling react-native-gesture-handler Pods/RNGestureHandler » RNGestureHandlerModule.mm
› Compiling react-native-gesture-handler Pods/RNGestureHandler » RNGestureHandlerManager.mm
› Compiling react-native-gesture-handler Pods/RNGestureHandler » RNGestureHandlerButtonManager.mm
› Compiling react-native-worklets Pods/RNWorklets » RNWorklets-dummy.m
› Compiling react-native-gesture-handler Pods/RNGestureHandler » RNGestureHandlerButtonComponentView.mm
› Packaging react-native-worklets Pods/RNWorklets » libRNWorklets.a
› Compiling react-native-gesture-handler Pods/RNGestureHandler » RNGestureHandlerButton.mm
› Compiling react-native-gesture-handler Pods/RNGestureHandler » RNGestureHandler.mm
› Compiling react-native-svg Pods/RNSVG » RNSVG-dummy.m
› Packaging react-native-svg Pods/RNSVG » libRNSVG.a
› Compiling react-native-gesture-handler Pods/RNGestureHandler » RNTapHandler.m
› Compiling react-native-gesture-handler Pods/RNGestureHandler » RNRotationHandler.m
› Compiling react-native-gesture-handler Pods/RNGestureHandler » RNRootViewGestureRecognizer.m
› Compiling react-native-gesture-handler Pods/RNGestureHandler » RNPinchHandler.m
› Compiling react-native-gesture-handler Pods/RNGestureHandler » RNPanHandler.m
› Compiling react-native-gesture-handler Pods/RNGestureHandler » RNManualHandler.m
› Compiling react-native-gesture-handler Pods/RNGestureHandler » RNManualActivationRecognizer.m
› Compiling react-native-gesture-handler Pods/RNGestureHandler » RNLongPressHandler.m
› Compiling react-native-gesture-handler Pods/RNGestureHandler » RNHoverHandler.m
› Compiling react-native-gesture-handler Pods/RNGestureHandler » RNGestureHandlerRegistry.m
› Compiling react-native-gesture-handler Pods/RNGestureHandler » RNGestureHandlerPointerTracker.m
› Compiling react-native-gesture-handler Pods/RNGestureHandler » RNGestureHandlerEvents.m
› Compiling react-native-gesture-handler Pods/RNGestureHandler » RNGHVector.m
› Compiling react-native-gesture-handler Pods/RNGestureHandler » RNGHStylusData.m
› Compiling @react-native-async-storage/async-storage Pods/RNCAsyncStorage » RNCAsyncStorage.mm

❌  (node_modules/@react-native-async-storage/async-storage/ios/RNCAsyncStorage.mm:507:5)

  505 | - (NSDictionary *)_ensureSetup
  506 | {
> 507 |     RCTAssertThread(RCTGetMethodQueue(), @"Must be executed on storage thread");
      |     ^ cast of C pointer type 'dispatch_queue_t' to Objective-C pointer type 'id' requires a bridged cast
  508 | 
  509 |     NSError *error = nil;
  510 |     if (!RCTHasCreatedStorageDirectory) {


❌  (node_modules/@react-native-async-storage/async-storage/ios/RNCAsyncStorage.mm:507:5)

  505 | - (NSDictionary *)_ensureSetup
  506 | {
> 507 |     RCTAssertThread(RCTGetMethodQueue(), @"Must be executed on storage thread");
      |     ^ cast of C pointer type 'dispatch_queue_t' to Objective-C pointer type 'NSString *' requires a bridged cast
  508 | 
  509 |     NSError *error = nil;
  510 |     if (!RCTHasCreatedStorageDirectory) {


❌  (node_modules/@react-native-async-storage/async-storage/ios/RNCAsyncStorage.mm:507:5)

  505 | - (NSDictionary *)_ensureSetup
  506 | {
> 507 |     RCTAssertThread(RCTGetMethodQueue(), @"Must be executed on storage thread");
      |     ^ cast of C pointer type 'dispatch_queue_t' to Objective-C pointer type 'id' requires a bridged cast
  508 | 
  509 |     NSError *error = nil;
  510 |     if (!RCTHasCreatedStorageDirectory) {


❌  (node_modules/@react-native-async-storage/async-storage/ios/RNCAsyncStorage.mm:507:5)

  505 | - (NSDictionary *)_ensureSetup
  506 | {
> 507 |     RCTAssertThread(RCTGetMethodQueue(), @"Must be executed on storage thread");
      |     ^ cast of C pointer type 'dispatch_queue_t' to Objective-C pointer type 'NSThread *' requires a bridged cast
  508 | 
  509 |     NSError *error = nil;
  510 |     if (!RCTHasCreatedStorageDirectory) {

› Compiling react-native-gesture-handler Pods/RNGestureHandler » RNForceTouchHandler.m
› Compiling react-native-gesture-handler Pods/RNGestureHandler » RNFlingHandler.m
› Compiling react-native-gesture-handler Pods/RNGestureHandler » RNGestureHandler-dummy.m
› Packaging react-native-gesture-handler Pods/RNGestureHandler » libRNGestureHandler.a
› Compiling react-native-reanimated Pods/RNReanimated » ReanimatedSensorContainer.m
› Compiling react-native-reanimated Pods/RNReanimated » ReanimatedSensor.m
› Compiling react-native-reanimated Pods/RNReanimated » RCTUIView+Reanimated.m
› Compiling react-native-reanimated Pods/RNReanimated » RNReanimated-dummy.m
› Packaging react-native-reanimated Pods/RNReanimated » libRNReanimated.a
› Signing   @rnmapbox/maps Pods/MapboxMaps » MapboxMaps.framework
› Creating  @rnmapbox/maps Pods/MapboxMaps » MapboxMaps.framework
    Run script build phase '[CP-User] Generate app.config for prebuilt Constants.manifest' will be run during every build because it does not specify any outputs. To address this issue, either add output dependencies to the script phase, or configure it to run in every build by unchecking "Based on dependency analysis" in the script phase. (in target 'EXConstants' from project 'Pods')
    Run script build phase '[CP-User] [RNDeps] Replace React Native Dependencies for the right configuration, if needed' will be run during every build because it does not specify any outputs. To address this issue, either add output dependencies to the script phase, or configure it to run in every build by unchecking "Based on dependency analysis" in the script phase. (in target 'ReactNativeDependencies' from project 'Pods')
    Run script build phase '[CP-User] [Hermes] Replace Hermes for the right configuration, if needed' will be run during every build because it does not specify any outputs. To address this issue, either add output dependencies to the script phase, or configure it to run in every build by unchecking "Based on dependency analysis" in the script phase. (in target 'hermes-engine' from project 'Pods')
    Run script build phase '[CP-User] [RNDeps] Replace React Native Core for the right configuration, if needed' will be run during every build because it does not specify any outputs. To address this issue, either add output dependencies to the script phase, or configure it to run in every build by unchecking "Based on dependency analysis" in the script phase. (in target 'React-Core-prebuilt' from project 'Pods')
    Run script build phase '[CP-User] [RN]Check FBReactNativeSpec' will be run during every build because it does not specify any outputs. To address this issue, either add output dependencies to the script phase, or configure it to run in every build by unchecking "Based on dependency analysis" in the script phase. (in target 'React-RCTFBReactNativeSpec' from project 'Pods')

› 4 error(s), and 5 warning(s)

CommandError: Failed to build iOS project. "xcodebuild" exited with error code 65.
