env: load .env
env: export EXPO_PUBLIC_SUPABASE_URL EXPO_PUBLIC_SUPABASE_ANON_KEY
› Planning build
› Preparing Pods/ExpoFileSystem-ExpoFileSystem_privacy » ResourceBundle-ExpoFileSystem_privacy-ExpoFileSystem-Info.plist
› Preparing expo-image Pods/SDWebImage-SDWebImage » ResourceBundle-SDWebImage-SDWebImage-Info.plist
› Preparing Pods/EXConstants-ExpoConstants_privacy » ResourceBundle-ExpoConstants_privacy-EXConstants-Info.plist
› Preparing Pods/RNSVG-RNSVGFilters » ResourceBundle-RNSVGFilters-RNSVG-Info.plist
› Preparing Pods/RNCAsyncStorage-RNCAsyncStorage_resources » ResourceBundle-RNCAsyncStorage_resources-RNCAsyncStorage-Info.plist
› Executing react-native Pods/hermes-engine » [CP-User] [Hermes] Replace Hermes for the right configuration, if needed
› Executing react-native Pods/ReactNativeDependencies » [CP-User] [RNDeps] Replace React Native Dependencies for the right configuration, if needed
› Preparing expo-constants Pods/EXConstants-EXConstants » ResourceBundle-EXConstants-EXConstants-Info.plist
› Preparing Pods/react-native-maps-ReactNativeMapsPrivacy » ResourceBundle-ReactNativeMapsPrivacy-react-native-maps-Info.plist
› Preparing Pods/React-Core-React-Core_privacy » ResourceBundle-React-Core_privacy-React-Core-Info.plist
› Preparing Pods/React-cxxreact-React-cxxreact_privacy » ResourceBundle-React-cxxreact_privacy-React-cxxreact-Info.plist
› Executing react-native Pods/React-Core-prebuilt » [CP-User] [RNDeps] Replace React Native Core for the right configuration, if needed
› Preparing Pods/MapboxMaps-MapboxMapsResources » ResourceBundle-MapboxMapsResources-MapboxMaps-Info.plist
› Preparing @rnmapbox/maps Pods/MapboxMaps » MapboxMaps-Info.plist
› Copying   @rnmapbox/maps MapboxMaps/MapboxMaps.framework/MapboxMapsResources.bundle ➜ MapboxMaps/MapboxMapsResources.bundle
› Linking   @rnmapbox/maps Pods/MapboxMaps » MapboxMaps
› Executing react-native Pods/React-Core-prebuilt » [CP] Copy XCFrameworks
› Executing react-native Pods/React-RCTFBReactNativeSpec » [CP-User] [RN]Check FBReactNativeSpec
› Compiling react-native-webview Pods/react-native-webview » RNCWebViewModule.mm

❌  (ios/Pods/Headers/Public/React-Core/React/RCTBridgeModule.h:164:1)

  162 |  * Example: dispatch_async(dispatch_get_main_queue, ^{ ... });
  163 |  */
> 164 | @property (nonatomic, strong, readonly) dispatch_queue_t methodQueue RCT_DEPRECATED;
      | ^ property with 'retain ' attribute must be of object type
  165 | 
  166 | /**
  167 |  * Wrap the parameter line of your method implementation with this macro to

› Compiling @rnmapbox/maps Pods/rnmapbox-maps » RNMBXImagesComponentView.mm
› Compiling @rnmapbox/maps Pods/rnmapbox-maps » RNMBXImageSourceComponentView.mm
› Compiling @rnmapbox/maps Pods/rnmapbox-maps » RNMBXImageComponentView.mm
› Compiling @rnmapbox/maps Pods/rnmapbox-maps » RNMBXFillLayerComponentView.mm
› Compiling @rnmapbox/maps Pods/rnmapbox-maps » RNMBXFillExtrusionLayerComponentView.mm
› Compiling @rnmapbox/maps Pods/rnmapbox-maps » RNMBXCustomLocationProviderComponentView.mm
› Compiling @rnmapbox/maps Pods/rnmapbox-maps » RNMBXCircleLayerComponentView.mm
    Run script build phase '[CP-User] Generate app.config for prebuilt Constants.manifest' will be run during every build because it does not specify any outputs. To address this issue, either add output dependencies to the script phase, or configure it to run in every build by unchecking "Based on dependency analysis" in the script phase. (in target 'EXConstants' from project 'Pods')
    Run script build phase '[CP-User] [Hermes] Replace Hermes for the right configuration, if needed' will be run during every build because it does not specify any outputs. To address this issue, either add output dependencies to the script phase, or configure it to run in every build by unchecking "Based on dependency analysis" in the script phase. (in target 'hermes-engine' from project 'Pods')
    Run script build phase '[CP-User] [RNDeps] Replace React Native Dependencies for the right configuration, if needed' will be run during every build because it does not specify any outputs. To address this issue, either add output dependencies to the script phase, or configure it to run in every build by unchecking "Based on dependency analysis" in the script phase. (in target 'ReactNativeDependencies' from project 'Pods')
    Run script build phase '[CP-User] [RNDeps] Replace React Native Core for the right configuration, if needed' will be run during every build because it does not specify any outputs. To address this issue, either add output dependencies to the script phase, or configure it to run in every build by unchecking "Based on dependency analysis" in the script phase. (in target 'React-Core-prebuilt' from project 'Pods')
    Run script build phase '[CP-User] [RN]Check FBReactNativeSpec' will be run during every build because it does not specify any outputs. To address this issue, either add output dependencies to the script phase, or configure it to run in every build by unchecking "Based on dependency analysis" in the script phase. (in target 'React-RCTFBReactNativeSpec' from project 'Pods')

› 1 error(s), and 5 warning(s)

CommandError: Failed to build iOS project. "xcodebuild" exited with error code 65.
