env: load .env
env: export EXPO_PUBLIC_SUPABASE_URL EXPO_PUBLIC_SUPABASE_ANON_KEY
› Planning build
› Preparing Pods/React-Core-React-Core_privacy » ResourceBundle-React-Core_privacy-React-Core-Info.plist
› Preparing Pods/react-native-maps-ReactNativeMapsPrivacy » ResourceBundle-ReactNativeMapsPrivacy-react-native-maps-Info.plist
› Preparing expo-image Pods/SDWebImage-SDWebImage » ResourceBundle-SDWebImage-SDWebImage-Info.plist
› Preparing Pods/React-cxxreact-React-cxxreact_privacy » ResourceBundle-React-cxxreact_privacy-React-cxxreact-Info.plist
› Preparing Pods/RNSVG-RNSVGFilters » ResourceBundle-RNSVGFilters-RNSVG-Info.plist
› Preparing Pods/EXConstants-ExpoConstants_privacy » ResourceBundle-ExpoConstants_privacy-EXConstants-Info.plist
› Preparing Pods/RNCAsyncStorage-RNCAsyncStorage_resources » ResourceBundle-RNCAsyncStorage_resources-RNCAsyncStorage-Info.plist
› Preparing Pods/ExpoFileSystem-ExpoFileSystem_privacy » ResourceBundle-ExpoFileSystem_privacy-ExpoFileSystem-Info.plist
› Executing react-native Pods/hermes-engine » [CP-User] [Hermes] Replace Hermes for the right configuration, if needed
› Executing react-native Pods/ReactNativeDependencies » [CP-User] [RNDeps] Replace React Native Dependencies for the right configuration, if needed
› Preparing expo-constants Pods/EXConstants-EXConstants » ResourceBundle-EXConstants-EXConstants-Info.plist
    Run script build phase '[CP-User] [RNDeps] Replace React Native Core for the right configuration, if needed' will be run during every build because it does not specify any outputs. To address this issue, either add output dependencies to the script phase, or configure it to run in every build by unchecking "Based on dependency analysis" in the script phase. (in target 'React-Core-prebuilt' from project 'Pods')
› Executing react-native Pods/React-Core-prebuilt » [CP-User] [RNDeps] Replace React Native Core for the right configuration, if needed
› Preparing Pods/MapboxMaps-MapboxMapsResources » ResourceBundle-MapboxMapsResources-MapboxMaps-Info.plist
› Preparing @rnmapbox/maps Pods/MapboxMaps » MapboxMaps-Info.plist
› Signing   @rnmapbox/maps Pods/MapboxMaps » MapboxMaps.framework
    Run script build phase '[CP-User] [RN]Check FBReactNativeSpec' will be run during every build because it does not specify any outputs. To address this issue, either add output dependencies to the script phase, or configure it to run in every build by unchecking "Based on dependency analysis" in the script phase. (in target 'React-RCTFBReactNativeSpec' from project 'Pods')
› Executing react-native Pods/React-RCTFBReactNativeSpec » [CP-User] [RN]Check FBReactNativeSpec
› Compiling react-native-maps Pods/react-native-maps » AIRMapCalloutManager.m
› Compiling @rnmapbox/maps Pods/rnmapbox-maps » RNMBXViewportModule.mm
› Compiling @rnmapbox/maps Pods/rnmapbox-maps » RNMBXVectorSourceComponentView.mm
› Compiling @rnmapbox/maps Pods/rnmapbox-maps » RNMBXViewportComponentView.mm
› Packaging moodmap Pods/ReactCodegen » libReactCodegen.a

❌  fatal error: /Applications/Xcode.app/Contents/Developer/Toolchains/XcodeDefault.xctoolchain/usr/bin/libtool: can't write to output file (No space left on device)


› Compiling @rnmapbox/maps Pods/rnmapbox-maps » RNMBXViewResolver.mm
› Compiling @rnmapbox/maps Pods/rnmapbox-maps » RNMBXTerrainComponentView.mm
› Compiling @rnmapbox/maps Pods/rnmapbox-maps » RNMBXSymbolLayerComponentView.mm
› Packaging react-native-maps Pods/react-native-maps » libreact-native-maps.a
    Run script build phase '[CP-User] Generate app.config for prebuilt Constants.manifest' will be run during every build because it does not specify any outputs. To address this issue, either add output dependencies to the script phase, or configure it to run in every build by unchecking "Based on dependency analysis" in the script phase. (in target 'EXConstants' from project 'Pods')
    Run script build phase '[CP-User] [Hermes] Replace Hermes for the right configuration, if needed' will be run during every build because it does not specify any outputs. To address this issue, either add output dependencies to the script phase, or configure it to run in every build by unchecking "Based on dependency analysis" in the script phase. (in target 'hermes-engine' from project 'Pods')
    Run script build phase '[CP-User] [RNDeps] Replace React Native Dependencies for the right configuration, if needed' will be run during every build because it does not specify any outputs. To address this issue, either add output dependencies to the script phase, or configure it to run in every build by unchecking "Based on dependency analysis" in the script phase. (in target 'ReactNativeDependencies' from project 'Pods')

› 1 error(s), and 5 warning(s)

CommandError: Failed to build iOS project. "xcodebuild" exited with error code 65.
rs.cpp
› Compiling moodmap Pods/ReactCodegen » EventEmitters.cpp
› Compiling moodmap Pods/ReactCodegen » EventEmitters.cpp
› Compiling moodmap Pods/ReactCodegen » EventEmitters.cpp
› Compiling moodmap Pods/ReactCodegen » EventEmitters.cpp
› Compiling moodmap Pods/ReactCodegen » EventEmitters.cpp
› Compiling moodmap Pods/ReactCodegen » ComponentDescriptors.cpp
› Compiling moodmap Pods/ReactCodegen » ComponentDescriptors.cpp
› Compiling moodmap Pods/ReactCodegen » ComponentDescriptors.cpp
› Compiling moodmap Pods/ReactCodegen » ComponentDescriptors.cpp
› Compiling moodmap Pods/ReactCodegen » ComponentDescriptors.cpp
› Compiling moodmap Pods/ReactCodegen » ComponentDescriptors.cpp
› Compiling react-native-maps Pods/react-native-maps » RCTComponentData+Maps.m
› Compiling react-native-maps Pods/react-native-maps » AIRMapWMSTileManager.m
› Compiling react-native-maps Pods/react-native-maps » AIRMapUrlTileManager.m
› Compiling react-native-maps Pods/react-native-maps » AIRMapPolylineManager.m
› Compiling react-native-maps Pods/react-native-maps » AIRMapPolygonManager.m
› Compiling react-native-maps Pods/react-native-maps » AIRMapOverlayManager.m
› Compiling react-native-maps Pods/react-native-maps » AIRMapMarkerManager.m
› Compiling react-native-maps Pods/react-native-maps » AIRMapOverlay.m
› Compiling react-native-maps Pods/react-native-maps » AIRMapMarker.m
› Compiling react-native-maps Pods/react-native-maps » AIRMapManager.m
› Packaging moodmap Pods/ReactCodegen » libReactCodegen.a

❌  fatal error: /Applications/Xcode.app/Contents/Developer/Toolchains/XcodeDefault.xctoolchain/usr/bin/libtool: can't write to output file (No space left on device)


› Compiling react-native-maps Pods/react-native-maps » AIRMapLocalTileManager.m
› Compiling react-native-maps Pods/react-native-maps » AIRMapCircleManager.m
› Compiling react-native-maps Pods/react-native-maps » AIRMapCalloutSubviewManager.m
› Compiling react-native-maps Pods/react-native-maps » AIRMapCalloutSubview.m
› Compiling @rnmapbox/maps Pods/rnmapbox-maps » RNMBXViewportModule.mm
› Compiling @rnmapbox/maps Pods/rnmapbox-maps » RNMBXViewportComponentView.mm
› Compiling @rnmapbox/maps Pods/rnmapbox-maps » RNMBXViewResolver.mm
› Compiling @rnmapbox/maps Pods/rnmapbox-maps » RNMBXVectorSourceComponentView.mm
› Compiling @rnmapbox/maps Pods/rnmapbox-maps » RNMBXTerrainComponentView.mm
› Compiling @rnmapbox/maps Pods/rnmapbox-maps » RNMBXSymbolLayerComponentView.mm
    Run script build phase '[CP-User] Generate app.config for prebuilt Constants.manifest' will be run during every build because it does not specify any outputs. To address this issue, either add output dependencies to the script phase, or configure it to run in every build by unchecking "Based on dependency analysis" in the script phase. (in target 'EXConstants' from project 'Pods')
    Run script build phase '[CP-User] [RNDeps] Replace React Native Dependencies for the right configuration, if needed' will be run during every build because it does not specify any outputs. To address this issue, either add output dependencies to the script phase, or configure it to run in every build by unchecking "Based on dependency analysis" in the script phase. (in target 'ReactNativeDependencies' from project 'Pods')

› 1 error(s), and 5 warning(s)

CommandError: Failed to build iOS project. "xcodebuild" exited with error code 65.
