--- Page 0 (PDF Text) ---
Petit-Déjeuner
servi de 8h à 11h
Formules
Petit Déjeuner Express
EXPRESSO MASSAYA BIO + CROISSANT
4,50 EUR
Petit Déjeuner Parisien
JUS D’ORANGE 15cl ou PAMPLEMOUSSE FRAIS PRESSÉ + BOISSON CHAUDE (double
expresso Massaya bio, thé ou chocolat chaud) + CROISSANT ou PAIN AU CHOCOLAT
7,50 EUR
Petit Déjeuner La Coupole
JUS D’ORANGE ou PAMPLEMOUSSE FRAIS PRESSÉ 15cl + BOISSON CHAUDE (double
expresso Massaya bio, thé ou chocolat chaud) + BAGUETTE TRADITION beurre,
confiture + CROISSANT ou PAIN AU CHOCOLAT+ ŒUF À LA COQUE mouillettes de
pain de campagne
13,50 EUR
A la carte
B A G U E T T E T R A D I T I O N
beurre, confiture
2,50 EUR
C R O I S S A N T O U P A I N A U C H O C O L A T
2,50 EUR
O E U F À L A C O Q U E
4,00 EUR
O M E L E T T E O U O E U F S B R O U I L L É S
8,00 EUR
S U P P L É M E N T F R O M A G E O U B A C O N
1,50 EUR
Jus de fruits
*Pur jus, **à base de concentré, ***nectar
J U S D E F R U I T S F R A I S P R E S S E S
Orange, pamplemousse
6,80 EUR20 cl
J U S E T N E C T A R S D E F R U I T S
Jus d’orange, jus de pomme, jus de tomate, jus d’ananas, nectar de fraise, nectar d’abricot
7,20 EUR25 cl
BOISSONS CHAUDES
E X P R E S S O M A S S A Y A B I O , D É C A F É I N É
3,50 EUR
T H É S , I N F U S I O N S A N G E L I N A

--- Page 1 (PDF Text) ---
Thé Breakfast, thé Earl Grey, thé Darjeeling, thé Vert Menthe, thé Vert Jasmin, thé
Mélange Spécial Angelina, infusion Verveine, infusion Tilleul Menthe
5,50 EUR
C H O C O L A T C H A U D V A L R H O N A , C A F É C R È M E
5,50 EUR
C A P P U C C I N O , C A F É O U C H O C O L A T V I E N N O I S
6,90 EUR
MENU BOULEVARD
Entrée + plat ou plat + dessert
19,90 EUR
entrée
L E S Œ U F S M A Y O N N A I S E D E L A C O U P O L E
P O I R E A U X V I N A I G R E T T E
croûtons dorés
V E L O U T É F R A I S D E P E T I T S P O I S
plat
C U R R Y D E V O L A I L L E
riz basmati
F I L E T D E M A Q U E R E A U À L A S A U C E S O U B I S E
piperade, pistou de roquette
S U G G E S T I O N D U C H E F
dessert
M O U S S E A U C H O C O L A T
C R U M B L E A U X F R U I T S D E S A I S O N
S U G G E S T I O N D U C H E F
Prix nets en euros, service compris. 09/25 Valable tous les midis, hors jours féries et week-end,
boisson non comprise.
Carte
Nos Plateaux de fruits de mer
D E G U S T A T I O N D ' H U I T R E S
4 Creuses de Bretagne Belondine Cadoret n°4, 4 Fines de Claire Breuil n°4, 4 Spéciales
Ancelin n°5
29,50 EUR
G R A N D C R U
3 Spéciales Saint-Vaast La Tatihou n°3, 3 Belles de Quiberon Henry n°3, 3 Spéciales
Exquise Poget n°2, 3 Spéciales L’Étoile KYS Marine n°3
39,50 EUR
C O U P O L E
3 Creuses de Bretagne Belondine Cadoret n°4, 3 Fines de Claire Breuil n°4, 3 Spéciales
Saint-Vaast La Tatihou n°3, 2 amandes, 2 palourdes, 3 crevettes roses bio de Madagascar,
crevettes grises, bulots, vignots
49,50 EUR

--- Page 2 (PDF Text) ---
C R U S T A C E S
Demi-homard*, demi-tourteau, 3 langoustines, 3 crevettes roses bio de Madagascar,
crevettes grises
59,50 EUR
S I G N A T U R E
3 Fines de Claire Breuil n°3, 3 Belles de Quiberon Henry n°3, 3 Spéciales Gillardeau n°3,
demi-tourteau, 2 langoustines, 2 amandes, 2 palourdes, 3 crevettes roses bio de
Madagascar, crevettes grises, bulots, vignots
67,50 EUR
R O Y A L
2 Spéciales Exquise Poget n°2, 2 Spéciales L'Etoile KYS Marine n°3, 2 Spéciales Gillardeau
n°3, 2 Plates du Belon Cadoret G, demi-homard*, demi-tourteau, 3 langoustines, 3
amandes, 3 palourdes, 3 crevettes roses bio de Madagascar, crevettes grises, bulots,
vignots
89,50 EUR
Bar à huîtres
Bretagne
C R E U S E S D E B R E T A G N E B E L O N D I N E C A D O R E T N ° 4
6,60 EURPar 3
13,20 EURPar 6
19,80 EURPar 9
B E L L E S D E Q U I B E R O N H E N R Y N ° 3
9,00 EURPar 3
18,00 EURPar 6
27,00 EURPar 9
P L A T E S D U B E L O N C A D O R E T G
11,70 EURPar 3
23,40 EURPar 6
35,10 EURPar 9
S P E C I A L E S L ’ É T O I L E K Y S M A R I N E N ° 3
11,70 EURPar 3
23,40 EURPar 6
S P E C I A L E S L ’ É T O I L E K Y S M A R I N E N ° 9
35,10 EURPar 9
Charente-Maritime
F I N E S D E C L A I R E B R E U I L N ° 4
6,90 EURPar 3
13,80 EURPar 6
20,70 EURPar 9
F I N E S D E C L A I R E B R E U I L N ° 3
8,70 EURPar 3
17,40 EURPar 6
26,10 EURPar 9
S P E C I A L E S A N C E L I N N ° 5
9,60 EURPar 3
19,20 EURPar 6
28,80 EURPar 9
S P E C I A L E S E X Q U I S E P O G E T N ° 2
11,70 EURPar 3

--- Page 3 (PDF Text) ---
23,40 EURPar 6
35,10 EURPar 9
Normandie
S P E C I A L E S S A I N T - V A A S T L A T A T I H O U N ° 3
7,80 EURPar 3
15,60 EURPar 6
23,40 EURPar 9
Gillardeau
S P E C I A L E S G I L L A R D E A U N ° 3
11,40 EURPar 3
22,80 EURPar 6
34,20 EURPar 9
HUÎTRES DE SAISON
Demandez à votre Maître d’Hôtel
Coquillages & Crustacés
A M A N D E S
6,60 EURLes 6
P A L O U R D E S
14,40 EURLes 6
V I G N O T S
9,00 EURenv 200g
B U L O T S C U I T S D A N S U N B O U I L L O N M A I S O N
14,00 EUREnv 300g
C R E V E T T E S G R I S E S
9,00 EUREnv 150g
C R E V E T T E S R O S E S B I O D E M A D A G A S C A R
19,50 EURLes 8
L A N G O U S T I N E S
29,50 EURLes 5
D E M I T O U R T E A U
12,50 EUR
T O U R T E A U E N T I E R
25,00 EURenv 500g
D E M I - H O M A R D F R O I D
22,50 EUR
H O M A R D F R O I D
45,00 EURenv 550 g
Hors d'oeuvre
O E U F S M A Y O N N A I S E D E L A C O U P O L E
Macédoine de légumes
8,50 EUR
R A V I O L E S D U D A U P H I N E L A B E L R O U G E
Crème de parmesan
9,50 EUR
M O U L E S G R A T I N E E S
Au beurre persillé
10,50 EUR

--- Page 4 (PDF Text) ---
S O U P E A L ' O I G N O N G R A T I N E E A L A P A R I S I E N N E
11,50 EUR
S A L A D E D E H A R I C O T S V E R T S
Sauce tonnato, noisettes, parmesan
12,50 EUR
G R O S E S C A R G O T S D E B O U R G O G N E L A B E L R O U G E
12,50 EURLes 6
B U R R A T A D E S P O U I L L E S
Compotée d'aubergine et poivron, pesto
14,50 EURLes 6
C R E V E T T E S C O C K T A I L S
Avocat, romaine, oeufs de truite
15,50 EUR
T A R T A R E D E T H O N
tomates cerises, olives, petits pois, concombre
16,50 EUR
P A T E - C R O U T E D E C A N A R D F R A N Ç A I S
Pistaches, champignons, mesclun
17,50 EUR
C A R P A C C I O D E B A R
Citron kalamansi, pickles de moutarde
18,50 EUR
R A V I O L E D E L A N G O U S T I N E S
Ricotta, petits pois, coques, émulsion crustacés
19,50 EUR
F O I S G R A S D E C A N A R D F R A N Ç A I S M I C U I T A U G E W U R Z T R A M I N E R
Chutney de fruits
23,50 EUR
C A V I A R B A E R I F R A N Ç A I S D U S U D O U E S T ( 3 0 G )
Crème d'Isigny AOP, blini maison
69,00 EUR
Choucroutes
Notre choucroute d'Alsace IGP est cuisinée maison selon la tradition : oignons confits
au saindoux, genièvre, coriandre, cumin
C H O U C R O U T E S T R A S B O U R G E O I S E
Echine, poitrine fumée, saucisse blanche, saucisse au cumin, knack
24,50 EUR
C H O U C R O U T E D E L A C O U P O L E
Jarret de porc demi-sel, échine, poitrine fumée, saucisse blanche, saucisse au cumin,
knack
29,50 EUR
C H O U C R O U T E D E L A M E R
Bar, saumon d’Écosse, haddock, langoustine, beurre blanc
31,50 EUR
C H O U C R O U T E R O Y A L E D E L A M E R
Demi-homard*, bar, saumon d’Écosse, haddock, langoustine, beurre blanc
39,50 EUR
Viandes

--- Page 5 (PDF Text) ---
A N D O U I L L E T T E A A A A A
Sauce moutarde à l'ancienne, frites maison
19,50 EUR
S U P R E M E D E V O L A I L L E F R A N Ç A I S E A U X M O R I L L E S
Purée de pommes de terre au beurre
23,50 EUR
F O I E D E V E A U E N P E R S I L L A D E
Sauce balsamique, échalotes confites, purée de pommes de terre au beurre
24,50 EUR
E C H I N E D E C O C H O N C O N F I T E
Compotée d'aubergine et poivron
27,50 EUR
C U R R Y D ' A G N E A U A L ' I N D I E N N E S E R V I D E P U I S 1 9 2 7
29,50 EUR
T A R T A R E D E B O E U F D E R A C E N O R M A N D E
Frites maison
19,50 EUR
N O I X D ' E N T R E C O T E D ' A R G E N T I N E ( E N V 3 5 0 G ) B E A R N A I S E
Frites maison
35,50 EUR
F I L E T D E B O E U F A U P O I V R E ( E N V 2 0 0 G )
Frites maison
39,50 EUR
B E L L E G O U G E R E A U X C H A M P I G N O N S
Sauce mimolette, fricassée de champignons, épinards frais, parmesan
19,50 EUR
S A L A D E C E S A R
Suprême de volaille française rôti, romaine, sauce César maison, parmesan
19,50 EUR
Poissons
M O U L E S A U P E T I T C H A B L I S F R I T E S M A I S O N
19,50 EUR
M E R L A N C O L B E R T F R I T M I N U T E
Sauce tartare, frites maison
23,50 EUR
T A R T A R E D E S A U M O N D ' E C O S S E
Frites maison
25,50 EUR
T H O N M I C U I T
Sauce vierge, purée de pommes de terre au beurre
26,50 EUR
A I L E D E R A I E A L A G R E N O B L O I S E
Beurre de câpres, purée de pommes de terre au beurre
28,50 EUR
G R A N D A Ï O L I D E C A B I L L A U D
Oeuf plein air, bulot, carotte, fenouil, pomme de terre
28,50 EUR
F I L E T D E B A R R O T I
Risotto au safran, marinière de coques

--- Page 6 (PDF Text) ---
29,50 EUR
B E L L E S O L E D E N O S C O T E S F R A N Ç A I S E S
(env. 400-500g)
Meunière ou plancha, épinards frais
52,50 EUR
H O M A R D * E N T I E R A L A P A R I S I E N N E
Oeuf mimosa, macédoine de légumes
49,50 EUR
H O M A R D * E N T I E R R O T I A U B E U R R E D E M I S E L
Béarnaise, frites maison
49,50 EUR
Desserts & Glaces
C R O T T I N D E C H A V I G N O L
Pain grillé
10,50 EUR
C R E M E B R U L E E A L A V A N I L L E B O U R B O N
8,50 EUR
Î L E F L O T T A N T E
Amandes, caramel beurre salé
9,50 EUR
F O N T A I N E B L E A U A U X F R A I S E S R O T I E S
Crumble
10,50 EUR
M O U S S E T I E D E S O U F F L E E A U C H O C O L A T M I N U T E
Crème glacée à la vanille Procopio
11,50 EUR
M I L L E F E U I L L E B R A S S E R I E
Crème à la vanille Bourbon
11,50 EUR
B A B A A U R H U M A M B R E
Crème fouettée .
11,50 EUR
T A R T E A M A N D I N E A U X F R U I T S D E S A I S O N
Selon la saison : fraise, framboise, figue, abricot...
11,50 EUR
P A V L O V A A U X F R U I T S R O U G E S
Crème fouettée mascarpone
12,50 EUR
C O U P E D E F R A M B O I S E S F R A I C H E S
Crème fouettée mascarpone, tuile croustillante
12,50 EUR
C R E P E S S U Z E T T E F L A M B E E S A U G R A N D M A R N I E R C O R D O N R O U G E
13,50 EUR
C A F E G O U R M A N D
11,50 EUR
C O U P E D E F R A I S E M E L B A
Sorbet fraise, crème glacée à la vanille Procopio, fraises fraîches, coulis de fraise, crème
fouettée, tuile croustillante
15,50 EUR

--- Page 7 (PDF Text) ---
P R O F I T E R O L E S A U C H O C O L A T C H A U D
crème glacée à la vanille Procopio, amandes caramélisées
13,50 EUR
Glacier PROCOPIO depuis 1686
Sélection de crèmes glacées et sorbets du célèbre glacier de Saint-Germain-des-Prés,
Le Procope
A U C H O I X
Une boule généreuse d'un parfum ou deux boules de parfums différents Toutes nos
glaces sont accompagnées de crème fouettée
12,50 EUR
P I S T A C H E D E S I C I L E
Pure pâte de pistache de Sicile
C A F E P R O C O P I O
Infusion de café torréfié 100% arabica
C H O C O L A T M A C A E
Chocolat 62% de cacao
N O I S E T T E D U P I E M O N T
Pure pâte de noisettes Tonda du Piémont
F R A I S E
Purée de fraises françaises
C I T R O N D E S I C I L E I G P
Purée de citron de Sicile
V A N I L L E P R O C O P I O
Double infusion de vanilles de Tahiti et Madagascar
Coupes de glace
C O U P E F R A I S E M E L B A
Sorbet fraise, crème glacée à la vanille Procopio, fraises fraîches, coulis de fraise, crème
fouettée, tuile croustillante
15,50 EUR
C O U P E P R A L I N A T O
Glaces noisette du Piémont et pistache de Sicile, praliné, noisettes et pistaches
caramélisées, biscuit amaretto, crème fouettée, tuile croustillante
15,50 EUR
C O U P E L I M O N C E L L O
Sorbet citron de Sicile IGP, mini baba au limoncello, zestes de citron, crème fouettée, tuile
croustillante
15,50 EUR
Carte des Vins
Vins au verre et en Carafe
VINS BLANCS AOP
Alsace Maison Gustave Lorentz
P I N O T B L A N C " L ’ A M I D E S C R U S T A C E S "
7,00 EUR13 cl
13,00 EUR25 cl

--- Page 8 (PDF Text) ---
24,50 EUR50 cl
R I E S L I N G G R A N D C R U " A L T E N B E R G D E B E R G H E I M " ( V I N
B I O L O G I Q U E )
12,00 EUR13 cl
22,00 EUR25 cl
42,00 EUR50 cl
Bourgogne
C H A B L I S " G R A N D E C U V E E " L A C H A B L I S I E N N E
11,50 EUR13 cl
21,50 EUR25 cl
40,50 EUR50 cl
Beaujolais
B E A U J O L A I S C H A R D O N N A Y " L A N C I E " D O M A I N E D E S N U G U E S
8,00 EUR13 cl
14,50 EUR25 cl
28,00 EUR50 cl
Vallée De La Loire
M U S C A D E T S E V R E - E T - M A I N E " C L O S D U F E R R E "
Domaine David (vin biologique)
6,50 EUR13 cl
11,50 EUR25 cl
21,50 EUR50 cl
S A N C E R R E " S I G N A T U R E "
Pascal Jolivet
12,50 EUR13 cl
22,50 EUR25 cl
43,00 EUR50 cl
Provence
C O T E S D E P R O V E N C E " P R E S T I G E "
Minuty
10,00 EUR13 cl
18,50 EUR25 cl
35,00 EUR50 cl
Liquoreux
S A U T E R N E S " L A C H A R T R E U S E D E C O U T E T "
2nd Vin du Château Coutet
11,00 EUR13 cl
20,00 EUR25 cl
38,50 EUR50 cl
Vin Blanc D’exception AOP
P O U I L L Y - F U M E
Domaine de Ladoucette 2024
18,00 EUR13 cl
34,00 EUR25 cl
66,00 EUR50 cl
VINS ROSÉS AOP
Provence

--- Page 9 (PDF Text) ---
C O T E S D E P R O V E N C E " L E S C O M M A N D E U R S "
Peyrassol (vin biologique)
8,50 EUR13 cl
15,50 EUR25 cl
30,00 EUR50 cl
C O T E S D E P R O V E N C E " P R E S T I G E "
Minuty
10,00 EUR13 cl
18,50 EUR25 cl
35,00 EUR50 cl
VINS ROUGES AOP
Alsace
P I N O T N O I R “ L E S P R I N C E S A B B E S "
Domaines Schlumberger
11,00 EUR13 cl
20,00 EUR25 cl
38,50 EUR50 cl
Bourgogne
B O U R G O G N E H A U T E S - C O T E S D E B E A U N E
Billard Père Et Fils
12,00 EUR13 cl
22,00 EUR25 cl
42,00 EUR50 cl
Beaujolais
B R O U I L L Y " M A R Q U I S A T "
Château des Ravatys (vin biologique)
7,00 EUR13 cl
13,00 EUR25 cl
24,50 EUR50 cl
Vallée Du Rhône
C O T E S - D U - R H O N E
Domaine de Verquière (vin biologique)
6,50 EUR13 cl
11,50 EUR25 cl
21,50 EUR50 cl
Bordeaux
P E S S A C - L E O G N A N
Château Lafont Menaut
10,00 EUR13 cl
18,50 EUR25 cl
35,00 EUR50 cl
P U I S S E G U I N S A I N T - É M I L I O N
Château des Laurets
12,00 EUR13 cl
22,00 EUR25 cl
42,00 EUR50 cl
Vallée De La Loire

--- Page 10 (PDF Text) ---
S A U M U R - C H A M P I G N Y " L A U R I G I N E "
Domaine des Varinelles (vin biologique)
8,00 EUR13 cl
14,50 EUR25 cl
28,00 EUR50 cl
VIN ROUGE D’EXCEPTION AOP
S A I N T - É M I L I O N G R A N D C R U " C R O I X C A N O N "
Château Canon 2017
18,00 EUR13 cl
34,00 EUR25 cl
66,00 EUR50 cl
Magnums AOP
Vin Blanc
C H A B L I S
Domaine Garnier
98,00 EUR150 cl
Vin Rosé
C O T E S D E P R O V E N C E
Minuty Prestige
96,00 EUR150 cl
Vins Rouges
B E A U J O L A I S - V I L L A G E S
Domaine Des Nugues
64,00 EUR150 cl
S A I N T - J O S E P H
Domaine Faury
98,00 EUR150 cl
VINS BLANCS
Vin de France
C H A R D O N N A Y " R E I N E D E S P R E S "
(Vin Biologique)
49,00 EUR75 cl
Alsace AOP
P I N O T B L A N C " L ’ A M I D E S C R U S T A C E S "
Gustave Lorentz
35,00 EUR75 cl
R I E S L I N G " C U V E E P A R T I C U L I E R E "
Gustave Lorentz
38,00 EUR75 cl
R I E S L I N G G R A N D C R U " S A E R I N G "
Domaines Schlumberger
50,00 EUR75 cl
R I E S L I N G G R A N D C R U " A L T E N B E R G D E B E R G H E I M "
Gustave Lorentz (Vin Biologique)
60,00 EUR75 cl
G E W U R Z T R A M I N E R " L E S P R I N C E S A B B E S "
Domaines Schlumberger

--- Page 11 (PDF Text) ---
43,00 EUR75 cl
Bourgogne AOP
B O U R G O G N E C H A R D O N N A Y
Domaine Paquet (Vin Biologique)
44,00 EUR75 cl
B O U Z E R O N
Domaine de La Monette (vin biologique)
56,00 EUR75 cl
C H A B L I S " G R A N D E C U V E E "
La Chablisienne
58,00 EUR75 cl
C H A B L I S P R E M I E R C R U " M O N T S D E M I L I E U "
Drouhin Vaudon 2023
88,00 EUR75 cl
C H A B L I S G R A N D C R U " L E S V A U D E S I R S "
Domaine Long-Depaquit 2022
166,00 EUR75 cl
S A I N T - V E R A N " V I E I L L E S V I G N E S "
Domaine Chardigny (Vin Biologique)
59,00 EUR75 cl
P O U I L L Y - F U I S S E
Domaine Auvigue 2023 (Vin Biologique)
64,00 EUR75 cl
M O N T A G N Y " L E S C E N T P I E C E S "
Domaine Faiveley 2023
68,00 EUR75 cl
B O U R G O G N E A L I G O T E
Jean Marc Roulot
70,00 EUR75 cl
M E R C U R E Y " L E S M A R G O T O N S "
Domaine Du Cellier Aux Moines 2023 (Vin Biologique)
72,00 EUR75 cl
L A D O I X
Domaine Chevalier 2023
82,00 EUR75 cl
S A N T E N A Y " C L O S D E M A L T E "
Louis Jadot 2023
84,00 EUR75 cl
S A I N T - A U B I N P R E M I E R C R U " L E C H A R M O I S "
Au Pied Du Mont Chauve 2020
106,00 EUR75 cl
M E U R S A U L T " L E S C H E V A L I E R E S "
Xavier Monnot 2023
126,00 EUR75 cl
P U L I G N Y - M O N T R A C H E T " C U V E E D E M A I Z I E R E "
Hospices De Dijon 2022
156,00 EUR75 cl
C H A S S A G N E - M O N T R A C H E T
Domaine Des Billards 2024

--- Page 12 (PDF Text) ---
166,00 EUR75 cl
B E A U N E P R E M I E R C R U " C L O S D E S M O U C H E S "
Joseph Drouhin 2022
199,00 EUR75 cl
C O R T O N G R A N D C R U
Comte Senard 2021
226,00 EUR75 cl
Beaujolais AOP
B E A U J O L A I S C H A R D O N N A Y " L A N C I E "
Domaine Des Nugues
40,00 EUR75 cl
Vallée du Rhône
I G P G R A N D A R D E C H E " C H A R D O N N A Y "
Louis Latour
49,00 EUR75 cl
C O T E S - D U - R H O N E A O P
Prieuré De Montézargues (Vin Biologique)
38,00 EUR75 cl
S A I N T - J O S E P H " É M I S P H E R E " A O P
Domaine Boissonnet 2024
66,00 EUR75 cl
C O N D R I E U A O P
Domaine Pierre Gaillard 2023
80,00 EUR75 cl
C H A T E A U N E U F - D U - P A P E A O P
Château La Nerthe 2023 (Vin Biologique)
98,00 EUR75 cl
Provence
I G P M E D I T E R R A N E E " L A G R A N D E B L E U E "
Gérard Bertrand (Vin Biologique)
36,00 EUR75 cl
C O T E S D E P R O V E N C E A O P " P R E S T I G E "
Minuty
49,00 EUR75 cl
Languedoc-Roussillon AOP
L A N G U E D O C " L A C O T E D E S G R I V E S "
Lorgeril
36,00 EUR75 cl
C O R B I E R E S " R A C I N E "
Ollieux Romanis (Vin Biologique) .
42,00 EUR75 cl
L I M O U X " C H A R D O N N A Y "
Domaine De L’aigle
58,00 EUR75 cl
Bordeaux AOP
E N T R E - D E U X - M E R S
Château Bonnet

--- Page 13 (PDF Text) ---
34,00 EUR75 cl
B L A Y E C O T E S D E B O R D E A U X
Château Des Aubiers (Vin Biologique)
36,00 EUR75 cl
C H A T E A U H O S T E N S P I C A N T " L E S D E M O I S E L L E S "
Bordeaux Sainte Foy
48,00 EUR75 cl
C H A T E A U C L A R K E
Bordeaux
66,00 EUR75 cl
P E S S A C - L E O G N A N G R A N D C R U C L A S S E D E G R A V E S
Château Carbonnieux 2023
88,00 EUR75 cl
C H A T E A U H A U T - B R I O N " L A C L A R T E "
Pessac-Léognan - 2nd Vin Du Château 2017
154,00 EUR75 cl
C H A T E A U C A R B O N N I E U X " 1 7 4 1 "
2020
196,00 EUR75 cl
S A U T E R N E S " L A C H A R T R E U S E D E C O U T E T "
2nd Vin Du Château Coutet (Liquoreux)
55,00 EUR75 cl
Vallée de la Loire AOP
M U S C A D E T S E V R E - E T - M A I N E " C L O S D U F E R R E "
Domaine David (Vin Biologique)
33,00 EUR75 cl
M U S C A D E T S E V R E - E T - M A I N E " G O U L A I N E "
Domaine David (Vin Biologique)
38,00 EUR75 cl
T O U R A I N E S A U V I G N O N " V I E I L L E S V I G N E S "
Domaine Henry Marionnet (Vin Biologique)
36,00 EUR75 cl
S A U M U R " S I L I C E "
Clos De L’ecotard
44,00 EUR75 cl
M E N E T O U - S A L O N
Château de Maupas (Vin Biologique)
48,00 EUR75 cl
M O N T L O U I S - S U R - L O I R E " T O U C H E M I T A I N E "
Le Rocher Des Violettes (Vin Biologique)
54,00 EUR75 cl
S A N C E R R E " S I G N A T U R E "
Pascal Jolivet
58,00 EUR75 cl
P O U I L L Y - F U M E
Domaine De Ladoucette 2024
88,00 EUR75 cl
VINS ROSÉS
Provence

--- Page 14 (PDF Text) ---
I G P M E D I T E R R A N E E
Peyrassol (Vin Biologique)
34,00 EUR75 cl
C O T E S D E P R O V E N C E A O P " L E S C O M M A N D E U R S "
Peyrassol (Vin Biologique)
40,00 EUR75 cl
C O T E S D E P R O V E N C E A O P " P R E S T I G E "
Minuty Prestige
48,00 EUR75 cl
VINS ROUGES
Alsace AOP
P I N O T N O I R " C U V E E P A R T I C U L I E R E "
Gustave Lorentz
38,00 EUR75 cl
P I N O T N O I R " L E S P R I N C E S A B B E S "
Domaines Schlumberger
48,00 EUR75 cl
Bourgogne AOP
B O U R G O G N E H A U T E S - C O T E S D E B E A U N E
Billard Père Et Fils
59,00 EUR75 cl
M E R C U R E Y " V I E I L L E S V I G N E S "
Domaine De La Monette (Vin Biologique)
68,00 EUR75 cl
M A R S A N N A Y
Château De Marsannay 2022
78,00 EUR75 cl
G I V R Y P R E M I E R C R U " C L O S D U C E L L I E R A U X M O I N E S "
Domaine Du Cellier Aux Moines 2023 (Vin Biologique)
82,00 EUR75 cl
S A N T E N A Y " L E S C H A R M E S "
Roger Belland 2023
86,00 EUR75 cl
P E R N A N D - V E R G E L E S S E S P R E M I E R C R U " E N C A R A D E U X "
"Clos De La Croix De Pierre" Louis Jadot 2022
88,00 EUR75 cl
G E V R E Y - C H A M B E R T I N " C L O S D E L A J U S T I C E " M O N O P O L E
Pierre Bourée 2022
96,00 EUR75 cl
N U I T S - S A I N T - G E O R G E S " L E S M O N T R O Z I E R S "
Domaine Faiveley 2023
98,00 EUR75 cl
C H A M B O L L E - M U S I G N Y " L E S B U S S I E R E S " V I E I L L E S V I G N E S
Olivier Jouan 2022
124,00 EUR75 cl
G E V R E Y - C H A M B E R T I N
Sérafin 2021
148,00 EUR75 cl

--- Page 15 (PDF Text) ---
V O S N E - R O M A N E E " B O S S I E R E S "
Jean Grivot 2021
158,00 EUR75 cl
B E A U N E P R E M I E R C R U " C L O S D E S M O U C H E S "
Joseph Drouhin 2022
178,00 EUR75 cl
C O R T O N G R A N D C R U " C L O S D U R O I "
Comte Senard 2021
188,00 EUR75 cl
C L O S D E V O U G E O T G R A N D C R U
Jean Grivot 2020
390,00 EUR75 cl
Beaujolais AOP
B R O U I L L Y " M A R Q U I S A T "
Château Des Ravatys (Vin Biologique)
36,00 EUR75 cl
M O R G O N " L E S C H A R M E S "
Château De Bellevue
38,00 EUR75 cl
J U L I E N A S " L E S A M O U R E T T E S "
Domaine Du Mont Bessay
54,00 EUR75 cl
Vallée du Rhône AOP
C O T E S - D U - R H O N E
Domaine De Verquière (Vin Biologique)
32,00 EUR75 cl
C R O Z E S - H E R M I T A G E
Domaine Esprit (Vin Biologique)
48,00 EUR75 cl
S A I N T - J O S E P H
Les Vins De Vienne
62,00 EUR75 cl
C H A T E A U N E U F - D U - P A P E
Château La Nerthe 2021 (Vin Biologique)
90,00 EUR75 cl
C O T E - R O T I E
Domaine Les Terriens 2023
98,00 EUR75 cl
Languedoc Roussillon
I G P P A Y S D ’ O C " P I N O T N O I R "
Saint Victor - Gérard Bertrand
36,00 EUR75 cl
C O R B I E R E S - B O U T E N A C A O P " R A C I N E "
Ollieux Romanis (Vin Biologique)
42,00 EUR75 cl
T E R R A S S E S D U L A R Z A C A O P
Sainte Appoline (Vin Biologique)
46,00 EUR75 cl

--- Page 16 (PDF Text) ---
L A C L A P E A O P
Châtau L’hospitalet 2022 (Vin Biologique)
76,00 EUR75 cl
Bordeaux AOP
C O T E S D E B O U R G " Q U A N D E L L E V O U S R E N V E R S E ! "
Amélie Osmond
32,00 EUR75 cl
H A U T - M E D O C " C R U B O U R G E O I S "
Château Victoria
49,00 EUR75 cl
P U I S S E G U I N S A I N T - É M I L I O N
Château Des Laurets 2018
60,00 EUR75 cl
S A I N T - É M I L I O N G R A N D C R U " C R O I X C A N O N "
Château Canon 2017
89,00 EUR75 cl
P E S S A C - L E O G N A N
Château Lafont Menaut
50,00 EUR75 cl
C H A T E A U G R A N D - P U Y D U C A S S E " L ’ H E R I T I E R "
2nd Vin Du Château - Pauillac 2017
78,00 EUR75 cl
C H A T E A U B R A N E - C A N T E N A C " L E M A R G A U X "
3ème Vin Du Château - Margaux 2021
84,00 EUR75 cl
C H A T E A U C A R M E S H A U T - B R I O N " L E C D E C A R M E S "
2nd Vin Du Château - Pessac-Léognan 2021
88,00 EUR75 cl
C H A T E A U O R M E S D E P E Z
Saint-Estèphe 2023
89,00 EUR75 cl
C H A T E A U B R A N A I R E - D U C R U " D U L U C "
2nd Vin Du Château - Saint-Julien 2018
90,00 EUR75 cl
C H A T E A U C L A R K E
Listrac-Médoc 2019
98,00 EUR75 cl
C H Â T E A U R A U Z A N - S É G L A " S É G L A "
2nd Vin du Château - Margaux 2016
99,00 EUR75 cl
C H A T E A U M A R G A U X " L E M A R G A U X "
3ème Vin Du Château 2018
128,00 EUR75 cl
C H A T E A U L A T O U R “ L E P A U I L L A C ”
3ème Vin Du Château 2019
138,00 EUR75 cl
C H A T E A U F I G E A C " P E T I T F I G E A C "
2nd Vin Du Château - Saint-Émilion Grand Cru 2018
148,00 EUR75 cl

--- Page 17 (PDF Text) ---
C H A T E A U H A U T - M A R B U Z E T
Saint-Estèphe 2008
156,00 EUR75 cl
C H A T E A U T A L B O T
Saint-Julien 2015
178,00 EUR75 cl
C H A T E A U L Y N C H B A G E S
Pauillac 2015
290,00 EUR75 cl
C H A T E A U L A F L E U R - P E T R U S
Pomerol 2014
390,00 EUR75 cl
Vallée de la Loire AOP
S A U M U R - C H A M P I G N Y " L A U R I G I N E "
Domaine Des Varinelles - Famille Daheuiller (Vin Biologique)
36,00 EUR75 cl
C H I N O N " L E S Q U I N Z E S I L L O N S "
Domaine Jourdan (Vin Biologique)
39,00 EUR75 cl
T O U R A I N E " P R E M I E R E V E N D A N G E "
Henry Marionnet (Vin Biologique Sans Soufre)
43,00 EUR75 cl
S A N C E R R E " S I G N A T U R E "
Pascal Jolivet
64,00 EUR75 cl
Carte des Boissons
APERITIFS
K I R A U V I N B L A N C
8,00 EUR13 cl
K I R R O Y A L
14,50 EUR13 cl
A B C D E C H R I S T I A N D R O U I N
Apéritif à Base de Calvados
9,50 EUR6 cl
L I L L E T B L A N C , L I L L E T R O S E
7,00 EUR6 cl
P O R T O G R A H A M ’ S R O U G E
Tawny Fine
7,00 EUR6 cl
P O R T O G R A H A M ’ S B L A N C
Fine White
7,00 EUR6 cl
P A S T I S 5 1 , R I C A R D
6,60 EUR2 cl
P A S T I S P A R I S I E N M A I S O N H A M E L L E
7,00 EUR2 cl

--- Page 18 (PDF Text) ---
S U Z E , C A M P A R I , D O L I N B I T T E R
7,00 EUR2 cl
V E R M O U T H D O L I N R O U G E , B L A N C , D R Y
7,00 EUR6 cl
A M E R I C A N O
Vermouth Rouge Dolin, Bitter Dolin, Perrier, Orange Fraîche
Virgin Americano
12,00 EUR14 cl
V I R G I N A M E R I C A N O
VRMH N°1, Bttr N°1, Perrier, Orange Fraîche,
9,50 EUR6 cl
I E S S I
Aperitivo Sans Alcool 0.0%
7,00 EUR6 cl
Le Bar à Champagnes Bruts AOP
Coupe
J A C Q U A R T B R U T " S I G N A T U R E "
14,00 EUR13 cl
J A C Q U A R T B R U T R O S E " S I G N A T U R E "
16,00 EUR13 cl
M O Ë T & C H A N D O N " B R U T I M P E R I A L "
19,00 EUR13 cl
Blancs
J A C Q U A R T " S I G N A T U R E "
77,00 EUR75 cl
V I E I L L E F R A N C E " B R U T R E S E R V E "
88,00 EUR75 cl
M O Ë T & C H A N D O N " B R U T I M P E R I A L "
96,00 EUR75 cl
L O U I S R O E D E R E R " C O L L E C T I O N "
105,00 EUR75 cl
V E U V E C L I C Q U O T " C A R T E J A U N E "
108,00 EUR75 cl
R U I N A R T " R "
116,00 EUR75 cl
J A C Q U A R T " S I G N A T U R E "
130,00 EUR150 cl
R U I N A R T " R "
210,00 EUR150 cl
Blanc de Blancs
J A C Q U A R T 2 0 1 8
100,00 EUR75 cl
L O U I S R O E D E R E R " M I L L E S I M E " 2 0 1 9
138,00 EUR75 cl
Rosés
J A C Q U A R T " S I G N A T U R E "
88,00 EUR75 cl

--- Page 19 (PDF Text) ---
M O Ë T & C H A N D O N " B R U T I M P E R I A L "
98,00 EUR75 cl
B I L L E C A R T S A L M O N
148,00 EUR75 cl
Cuvée Prestige
C H A R L E S H E I D S I E C K " B L A N C D E S M I L L E N A I R E S " 2 0 0 7 .
220,00 EUR75 cl
V E U V E C L I C Q U O T " L A G R A N D E D A M E " 2 0 1 5
290,00 EUR75 cl
D O M R U I N A R T " B L A N C D E B L A N C S " 2 0 1 3
330,00 EUR75 cl
L O U I S R O E D E R E R " C R I S T A L " 2 0 1 6
350,00 EUR75 cl
D O M P E R I G N O N 2 0 1 5
360,00 EUR75 cl
Cocktails
Signatures
M I S T I N G U E T T E
Gin FAIR, sirop de framboise, jus de citron frais, Champagne Jacquart brut "Signature",
vegan foamer, fleurs de bleuet
15,00 EUR14 cl
J O S E P H I N E
Vodka Absolut, liqueur de concombre FAIR, sirop de fleurs de sureau, jus de citron frais
13,50 EUR10 cl
Y V E S K
Rhum Planteray Original Dark, liqueur de mangue FAIR, purée de fruit de la passion*, jus
de citron frais, premium ginger beer Fever-Tree
13,50 EUR17 cl
Spritz
A P E R O L O U C A M P A R I S P R I T Z
Aperol ou Campari, Prosecco Riccadonna, Perrier, orange fraîche
12,50 EUR14 cl
H U G O S P R I T Z
Liqueur de fleurs de sureau FAIR, Prosecco Riccadonna, Perrier, citron jaune, romarin frais
13,50 EUR14 cl
I T A L I C U S S P R I T Z
Liqueur de bergamote Italicus, Prosecco Riccadonna, Perrier, citron jaune, romarin frais
13,50 EUR14 cl
L I M O N C E L L O S P R I T Z
Limoncello Mamma Mia, Prosecco Riccadonna, Perrier, citron jaune, romarin frais
13,50 EUR14 cl
Cocktails Vintage
Grands Classiques D’avant 1970
M A N H A T T A N
Bourbon Maker’s Mark, vermouth rouge Dolin, Angostura bitters, cerise amarena
15,00 EUR8 cl
M A R T I N I D R Y

--- Page 20 (PDF Text) ---
Gin Citadelle ou Vodka FAIR, vermouth dry Dolin, olive verte ou zeste de citron jaune
15,00 EUR8 cl
S I D E C A R
Cognac Hennessy Very Special, liqueur de kumquat FAIR, jus de citron frais, zeste
d’orange
15,00 EUR9 cl
F R E N C H 7 5
Gin Beefeater, jus de citron frais, sirop de sucre de canne, Champagne Jacquart brut
"Signature", zeste de citron jaune
15,00 EUR12,5 cl
N I K K A O L D F A S H I O N E D
Whisky Nikka from The Barrel, sirop de sucre de canne, Angostura bitters, zeste d’orange
15,00 EUR6 cl
N E G R O N I
Gin Beefeater, vermouth rouge Dolin, Campari, zeste d’orange
15,00 EUR9 cl
C U B A N D A Ï Q U I R I
Rhum Eminente Ambar Claro, jus de citron frais, sirop de sucre de canne
15,00 EUR10,5 cl
M A Ï T A Ï
Rhum Brugal 1888, rhum HSE VSOP Port cask finish, liqueur de kumquat triple sec FAIR,
sirop d’orgeat, jus de citron frais
15,00 EUR11 cl
Cocktails Classiques Contemporains
P A L O M A
Tequila Altos Blanco, jus de citron frais, soda pamplemousse Fever-Tree
13,50 EUR16 cl
E X P R E S S O M A R T I N I
Vodka FAIR, liqueur de café FAIR, sirop de sucre de canne, expresso Massaya bio
13,50 EUR13 cl
M A R G A R I T A
Tequila Altos Blanco, liqueur de kumquat triple sec FAIR, jus de citron frais
13,50 EUR10 cl
M O J I T O
Rhum Havana Club 3 ans, citron vert, sucre de canne, Perrier, menthe fraiche
13,50 EUR14 cl
M O J I T O A U X F R U I T S
Rhum Havana Club 3 ans, citron vert, sucre de canne, Perrier, menthe fraiche, purée de
fraise* ou purée de fruit de la passion*
13,50 EUR14 cl
Cocktails sans alcool
K I K I
Fraise, framboise, pomme, eau de coco, fleur d’oranger
9,50 EUR20 cl
E R N E S T
Pomme, ananas, fruit de la passion, citron, gingembre, curcuma
9,50 EUR20 cl
P O U P E T T E

--- Page 21 (PDF Text) ---
Spiritueux sans alcool JNPR n°1, sirop de framboise, eau de rose, jus de citron frais, vegan
foamer
9,50 EUR10 cl
V I R G I N A M A R E T T O S O U R
Amaretto Adriatico 0,0%, jus de citron frais, vegan foamer, sel de Maldon
9,50 EUR10,5 cl
V I R G I N S P R I T Z
SPRZ n°1, Perrier, orange fraîche
9,50 EUR14 cl
Bières
Pression
1 6 6 4 B L O N D E
Bière blonde moelleuse et équilibrée
5,00 EUR25 cl
6,50 EUR33 cl
9,50 EUR50 cl
G R I M B E R G E N B L O N D E
Authentique bière d’abbaye fruitée et intense
5,20 EUR25 cl
6,70 EUR33 cl
9,70 EUR50 cl
B R O O K L Y N I P A B O D E G A R U N
IPA aux arômes fruités
6,00 EUR25 cl
7,50 EUR33 cl
11,00 EUR50 cl
Bières Artisanales & Bio Bap Bap
C A N O P E E I P A
IPA aux notes fruitées et à l’amertume modérée
8,00 EUR33 cl
P A S S E R E L L E P A L E A L E
Pale ale fruitée et florale
8,00 EUR33 cl
D E U X R I V E S B L A N C H E
Blanche crémeuse aux notes de céréales
8,00 EUR33 cl
Bouteilles
1 6 6 4 B L A N C
Bière blanche fraîche et fruitée
7,50 EUR33 cl
1 6 6 4 0 %
Bière blanche fraîche et fruitée
6,50 EUR33 cl
Boissons Fraîches
C I T R O N N A D E
Citron jaune, pomme, agave, citron vert
5,90 EUR20 cl
C O C A - C O L A , C O C A - C O L A S A N S S U C R E S

--- Page 22 (PDF Text) ---
6,20 EUR33 cl
O R A N G I N A
6,20 EUR25 cl
P E R R I E R
6,20 EUR33 cl
L I M O N A D E A R T I S A N A L E L O R I N A
6,20 EUR33 cl
F U Z E T E A P E C H E , F U Z E T E A T H E V E R T M E N T H E C I T R O N
6,20 EUR25 cl
P R E M I U M I N D I A N T O N I C W A T E R F E V E R- T R E E
6,50 EUR20 cl
P R E M I U M G I N G E R A L E F E V E R - T R E E
6,50 EUR20 cl
J U S D E F R U I T S F R A I S P R E S S E S
Orange, pamplemousse
6,80 EUR20 cl
J U S E T N E C T A R S D E F R U I T S P A T R I C K F O N T
Jus d’orange, jus de pomme, jus de tomate, jus d’ananas Victoria, nectar de fraise, nectar
d’abricot
7,20 EUR20 cl
Boissons Chaudes
E X P R E S S O M A S S A Y A B I O , D E C A F E I N E S O L E L A B I O & É Q U I T A B L E
3,70 EUR
D O U B L E E X P R E S S O M A S S A Y A B I O , D O U B L E D E C A F E I N E S O L E L A B I O
& É Q U I T A B L E
6,20 EUR
C A F E N O I S E T T E
3,70 EUR
C A F E C R E M E
5,70 EUR
T H E S , I N F U S I O N S A N G E L I N A
Thé Breakfast, thé Darjeeling, thé Earl Greay, thé vert Jasmin, thé vert Menthe, thé
Mélange Spécial Angelina, infusion Tilleul Menthe, infusion Verveine, Rooibos rouge
vanille
5,90 EUR
C A P P U C C I N O
6,50 EUR
C H O C O L A T C H A U D V A L R H O N A
6,90 EUR
C A F E O U C H O C O L A T V I E N N O I S V A L R H O N A
7,20 EUR
C L A S S I C I R I S H C O F F E E
Irish whiskey Jameson, sirop de canne, expresso, crème fouettée
9,50 EUR
C A F E M U S E T T E
Whisky français Benjamin Kuentz, sirop de canne, expresso, crème fouettée
12,50 EUR

--- Page 23 (PDF Text) ---
Toutes nos boissons chaudes peuvent être réalisées, sur demande, à base de boisson
d’avoine Oatly sans supplément
Eaux Minérales
V I T T E L
5,60 EUR50 cl
7,10 EUR1 L
S . P E L L E G R I N O
5,60 EUR50 cl
7,10 EUR1 L
Nous vous informons que vous pouvez nous demander de l’eau potable gratuitement
Nos Spiritueux
NOS WHISKIES
Kentucky Bourbons
J I M B E A M
Un grand classique aux notes de réglisse et de maïs
10,50 EUR4 cl
M A R K E R ' S M A R K
Doux et équilibré, porté sur les notes de caramel et de vanille
11,50 EUR4 cl
Blended
B A L L A N T I N E ’ S F I N E S T
Équilibré avec des notes de chocolat, pomme et vanille
10,50 EUR4 cl
J A M E S O N
Onctueux avec une finale marquée par les céréales et les épices
11,50 EUR4 cl
C H I V A S R E G A L 1 2 A N S
Doux, riche et fruité avec des notes de pomme et de miel
12,00 EUR4 cl
N I K K A D A Y S
Assemblage de whiskies de malt et de grain onctueux, fruité et doux
11,00 EUR4 cl
N I K K A F R O M T H E B A R R E L
Un iconique de la distillerie à la grande richesse aromatique
12,00 EUR4 cl
T O K I S U N T O R Y
Rond et doux avec un caractère rafraîchissant et épicé
12,50 EUR4 cl
H I B I K I J A P A N E S E H A R M O N Y
Blend de whiskies les plus raffinés de Suntory
17,00 EUR4 cl
Single Malt
A B E R L O U R 1 0 A N S
Doux et subtilement épicé, arômes d’abricots et d’amandes
12,50 EUR4 cl

--- Page 24 (PDF Text) ---
T H E G L E N M O R A N G I E 1 2 A N S
Elegant et complexe aux saveurs fruitées et florales
13,00 EUR4 cl
L A P H R O A I G 1 0 A N S
Un caractère marqué et iodé, fortement tourbé
13,00 EUR
T H E M A C A L L A N 1 2 A N S
(Double cask) Doux et riche aux notes d’agrumes, d’épices et de bois fumé
15,00 EUR
H I G H L A N D P A R K 1 2 A N S
Riche et complexe à la texture gourmande .
13,50 EUR
T H E G L E N R O T H E S 1 5 A N S
Audacieux, harmonieux et délicat avec des notes de poire, d’orange et d’épices
16,00 EUR
NOS GINS
B E E F E A T E R
Classique London Dry aux notes d’agrumes, de violette et de coriandre
10,50 EUR
F A I R
Élégant et aromatique aux notes d’agrumes
11,50 EUR
C I T A D E L L E
Intense et épicé, notes herbacées
12,00 EUR
R O K U
Infusé par Suntory avec des plantes japonaises représentant les quatre saisons
12,50 EUR
S A B ' S " L E G I N "
Bourguignon aux notes d’agrumes, d’épices et viniques
13,00 EUR
M O N K E Y 4 7
Composé de 47 ingrédients, notes fraîches et épicées
15,50 EUR
NOS VODKAS
A B S O L U T
Riche, corsée et complexe. Une vodka souple et moelleuse
10,50 EUR
F A I R
Vive, aux saveurs d’agrumes et de fruits
12,00 EUR
H A K U
Elaborée à partir de riz blanc japonais. Douce, ronde et subtile
12,50 EUR
B E L V E D E R E
Une polonaise biologique créée à base de seigle. Elle est ample et ronde
13,00 EUR
B E L V E D E R E D I R T Y B R E W
Alliance de la vodka de seigle à l’intensité d’un café robusta

--- Page 25 (PDF Text) ---
13,50 EUR
NOS RHUMS
H A V A N A C L U B 3 A N S
Cubain à la robe paille, aux saveurs subtiles et aux nuances boisées
10,50 EUR
H A V A N A C L U B E S P E C I A L
Assemblage de rhums vieillis jusqu’à cinq ans. Intense et rond
11,00 EUR
E M I N E N T E A M B A R C L A R O
Un cubain de trois ans d’âge équilibré à la douceur veloutée
12,50 EUR
P L A N T E R A Y O R I G I N A L D A R K
Riche et intense avec des notes fumées, de banane et de vanille
11,50 EUR
H S E B L A N C 5 0 °
Harmonieux, équilibré, aux arômes fruités et floraux
11,00 EUR
H S E T R E S V I E U X
(Port cask finish) Profil typique de Martinique, gras et gourmand
14,50 EUR
L A H E C H I C E R A
Séducteur et riche aux arômes de chocolat, cannelle et poivre
13,50 EUR
B R U G A L L 1 8 8 8
Chaleureux et équilibré aux notes boisées, de cacao, d’épices et de noix
13,50 EUR
H A V A N A C L U B I C O N I C A S E L E C C I O N D E M A E S T R O S
Puissant, complexe et aromatique
15,00 EUR
NOS TEQUILAS & MEZCAL
A L T O S B L A N C O
Saveur riche et aromatique, notes fruitées et finement acidulées
10,50 EUR
C O D I G O B L A N C O
Nette et précise avec des arômes d’agrumes, concombre et une belle salinité
14,50 EUR
C O D I G O R E P O S A D O
Gourmande et soyeuse devoilant des notes de chêne toasté, d’amande et de miel
15,50 EUR
M E Z C A L D E L M A G E Y V I D A
Doux et légèrement salé et fumé, notes de réglisse
12,50 EUR
NOS EAUX-DE-VIE ET LIQUEURS
E A U X - D E - V I E
Poire Williams Sab’s "La Poire", Vieille prune de Souillac
12,50 EUR
G E T 2 7 , G R A N D M A R N I E R C O R D O N R O U G E
10,50 EUR

--- Page 26 (PDF Text) ---
C A L V A D O S C H R I S T I A N D R O U I N V S O P
13,00 EUR
C A L V A D O S C H R I S T I A N D R O U I N X O
15,50 EUR
C A L V A D O S 2 0 A N S D ' A G E D O M A I N E D E L A M E R I T E
18,50 EUR
B A S - A R M A G N A C V S O P D O M A I N E M A R Q U E S T A U
12,50 EUR
B A S - A R M A G N A C X O D O M A I N E M A R Q U E S T A U
15,50 EUR
C O G N A C H E N N E S S Y V E R Y S P E C I A L
13,00 EUR
C O G N A C H E N N E S S Y V S O P
15,00 EUR
C O G N A C H E N N E S S Y X O
29,50 EUR
A M A R E T T O R O A S T E D A D R I A T I C O , A M A R E T T O B I A N C O Vegan
11,50 EUR
L I M O N C E L L O D E S P O U I L L E S M A M M A M I A !
11,50 EUR
C H A R T R E U S E V E R T E
14,50 EUR
A C C O M P A G N E M E N T
Soda, jus de fruits
3,00 EUR
A D R I A T I C O