Le Cornichon
José MARION
Photo - avr. 2026
IF MENTI
ir 1 personne uniquement
MIDI
Entrée /Plat/Dessert ** 35€
Entrée/Plat
34€
Plat/Dessert
31€
SOIR
42€
41€
39€
A PARTAGER
½Fuet catalan / ou cécina
Lomo /ou copeau de manchego
La socca croustillante minute
Petites sardines à l'huile d'olive
10€
10€
7€
10€
ENTREES
MATJES EN CROQUE EN SEL
Fine tranche de hareng doux mariné sur un lit de pomme de terre rubis et dés de légumes crue au citron
POIREAUX
Poireaux fondants marinées, rémoulade de granny et céleris, crumble de parmesan, copeaux de lomo
CRABES SAUVAGES
Crabes décortiqués assaisonnés au citron, macédoine de radis et concombre, bouquet de salades
RAIE EN PRESSE
Raie française préparer en terrine aux capres, pimentos et herbes fraiches
COURGES ET ŒUF PARFAIT
Œuf de poule « bio » cuit parfait, fine purée de butternut, potimarron et potiron rôtis à l'italienne
SAUMON GRAVLAX
Fine tranches de saumon d'Ecosse en graviax, vierge de légumes et houmous de betteraves
*FOIE GRAS DES LANDES suppl. + 10€
Foie gras mi-cuit, coulis de pommes granny et hibiscus, compotée de pomme au gingembre
*ARSPERGES BLANCHES DES LANDES suppl. +8€
Asperges blanches de la « maison Blandine » cuites à la minute, vierge de légumes et émulsion citron
PLATS
DORADE ROYALE
Dorade en filet à la plancha, compotée de chicons, oignons doux et olives et purée de pommes de terre
CABILLAUD
Dos de cabillaud rôti, risotto crémeux aux deux courgettes, vierge de légumes croquants
POULET DE FERME
Suprême de poutet de la «ferme de la Belvindière »rôti et sa cuisse braisée, gnocchis de pomme de terre
EPAULE DE COCHON
Epaule de cochon de « la ferme Vallégrain »cuite fondante, polenta snacké et compoté de pommes
четте
suppl. +12€
Ravé de-tette rôtie, risetta crémeux-de
chempignons
*BŒUF FRANÇAIS MATURE
suppl. + 12€
Pavé de cœur de faux-filet maturé poêlé, gratin de pommes de terre crémeux
"RIS DE VEAU
suppl. + 18€
Doré croustillant au beurre, pommes de terre crapaudines et jeunes pousses d'épinards, purée Crécy
DESSERTS OU FROMAGES
- Bleu d'Auvergne lait de vache
- Tour du Montot
lait de chèvre
- Langres
lait de vache
- St Nectaire lait de vache
FRUITS EXOTIQUES
Fruit exotique frais, crème légère noix de coco, éclats de meringues et émulsion mangues-passion
CHOU CROUSTILLANT
Chou croustillant farci de crème légère à la vanille Bourbon, caramel voyageur
CHOCOLAT ST DOMINGUE
Chocolat cuit comme un soufflé, ganachte chocolat Bi
embre, dés de poire rôtie

Le Cornichon
JV
Photo - avr. 2026
LE MENU
MIDI
SOiR
totrée /Piat/Dessect •• 35€
Entrée/plat
340
Plat/Dessert
39C
A PARTAGER
%Fuet cotalan Y ou cécina
Lomo Jou copeau de marcheee
La sacca croustillante minute
Petites serdines à l'noite d'olive
10€
10€
70
100
ENTREES
MATJES EN CROQUE EN SEL
Fine tranche de hareng doux manné sur un lit de porme de terre rubis et des de légumes crue au citron
POIREAUX
Poireaux fondants marinées, rémoulade de granny et céleris, crumble de parmesan, copeaux de lomo
CRABES SAUVAGES
Crabes décortiques assaisonnés ou citron, macédoine de radis et concombre, bouquet de salades
RAIE EN PRESSE
Raie française préparer en terrine aux copres, piments et herbes fraiches
COURGES ET CEUF PARFAIT
Œuf de poule « bio « cuit parfait, fine purée de butternut, porimarion et potiron rótis a italienne
SAUMON GRAVLAX
Fine tranches de saumon d'Ecosse en graviax, vierge de légumes et houmous de betteraves
•FOIE GRAS DES LANDES suppl. + 10€
Foie gras mi-cuit coulis de pommes granny et hibiscus, compotés de pomme au gingembre
PLATS
DORADE ROYALE
Dorade en filet à la plancha, compotée de chicons, oignons doux et olives et pures de pommes de terte
CABILLAUD
Dos de cabillaud rôti, risotto crémeux aux deux courgettes, vierge de légumes croquants
POULET DE FERME
Suprême de poulet de la -ferme de la Belvindière »roti et sa cuisse braisée, gnocchis de pomme de terro, purés
de butternut
EPAULE DE COCHON
Epaule de cochon de c la ferme Vallégrain »cuite fondante, polenta snacké et compoté de pommes
suppi. +12€
*LOTTE
Pavé de Lotte rôtie, risotto crémeux de champignons
suppl. + 12€
*BŒUF FRANÇAIS MATURE
Pavé de cœur de faux-filet maturé poêlé, gratin de pommes de terre crémeux
suppl. + 18€
*RIS DE VEAU
Doré croustillant au beurre, pommes de terre crapaudines et jeunes pousses d'épinards, purée Crécy
DESSERTS OU FROMAGES
- Bleu d'Auvergne
lait de vache
- Langres
lait de vache
- St Nectaire lait de vache
- Tour du Montot
lait de chèvre
FRUITS EXOTIQUES
Fruit exotique frais crème légère noix de coco, éclats de meringues et emulsion mangues passion
CHOU CROUSTILLANT
Chou croustillant farci de crème légère à la vanille Bourbon, caramel voyageur
CHOCOLAT ST DOMINGUE
Chocolat cuit comme un soufflé, ganache chocolat gingembre, dés de poire rôtie

Le Cornichon
José MARION
Photo - avr. 2026
90g
5Ag
38e
12g
12€
540
12€
38€
59€
4€
0€
8€
6€
6€
0€
5€
2€
5€
32€
2€
8€
2€
8€
2€
2€
0€
20€
2€
BOURGOGNE
Beaujolais biane
fourgogne Aligoté AMI
te clou "34" aligoté v vigne
fourgogne Aligoté
scurgogne blanc e tête dans les nuages»
chardonnay Clair-obscur le chat blanc»
gourgogne Blanc
sourgogne blanc «La perrieres monopolen
incocognito" savagnin ouille
Petit Chablis «pas si petit»
Chablis Nature
Chablis « terroir de Chiché »
Macon-Village "Terroir maconnais"
Nacon Chardonnay
Macon Chardonnay « Les crays »
Nacon Igé «Les Vernayes »
vacon-Village
Macon-Cruzille "Blanc La Baume"
Macon-Cruzille "Aragonite"
Macon Milly Lamartine
Macon Verzé
Pouilly-Vinzelles
Pouilly-Vinselles "Les Quarts
Saint-Véran "Les Bonnodes"
Pouilly Fuissé lercru "Au Vignerais"
Poui1ly Fuissé
Mercurey « Champ Ladoy »
Fautes Côtes de Nuits
Hautes Côtes de Nuits "Clématis"
Marsannay
Marsannay
Beaune "Clos des Mariages"
St Romain « Combe Bazin »
Monthélie « sous le cellier»
Santenay « clos des Hâtes »
Saint Aubin
Auxey Duresse
Puligny-Montrachet «les Enseignières»
Chassagne Montrachet
Meursault "Le tesson"
Corton Charlemagne
Batard Montrachet
VINS BLANCS BIO/ BIODYNAMIE/EN CONVERSION
Descombes Kévin
Naudin-Ferrand
AMI
Domaine Marquis d'Angerville
AMI
Pierre clair
Clos Moulin aux Moines
Domaine Marquis d'Angerville
Pierre clair
La chablisienne
AMI
P1u2
Bret Brothers
Bret Brothers
Bret Brothers
Bret Brothers
Julien Guillot
Julien Guillot
Julien Guillot
Domaine La Pascerette
Desjourneys
La Soufrandière
La Soufrandière
La Soufrandière
Bret brothers
Desjourneys
Domaine de Belleville
Naudin-Ferrand
Naudin-Ferrand
Trapet
Charlopin Tissier
J.C. Rateau
Clos Moulin aux Moines
Clos Moulin aux Moines
Domaine Quentin Jeannot
Domaine Roux
Trapet
Domaine Chavy Chouet
Domaine Carillon
Latour Giraud
Charles Noëllat
Marc Colin
Part
<
Cond Mona
2023
2023
2022
2022
2022
2022
2023
2022
2019
2023
2022
2022
2012
2022
2023
2022
2021
2023
2019
2020
2017
2021
2021
2020
2021
2017
2020
2020
2018
2023
2022
2015
2020
2020
2020
2021
2019
2022
2023
2013
2015
2007
Millesime indical
38€
60€
52€
78€
60€
54€
60€
100€
55€
48€
78€
76€
55€
65€
65€
65€
78€
56€
90€
65€
78€
76€
115€
86€
125€
160€
76€
54€
82€
78€
78€
75€
80€
78€
80€
110€
130€
185€
275€
260€
400€
600€

Le Cornichon
Jake Dear
liste des allergènes
Photo - nov. 2024
Entrée /Plat/Dessert
Entrée/Plat
Plat/Dessert
MIDI
35€
34€
31€
SOIR
42€
41€
39€
A PARTAGER
Petites sardines à l'huile d'olive
/Fuet catalan/ou Lomo /ou copeau de manchego 10€
La socca croustillante minute
10€
7€
ENTREES
COUTEAUX GRATINES
Couteaux juste saisis gratinés avec un beurre citronné et persil, émulsion de salicorne et citron
COURGES ET ŒUF PARFAIT
Onctueux de potimarron et butternut rôti, œuf parfait et émulsion parmesane
PETIT FARCI
Courgette rôtie avec une farce de champignons et herbes fraiches, coulis de péquillos, bouquet de salades
RAIE EN TERRINE
Raie cuite à la vapeur, montée en pressé aux herbes fraiches, vierge de légumes aux deux radis
*FOIE GRAS DES LANDES suppl. + 8€
Foie gras mi-cuit, coulis de pommes granny et ibiscus, compotée de pomme au gingembre
PLATS
DORADE ROYALE
Dorade en filet cuit à la plancha, riz vénéré au citron confit, compotée d'oignons doux et tomates
MERLU
Pavé de merlu rôti, légumes méditerranéens cuisinés, polenta aux olives de Nyons
EPAULE DE COCHON
Epaule de cochon braisée, polenta snacké au gingembre, compoté de pommes fruits, jus au épices douces
VEAU
Piece de veau cuit au sautoir, macaroni gratinés au foie gras, purée onctueuse d'échalotes
*LIEVRE
Lièvre cuisiné à la royal et sa sauce, tagliatelle fraiche au beurre
suppl. + 15€
*GROUSE
Grouse d'Ecosse préparer façon pithiviers et son jus, bouquet d'herbes fraiche et salade
suppl. + 12€
suppl. + 10€
*BŒUF FRANÇAIS MATURE
Pavé de cœur de faux-filet maturé poêlé, gratin de pommes de terre crémeux
*RIS DE VEAU
suppl. + 15€
Doré croustillant au beurre, pommes de terre crapaudines et jeunes pousses d'épinards, purée crécy
DESSERTS OU FROMAGES
*Langres lait de vache
*Tour du Montot lait de chèvre
* Bleu d'Auvergne lait de vache
* St Nectaire lait de vache
PAVLOVA COCO
Meringue croustillante, fruits exotiques, crème légère à la noix de coco, glace vanille et sorbet passion
CHOU CROUSTILLANT
Chou croustillant farci de crème légère à la vanille Bourbon, caramel voyageur
CHOCOLAT ST DOMINGUE
Crémeux chocolat st Domingue, éclats de sablés bretons, sorbet cacao et émulsion gingembre
Google Maps

Le Cornichon
jerome H
Photo - mars 2026
Entrée /Plat/Dessert * 35€
Entrée/Plat
Plat/Dessert
MIDI
34€
31€
SOIR
42€
41€
39€
NOTS, veir liste des allergènes ** menu pour 1 personne uniauerner
A PARTAGER
%Fuet catalan / ou cécina
Lomo /au copeau de manchego
La socca croustillante minute
Petites sardines à l'huile d'olive
10€
10€
7€
10€
ENTREES
MATJES EN CROQUE EN SEL
Fine tranche de hareng doux mariné sur un lit de pomme de terre rubis et dés de légumes crue au citron
POIREAUX
Poireaux fondants marinées, rémoulade de granny et céleris, crumble de parmesan, copeaux de lomo
CRABES SAUVAGES
Crabes décortiqués assaisonnés au citron, macédoine de radis et concombre, bouquet de salades
RAIE EN PRESSE
Raie française préparer en terrine aux capres, pimentos et herbes fraiches
COURGES ET ŒUF PARFAIT
Œuf de poule « bio » cuit parfait, fine purée de butternut, potimarron et potiron rôtis à l'italienne
SAUMON GRAVLAX
Fine tranches de saumon d'Ecosse en gravlax, vierge de légumes et houmous de betteraves
*FOIE GRAS DES LANDES suppl. + 10€
Foie gras mi-cuit, coulis de pommes granny et hibiscus, compotée de pomme au gingembre
*ARSPERGES BLANCHES DES LANDES suppl. +8€
Asperges blanches de la « maison Blandine » cuites à la minute, vierge de légumes et émulsion citron
PLATS
DORADE ROYALE
Dorade en filet à la plancha, compotée de chicons, oignons doux et olives et purée de pommes de terre
CABILLAUD
Dos de cabillaud rôti, risotto crémeux aux deux courgettes, vierge de légumes croquants
POULET DE FERME
Suprême de poutet de la «ferme de la Belvindière »rôti et sa cuisse braisée, gnocchis de pomme de terre
EPAULE DE COCHON
Epaule de cochon de « la ferme Vallégrain »cuite fondante, polenta snacké et compoté de pommes
suppl. +12€
*LOFFE
Revé de Lette rétie
sisette ereme
de champignons
suppl. + 12€
*BŒUF FRANÇAIS MATURE
Pavé de cœur de faux-filet maturé poêlé, gratin de pommes de terre crémeux
suppl. + 18€
*RIS DE VEAU
Doré croustillant au beurre, pommes de terre crapaudines et jeunes pousses d'épinards, purée Crécy
DESSERTS OU FROMAGES
- Bleu d'Auvergne
lait de vache
- Langres
lait de vache
- St Nectaire lait de vache
- Tour du Montot
lait de chèvre
FRUITS EXOTIQUES
Fruit exotique frais, crème légère noix de coco, éclats de meringues et émulsion mangues-passion
CHOU CROUSTILLANT
Chou croustillant farci de crème légère à la vanille Bourbon, caramel voyageur
CHOCOLAT ST DOMINGUE
Chocolat cuit comme un soufflé, ganach
chocolat
embre, dés de poire rôtie
Goode Mans

Le Cornichon
N
Natalia Haessner
Photo - juil. 2025
nne uniquement
MIDI
Entrée /Plat/Dessert •• 35€
Entrée/Plat
34€
Plat/Dessert
31€
SOIR
42€
41€
39€
A PARTAGER
¼Fuet catalan / ou cécina
Lomo /ou copeau de manchego
La socca croustillante minute
Petite sardine à l'huile d'olive
10€
10€
7€
10€
ENTREES
CRABES SAUVAGES
Pattes et pinces de crabes décortiqués assaisonné au deux citrons, radis et concombre en vierge et
émulsion Dubarry
VITELLO TONNATO
Fine tranche de quasi de veau cuit rosé servi froid avec sa sauce au thon, condiments
SAUMON D'ÉCOSSE
Saumon d'Ecosse mariné façon gravelax, vierge de légumes croquants et houmous de betterave
TOMATES ANCIENNES BURRATA
Carpaccio de tomates anciennes marinées, burrata crémeuse au pesto de pistache menthe et persil
*FOIE GRAS DES LANDES suppl. + 10€
Fole gras mi-cuit, coulis de pommes granny et hibiscus, compotée de pomme au gingembre
PLATS
DORADE ROYALE
Dorade en filet à la plancha, compotée de fenouil et oignons doux aux olives et riz vénéré
CABILLAUD
Dos de cabillaud rôti, polenta crémeuse au cresson, vierge de légumes croquants
CANARD DE BARBARIE ( Ferme des Belvindières )
En deux cuissons, filet rôtie et cuisse confite, compoté de pomme, purée de dattes et navet au safran
PAVE DE COCHON DU « PERCHE »
Pavé de cochon fondant poêlé, gnocchi de pommes de terre et purée de butternut
TRIPES
Tripes de Bœuf cuisinées à La romaine, émulsion de parmesan et herbes fraiches
*POULPE
Poulpe fondant servie en cocotte, piperade de poivrons et tomates pomme de terre fondante
*BŒUF FRANÇAIS MATURE
suppl. + 12€
suppl. + 12€
Pavé de cœur de faux-filet maturé poêlé, gratin de pommes de terre crémeux
*RIS DE VEAU
suppl. + 18€
Doré croustillant au beurre, pommes de terre crapaudines et jeunes pousses d'épinards, purée Crécy
*COTE DE BŒUF POUR 2 PERSONNES
suppl+ 18 € par personnes
Belle cote de bœuf cuit au sautoir servie pour deux personnes, pommes grenailles et jus corsé
DESSERTS OU FROMAGES
- Bleu d'Auvergne
lait de vache
- Tour du Montot
lait de chèvre
- Langres
lait de vache
- St Nectaire lait de vache
FRUITS EXOTIQUES
Fruits exotiques frais sur un lit onctueux de riz au lait, éclats de meringues et sorbet mangue
CHOU CROUSTILLANT
Chou croustillant farci de crème légère à la vanille Bourbon, caramel voyageur
CHOCOLAT ST DOMINGUE
Chocolat cuit comme un soufflé, ganache chocc
gingemor
lés de poire rôtie
Google Maps

Le Cornichon
Lalida Sornsong
*Prix tte, service co
Photo - juil. 2025
MIDI
Entrée /Plat/Dessert •• 35€
Entrée/Plat
34€
Plat/Dessert
31€
SOIR
42€
41€
39€
ENTREES
CRABES SAUVAGES
A PARTAGER
¼Fuet catalan / ou cécina
Lomo / ou copeau de manchego
La socca croustillante minute
Petite sardine à l'huile d'olive
10€
10€
7€
10€
Pattes et pinces de crabes décortiqués assaisonné au deux citrons, radis et concombre en vierge et
émulsion Dubarry
VITELLO TONNATO
Fine tranche de quasi de veau cuit rosé servi froid avec sa sauce au thon, condiments
SAUMON D'ÉCOSSE
Saumon d'Ecosse matiné façon gravelax, vierge de légumes croquants et houmous de betterave
TOMATES ANCIENNES BURRATA
Carpaccio de tomates anciennes marinées, burrata crémeuse au pesto de pistache menthe et persil
*FOIE GRAS DES LANDES suppl. + 10€
Foie gras mi-cuit, coulis de pommes granny et hibiscus, compotée de pomme au gingembre
PLATS
DORADE ROYALE
Dorade en filet à la plancha, compotée de fenouil et oignons doux aux olives et riz vénéré
CABILLAUD
Dos de cabillaud rôti, polenta crémeuse au cresson, vierge de légumes croquants
CANARD DE BARBARIE ( Ferme des Belvindières )
En deux cuissons, filet rôtie et cuisse confite, compoté de pomme, purée de dattes et navet au safran
PAVE DE COCHON DU « PERCHE »
Pavé de cochon fondant poêlé, gnocchi de pommes de terre et purée de butternut
TRIPES
Tripes de Bœuf cuisinées à La romaine, émulsion de parmesan et herbes fraiches
*POULPE
Poulpe fondant servie en cocotte, piperade de poivrons et tomates pomme de terre fondante
*BŒUF FRANÇAIS MATURE
suppl. + 12€
suppl. + 12€
Pavé de cœur de faux-filet maturé poêlé, gratin de pommes de terre crémeux
*RIS DE VEAU
suppl. + 18€
Doré croustillant au beurre, pommes de terre crapaudines et jeunes pousses d'épinards, purée Crécy
*COTE DE BŒUF POUR 2 PERSONNES
suppl+ 18 € par personnes
Belle cote de bœuf cuit au sautoir servie pour deux personnes, pommes grenailles et jus corsé
DESSERTS OU FROMAGES
- Bleu d'Auvergne
lait de vache
- Tour du Montot
lait de chèvre
- Langres
lait de vache
- St Nectaire lait de vache
FRUITS EXOTIQUES
Fruits exotiques frais sur un lit onctueux de riz au lait, éclats de meringues et sorbet mangue
CHOU CROUSTILLANT
Chou croustillant farci de crème légère à la vanille Bourbon, caramel voyageur
CHOCOLAT ST DOMINGUE
Chocolat cuit comme un soufflé, ganache
colat gingem
e, dés de poire rôtie
Date de l'image: juil. 2025
Google Maps
Les images peuvent être soumises à des droits d'auteur. France
Conditions d'utilisatio

Le Cornichon
José MARION
Photo - avr. 2026
VINS ROSES
esteaux d'Aix
Rosé de Loire « Prose »
gena Rosato (Sicile)
HaEU (st Remy de provence)
jaima Rosa (région Marche/ Lacrima)
VIN DOUX NATUREL
каогу
"La cerisate"
VINS OXYDATIFS
chardonnay oxydatif - VaP
VINS MOELLEUX
conversion VDF
Muscat de rivesalte
Coteaux de l'Aubance "la notiniere"
pinot gris gd cru "Sonnenglanz"
carstraminer od aru "Sonnenalanz"
et Atlantique "Esquisse" demi-sec
&-Taste 37,5cl Vendanges tardives
Sauternes 50cl
Seuternes
VIN DE MACÉRATION ORANGE
Vorange Gewurztraminer vin de cabl
Macération Menu Pineau
VERE rouge pinots macérés
MARE gewurztraminer macéré
CHAMPAGNES
Champagne « La Réserve »
Dampagne Royale réserve non dosé
hampagne R de Ruinart brut
harpagne Louis Roederer brut
Parpagne "La Vigne Royale"
champagne Brut "Cuvée grand siécle"
ROSE
elamotte rosé
Cuvée Rosé
PETILLANT NATUREL
tisant du Jura
Grisant d alscace "Richovila"
Gérant de loire "Initial"
ret NAT Cuvée ZEN (nature)
Magnitude (romorentin)
lainte Genevieve
Hurlani Alpino
epini Pet Nat Blanc
la petite Odyssée Pet Nat rosé
4 temps est bon(b) /Le ciel est bleu (E)
Chateau Revelette
Domaine des Huards
Graci
Domaine Henri Milan
Luigi Giusti
La Domaine des Schiste
Les Terres Blanches
Castagnés
Domaine des Shistes
Chateau Bois-Brançon
Trapet
Trapet
Domaine de 1'Alliance
La Soufrandlère
Domaine de l'Alliance
Château de Myrat
Domaine Fleith Alsace
Jousset
Domaine Trappet
Domaine Trappet
LES BULLES
Palmer
Philipponat
Ruinart
Louis Roederer
Tarlant
Laurent Perrier
Delamotte
laurent Perrier
Domaine La renardière
Domaine Trapet
Domaine des Huards
Bret Brother
Domaine des Huards
Julien Guillot
Italie
Pépin
La petite Odyssée
Calvez Bobinet
2023
2022
2023
2022
2022
2022
2014
2019
2023|
2018
2015
2013
2013
2014
2011
2001
2019
2019
2019
2019
40€
386
46€
42€
34€
52€
66€
38€
28€
48€
72€
72€
48€
150€
95€
150€
68€
42€
62€
62€
90€
98€
100€
10đ€
200€
380€
155€
185€
54€
50€
456
28€
42€
66€
38€
38€
32€
32€
Langres
éclats de mel
Tégère s,
wasine indicate
à confirm
dira dgulpe