Le Duc
Jeff Hartzog
Photo - ao├╗t 2025
Nos Plats
Les
essentiels
Sole in Meuniere butter
Escalopes of John Dory with vodka butter sauce
Goujons of sole with 2 peppers sauce
Langoustine from Scotland. ginger butter
Lobster "Chateau de feuilles
Poissons
Fillet of John Dory with ginger and orange zest
Gilthead sea bream aiguiliettes in lime butter
Monkfish sauteed provence style
Hake steak, rosemary oil
Crustac├ęs
Sauteed lobster with orange butter
Grilled lobster
Tagliatelle, langoustine saffron cream
Cold lobster diced colored tomatoes, basil
Gambas garlic or hot sauce
Gambas yuzu kosho and rosemary butter
Poissons
Grill├ęs
Grilled sole
Grilled John Dory
Grilled sea bass
Fromages
& Desserts
Berries
Strawberries
Mille feuilles (dinner only.
Baba, Rhum or coffee
Trolley of home made pastries
Ice creams and sorbets Maison Berthillon
150ÔéČ/kg
68ÔéČ
90ÔéČ
75ÔéČ
150ÔéČ/kg
68ÔéČ
58ÔéČ
58ÔéČ
60ÔéČ
150ÔéČ/kg
150ÔéČ/kg
60ÔéČ
150ÔéČ/kg
70ÔéČ
75ÔéČ
150ÔéČ/k
ÔéČ
120ÔéČ/kg
140ÔéČ/kg
25ÔéČ
20ÔéČ
22ÔéČ
21ÔéČ
20ÔéČ
18ÔéČ

Le Duc
Isi Idemudia
Photo - mai 2025
Nos Plats
Les
essentiels
Sole in Meuniere butter
Escalopes of John Dory with vodka butter sauce
Goujons of sole with 2 peppers sauce
Langoustine from Scotland , ginger butter
Lobster "Chateau de feuilles"
Poissons
Fillet of John Dory with ginger and orange zest
Gilthead sea bream aiguillettes in lime butter
Monkfish sauteed provence stvie
Cod in a kimchi butter
Crustac├ęs
Les p├ótes royales
Sauteed lobster with orange butter
Grilled lobster
Tagliatellis, langoustine saffron cream
Langoustines en folie
Gambas garlic or hot sauce
Gambas yuzu kosho and rosemary butter
Poissons
Grill├ęs
Grilled sole
Grilled John Dory
Grilled sea bass
Fromages
& Desserts
Fruits
Mille feuiles (dinner only )
Baba, Rhum or coffee
Trolley of home made pastries
Ice creams and sorbets Maison Berthillon
Meneure baguette de Paris 2018 et pain au devam Maisois M seddi
Beurre et cr├Ęme de chez pascal Bellevairo
MOM
150ÔéČ/kg
68ÔéČ
85ÔéČ
75ÔéČ
150ÔéČ/kg
68ÔéČ
58ÔéČ
58ÔéČ
50ÔéČ
95ÔéČ
150ÔéČ/kg
150ÔéČ/kg
60ÔéČ
75ÔéČ
70ÔéČ
75ÔéČ
150ÔéČ/k
ÔéČ
120ÔéČ/kg
140ÔéČ/kg
15ÔéČ
22ÔéČ
21ÔéČ
20ÔéČ
18ÔéČ

Le Duc
Sikemperver
Photo - janv. 2025
Nos Gourmandises
Le Mille Feuilles (Uniquement Le Soir )
Le Chariot De Desserts
Tarte Amandine Ti├Ęde Glace Vanille
Les fruits frais
Tle Flottante
Le baba au Caf├ę
Le baba au rhum
Les sorbets et glaces de chez Berthillon
Boissons chaudes
Caf├ę
Capuccino
Irish coffee
Th├ę (Earl grey, th├ę vert, etc)
Infusions (citronelle, verveine, camomille, , menthe)
22 ÔéČ
20 ÔéČ
25 ÔéČ
15 ÔéČ
20 ÔéČ
21 ÔéČ
21 ÔéČ
18 ÔéČ
8 ÔéČ
12 ÔéČ
25 ÔéČ
8 ÔéČ
8 ÔéČ

Le Duc
Jeff Hartzog
Photo - ao├╗t 2025
Nos Entr├ęes
Les
classiques
Sea bass carpaccio and garlic toasts
Salt cured salmon with Noirmoutier potatoes
Fresh crab from Brittany in salad
Blue fin tuna tartare (add caviar+40)
Les
cr├ęations
Sea bream carpaccio, bengali kaffir and orange"
Langoustine tartare with caviar
Red mullet tartare with yuzu kosho tapenade
Black mullet, sesame and basil leaf
Sea bass yuzu and truffle oil
Poissons
C├ęphalopo
des
Coquillages
Crustac├ęs
Deep fried calamaris
Pan fried calamaris with garlic
Warm monkfish carpaccio
calamaris chipotle chilist
Hu├«tres "Perle blanche" (Dozen)
Poached langoustines and mayonnaise
Clams in creamy thyme sauce
Clams with green chilies and garlic
Nos Salades
Green salad lemon and olive oil dressing 12ÔéČ
Trombolino zucchinis and mullet bottarga 25ÔéČ
Sea asparagus, lemon dressing 16 ÔéČ
Nos accompagnements
Sauteed yellow zucchinis 12ÔéČ
Steamed "beurre"beans 12ÔéČ
Sauteed green beans with chilies and garlic 15ÔéČ
Potatoes from the coats of Noirmoutier 15ÔéČ
35ÔéČ
35ÔéČ
64ÔéČ
30ÔéČ
28ÔéČ
90ÔéČ
30ÔéČ
20ÔéČ
38ÔéČ
32ÔéČ
32ÔéČ
35ÔéČ
32ÔéČ
48ÔéČ
72ÔéČ
32ÔéČ
32ÔéČ

Le Duc
Sikemperver
Photo - janv. 2025
Les
classiques
Les
cr├ęations
Poissons
Cephalopo
des
Coquillages
Crustaces
Nos Entr├ęes
Sea bass carpaccio and garlic toasts
Salt cured salmon with noirmoutier potatoes
Scallops carpaccio and caviar
Fresh crab from Brittany in salad
Raw langoustines with kizami wasabi
Sea bream carpaccio with "3 citrus zest"
Langoustine tartare with caviar
Sea bass with truffle oil and yuzu
Deep fried calamaris
Pan fried calamaris with garlic
Fish soup and garlic croutons
Warm monkfish carpaccio
Pan fried calamaris turmeric
Huitres perle blanche (Dozen)
Poached langoustines and mayonnaise
Clams in creamy thyme sauce
Clams with green chilies and garlic
Nos Salades
Green salad lemon and olive oil dressing 12ÔéČ
Nos accompagnements
Caramelised endives 12ÔéČ
Steamed green beans 12ÔéČ
Potatoes from the coats of Noirmoutier 15ÔéČ
Colored mini carrots roasted in butter 12ÔéČ
35ÔéČ
35ÔéČ
90ÔéČ
57ÔéČ
40ÔéČ
28ÔéČ
90ÔéČ
45ÔéČ
32ÔéČ
32ÔéČ
20ÔéČ
35ÔéČ
32ÔéČ
48ÔéČ
70ÔéČ
32ÔéČ
32ÔéČ

Le Duc
Jeff Hartzog
Champagnes ├á la Coupe
Photo - ao├╗t 2025
Taittinger Brut R├ęserve
Taittinger Comtes De Champagne Grand Cru Mill├ęsim├ę 2013
Lallier ├á A Y Reflexion R.021 Brut Ros├ę
Vins au Verre
Blancs
Chinon ┬ź La Croix Boiss├ęe ┬╗ Domaine De La Chapelle 2023
Domaine Souviou C├┤te De Provence 2023
Sancerre ┬ź Les Caillottes ┬╗ Pascal Jolivet 2023
Chablis Grand R├ęgnard 2023
Chassagne Montrachet ┬ź Au Pied Du Mont Chauve ┬╗En Pimont 2021
Rouges
Chinon ┬ź Les Lutteurs ┬╗ Domaine De La Chapelle 2023
Sancerre la poussie 2023
Ch├óteau Malherbe C├┤te De Provence 2022
La Seigneurerie D'Olivier 2017
Clos Du Marquis Saint Julien 2012
Santenay R├ęgnard 2023
Ros├ę
Ch├óteau D * Essclans C├┤te De Provence Ros├ę 2023
Ap├ęritifs
Sir Royal (12 cl)
Kir Vin Blanc (14 cl)
Am├ęricano (18 cl)
Anis├ę (4 cl)
Porto Rouge 10 ans (10 cl)
Porto Blane (10 cl)
Vermouth (12 cl)
Lillet, Sherry Dry (10 cl)
Muscat (10 cl)
12 cl
25
45
28
18 cl
15
15
17
25
45
15
16
15
18
40
26
16
28
17
5
10
10
16
10
10

Le Duc
Jeff Hartzog
Photo - ao├╗t 2025
Calvados
Coquerel Grand Calavados 15 Ans C
Coquerel Mill├ęsime 1972
208/351
Coquerel Mill├ęsim├ę 1956 182 /384
Cognaes
Fran├žois De Martignac Vsop
Cognac X0 R├ęserve Personnelle Baron Patrick
Hennessy XO
Hennessy ┬ź Paradis ┬╗ Rare Cognac
Bas-Armagnacs
Ch├óteau De Laubade 6 ans
Darroze Domaine De Petit Lassis 1988
Darroze Domaine De Bellair 1967
Darroze Ch├óteau de Lass├ęrade 1946
Prix (Comt 4cl)
20
75
120
40
90
45
110
40
55
90
140

Le Duc
Sikemperver
Photo - janv. 2025
Nos trouvailles
Turbot carpaccio and fresh yuzu peel 40ÔéČ
Seared langoustines shiso leaf, sea urchin 38ÔéČ
Langoustine tartare with Iranian loomi 45ÔéČ
Sea urchins bruschettas 22ÔéČ
Urchins on a toast with caviar 60ÔéČ
~
Pot au feu "Le Duc" 28ÔéČ
Ake steak seared in rosemary oil 60ÔéČ
Monkfish fillet in ginger Meuniere butter 58ÔéČ
Puree with black truffles 42ÔéČ

Le Duc
Sikemperver
Photo - janv. 2025
Vins de Desserts
Sauternes
Ch├óteau Y quem ler Cru Sup├ęrieur 2013
Ch├óteau Y quem ler Cru Sup├ęrieur 2010
Ch├óteau Yquem 1* Cru Sup├ęrieur 2016 en 1/2
Ch├óteau Y quem 1┬¬ Cru Sup├ęrieur 1997
Ch├óteau Y quem 1* Cru Sup├ęrieur 1946
Muscat Corse (verre)
Vouvray ┬ź Nectar Br├ędif ┬╗ 1/2 Bouteille
Alcools et Liqueurs
Sab'sGin De Batard ┬źBatard Montrachet ┬╗(6cl)
Vieille Prune ┬ź Vedrenne ┬╗ (6el)
Chartreuse Verte (6el)
Abricot ┬ź Roulot ┬╗ (6cl)
Kirch (6cl)
Taittinger ┬ź Nocturne ┬╗Demi Sec ├á La Coupe
Grappa .Nonino ┬ź Riserva ┬╗ 5 Ans
Expresso Martini
Limoncellu ┬ź Corsica ┬╗ (6el)
Framboise (6el)
Poire Williams (6el)
990 ÔéČ
1 450 ÔéČ
580 ÔéČ
1 180 ÔéČ
5 200 ÔéČ
10 ÔéČ
45 ÔéČ
15 ÔéČ
16 ÔéČ
25 ÔéČ
12 ÔéČ
20 ÔéČ
21 ÔéČ
15 ÔéČ
20 ÔéČ
15 ÔéČ
20 ÔéČ
20 ÔéČ

Le Duc
Jeff Hartzog
Photo - ao├╗t 2025
Alcools Blancs
Poire Williams
Framboise
Kirsch
Prix (Cont 6cl)
20
20
20
Alcools Divers
Vieille Prune ┬ź vedrenne ┬╗
Liqueurs
Gin
Vodka absolut
Vodka Grey Goose, Elit
Vodka Belvedere
Rhum Cl├ęment VSOP
Rhum Vieux Agricole Hors D ├óge Hom├Ęre Cl├ęment
Rhum Zacapa Edition Negra
Divers
18
10
15
15
35
45
8
Bi├Ęre Pilsner Urquel ( 3cl)
Heineken (20cl)
Heineken 0.0% (33cl)
Eaux Min├ęrales (50cl) Evian, Badoit
Chateldon (75cl)
Jus de fruit (20cl) (Tomate, Pur Jus de Fruit er autres ├á base de concentr├ęs)
Caf├ę, D├ęcaf├ęin├ę
Infusion
Irish Coffee
8
25

Le Duc
Jeff Hartzog
Photo - ao├╗t 2025
Whiskies
Jack Daniels Sour Mash
Oban
Dalwhinnie
Michel Couvreur
Johnnie Walker Black Label
Johnnie Walker Red Label
Lagavulin Islay Single Malt 16 ans D ├óge
Glenmorangie The Nectar D'or
Cardhu single malt
Ardbeg An Oa ┬ź Islay Single Malt ┬╗
Chivas Regal 12 ans
Akashi OAK
Single Malt Yoichi
Hibiki Suntory Whisky Japenese Harmony
Royal Salute 21 ans
Bourbons
Four roses
Makers Mark
T├ęquilas
San Jos├ę Silver
Don Julio Blanco
Manojo Mescal Artesanal
Patron Silver
Lalocura Edouardo Angeles
Avion Reserva 44
Avion Reserva Cristalino
Cocktails
Spritz
Margarita ┬ź T├ęquila Patron Silver ┬╗
Moscow Mule
Mexican Mule
Jamaican Mule
Poissins
Prix (Cont 6c)
20
30
25
40
20
20
35
25
35
25
20
30
30
50
50
20
30
18
30
35
35
60
20
25
20
20
20