--- Page 0 (PDF OCR) ---
Samedi 23 Mai 2026
Carte Restaurant Online
Menu ErnestEntrée & plat ou plat & dessert 50€ et Entrée & plat & dessert S6€|
Premières asperges blanches
[A]
Sauce mousseline
Salade aux trois tomates ,burrata au basilic

--- Page 1 (PDF OCR) ---
[A]
Soupe de poissons de roche, croutons à l'ail,

--- Page 2 (PDF OCR) ---
[A]
rouille maison
Dos de merlu aux herbes, sauce vierge

--- Page 3 (PDF OCR) ---
[A]
haricots verts
Saumon d'Ecosse, bouillon de coquillages au gingembreépinards frais aux sésames
mincé de lotte Tandoori, crème de champienons (Sup. 8 €)

--- Page 4 (PDF OCR) ---
épinards frais
Rafraîchi de fruits frais exotiques, glace coco
Glace Berthillon (2 parfums au choix)
Granité pomme & Calvados (sup. 6€)
Entrées
Soupe de poissons de roche, croutons à l'ail,

--- Page 5 (PDF OCR) ---
[A]
19
rouille maison
Premières asperges blanches

--- Page 6 (PDF OCR) ---
A]
28
Sauce mousseline
Damier de saumon d'Ecosse ,crème de wasabi
28
Calade auy trois tamates numate au hastite

--- Page 7 (PDF OCR) ---
A]
28
Foie gras du Sud-Ouest au torchon, rhubarbe confite
Verre de Sauternes Cht. Rieussec 2021 (Sup.17 €)
Tomate Kumato tarcie de chair de crabe.
36
tartare d'avocat
Salade de homard Bleu au basilic et avocat

--- Page 8 (PDF OCR) ---
[A]
65
Suggestions du jour
Langoustines rôties entières en carapace.

--- Page 9 (PDF OCR) ---
48
risotto aux herbes
Tagliatelles au homard bleu
68
sauce crustacés
Bouillabaisse Marseillaise traditionnelle (prix par pers)
70
minimum 2 personned
Homard bleu rôti entier

--- Page 10 (PDF OCR) ---
130
reatin aliy herhas
Poissons selon arrivage
Malet de harbite merintére
38
risotto aux herbes
Dos de merlu aux herbes, sauce vierge.
38
haricots verts
Saumon d'Ecosse, bouillon de coquillages au gingembre,

--- Page 11 (PDF OCR) ---
[A]
38
épinards aux sésames
Émincé de lotte tandoori ,crème de champignons

--- Page 12 (PDF OCR) ---
[A]
42
Epinards frais
Belle sole meunière tradition,

--- Page 13 (PDF OCR) ---
[A]
65
mousseline de pommes de terre
Tronçon de turbot rôti, sauce Béarnaise

--- Page 14 (PDF OCR) ---
68
Asperges blanches rôties
Pièces du Boucher
Subreme de volaille termier roti

--- Page 15 (PDF OCR) ---
A]
38
Légumes de saison
Entrecôte "Black-Angus" poêlée, sauce béarnaise
58
pommes grenaille & haricots verts
Fromage
Saint-Marcellin,

--- Page 16 (PDF OCR) ---
[A]
115 tre Richard
Desserts
Katraichi de truts frais exotiques, g ace cocol

--- Page 17 (PDF OCR) ---
[A]
Millefeuille " Napoléon" parfumé au rhum et à la vanille

--- Page 18 (PDF OCR) ---
17
Fraises Françaises Mara des bois
Maison BOURJOT, Jouy Le Chatel
Délice coco au citron vert parfumé a la Tequila
18
Tarte au chocolat Manjari et sa ganache passion
19
Méli-Mélo de fruits rouges
20
Glaces & Sorbets
Panaché de sorbets
Sorbet cacao extra-bitter
16
Sorbet fraises des bois

--- Page 19 (PDF OCR) ---
L8 créole, glace rhum raisin amandes grillées
[A]
16
Foujita, glace pistache et amaretto
Colonel, sorbet citron vert et vodka
Sorbet pomme verte, calvados
18
Sorbet mandarine, liqueur mandarine Napoléon,
19
façon Baron d'Halloy
la Chartreux Sorbet cacao, Chartreuse d'Elixir
19,5
Liqueur d'Elixir 1605
Glaces et Sorbets Berthillon 2 boules

--- Page 20 (PDF OCR) ---
15
vanille bourbon, chocolat noir, moka, caramel beurre salé, pistache, pamplemousse,
fruits de la passion, framboise, mangue, noix de coco, cassis, citron vert, pomme verte
Thé vert
Intistan
Thé
5,5
Café arabica
Fruits de Mer

--- Page 21 (PDF OCR) ---
Vin du moment
Verre de Château Rieussec 2021|
17
Sauternes ler Grand Cru Classée (8cl)
Coupe de Taittinger rosé
servi en Magnum
Nos Compositions
Plateau découverte
55
Huîtres de nos régions
2 Etoiles de Carnac Nº3, 2 Fines de Claire N°2, 2 Tsarskaya N°2, 2 Spéciales Gillardeau N°2.
Le Marine

--- Page 22 (PDF OCR) ---
[A]
95
1/2 Tourteau, 4 crevettes Madagascar, 3 spéciales Gillardeau Nº2, 3 Tsarskaya Nº2, 3 Fines
de Claire 2, Bulots, crevettes grises.
Plateau du DÔME

--- Page 23 (PDF OCR) ---
175urteau. 8 crevettes de Madagascar, 6 spéciales Gillardeau Nº2,
6 Fines de Claire N°2, 6 Tsarskaya N°2.
Bulots, crevettes grises.
Le Haute Mer
195
Langouste . tourteau, o crevettes Madagascar. 3 Speciales etolle de Carnac N'3.s
Spéciales Gillardeau Nº2, 3 Fines de claire Claires Nº3, bulots.
Coquillages et Crustacés
Portion de bulots
Crevette de Madatascar

--- Page 24 (PDF OCR) ---
Label rouge "7 pides"
Tourteau
25
Demie Langouste mayonnaise
37
Le choix de l'Ecailler
L'Etoile de Carnac Nº3 (les6)
33
Huître spéciale d'exception
Huîtres de nos régions
Spéciale N°5 (les 6)

--- Page 25 (PDF OCR) ---
[A]
24
Gillardeau
Spéciale N°2 (les 6)

--- Page 26 (PDF OCR) ---
[A]
36
Gillardeau
Fine de Claire Nº3 (les6)
24
Breuil
Fine de Claire Nº2 (les6)

--- Page 27 (PDF OCR) ---
27,3
Fontenean
Tsarskaya N°2 (les 6)
33
Pam Saint. Kether
Belons TG (les6) |
Huîtres Plates

--- Page 28 (PDF OCR) ---
Cadoret
Vins au Verre
Cotes du Rhône blane 2024
11|
maison E. Guigal
Sancerre 2024
Roger Neveu
Chablis ler Cru 2022
22
Montée de Tonnerre Louis Michel & Fils
14cl

--- Page 29 (PDF OCR) ---
Saint-Aubin ler cru 2021|
23
Domaine François Legros
Côte du Rhône rouge 2024
10
Maison Guigal
Menetou-Salon 2023
12
Dom. de Châtenoy, Clément
2nd de Pez.
[A]
13
Saint-Estephe 2021
Mercurey Clos du Chapitre 2023
Charton
hatean altesanne ?

--- Page 30 (PDF OCR) ---
Coteaux d'Aix-en-Provence AOP
Minuty "Prestige" 2023