--- Page 0 (PDF Text) ---
Indiquez vos allergies au serveur lors de la prise de commande
M E N U
leflorissant.com • +33 1 43 21 30 00
3 rue Bézout - 75014 Paris

--- Page 1 (PDF Text) ---
Indiquez vos allergies au serveur lors de la prise de commande
小 吃 E N T R É E S
E 1 - N Ê M S A U P O R C O U P O U L E T
Rouleau frit garnie avec une farce au porc ou poulet
service avec une saue nuoc mam
E 3 - R A V I O L I S A U X C R E V E T T E S À L A V A P E U R
R a v i o l i s s r i r a c h a
c u i t à l a v a p e u r s e r v i e n 4 p c s a v e c u n e E 4 - P O T A G E P É K I N O I S
P o t a g e é p i c é e a u x c h a m p i g n o n s , p o u l e t e t b a m b o u
€5.50
€5.50
s a u c e
€5.00
€5.00
E 5 - P O T A G E D E B O E U F X I H U
P o t a g e à l ' é m i n c é d e b o e u f e t o e u f s
E 6 - B E I G N E T S D E C R E V E T T E S
B e i g n e t s d e c r e v e t t e f r i t à l a E 7 - B E I G N E T S D E P O U L E T
S e r v i a v e c u n e s a u c e a i g r e - d o u x
E 8 - S A L A D E T H A Ï A U P O U L E T €7.50
f a ç o n t e m p u r a
€5.80
€8.00
Indiquez vos allergies au serveur lors de la prise de commande

--- Page 2 (PDF Text) ---
Indiquez vos allergies au serveur lors de la prise de commande
饺子 R A V I O L I S
6pcs 12pcs
R 9 A U - R A V I O L I S
P O R C E T C H O U X C H I N O I S
R a v i o l i s l '
e a u o u f a i t g r i l l é
m a i n e t m a i s o n . €6.80 €12.50
C u i s s o n à
R 1 0 - R A V I O L I S A U P O R C E T
C I B O U L E T T E C H I N O I S
€6.80
€12.50
R a v i o l i s l '
e a u o u f a i t g r i l l é
m a i n e t m a i s o n . C u i s s o n à
R 1 1 - R A V I O L I S A U P O R C E T R a v i o l i s l '
e a u o u f a i t g r i l l é
m a i n e t m a i s o n . R 1 3 - G Y O Z A P O R C O U P O U L E T
C u i s s o n à l '
e a u o u g r i l l é
F E N O U I L
C u i s s o n à
€6.80
€12.50
€6.80
€12.50
R 1 4 A U - R A V I O L I S
K I M C H I " V É G É T A R I E N S " G R I L L É S
€6.80
€12.50
C u i s s o n à l '
e a u o u g r i l l é

--- Page 3 (PDF Text) ---
Indiquez vos allergies au serveur lors de la prise de commande
面 类 N O U I L L E S
N 1 ( A U - T O N K O T S U C H O I X P O R C - P O U L E T B o u i l l o n v i a n d e
a b a s e R A M E N
- C R E V E T T E )
d e p o r c €14.00
a c c o m p a g n é d e l é g u m e s e t
N 3 - S O U P E D E N O U I L L E S
A U X T R A V E R S D E P O R C -
⽇ 式 拉 ⾯
S o u p e h e r b e s d e n o u i l l e s a r o m a t i q u e s
a c c o m p a g n é d e t r a v e r s d e p o r c e t
N 4 - S O U P E D E N O U I L L E S F A Ç O N S I C H U A N
B o u i l l o n p i m e n t é a c o o m p a g n é d e à b a s e d e f i n e t r a n c h e p o i v r e d u d e v i a n d e s i c h u a n ,
e t l é g u m e s
N 5 - N O U I L L E S À L A S A U C E D E S O J A ( Z H A J I A N G )
B o u i l l o n p i m e n t é a c o o m p a g n é d e à b a s e d e f i n e t r a n c h e p o i v r e d u d e v i a n d e s i c h u a n ,
e t l é g u m e s
N 6 - N O U I L L E S F A Ç O N P É K I N O I S E
N o u i l l e s à b a s e d e s o u p e p é k i n o i s e
N 7 - S O U P E D E N O U I L L E S R A V I O L I S A U X C R E V E T T E S
s o u p e a c c o m p a g n é d e r a v i o l i s a u x c r e v e t t e s
€12.80
€12.80
€12.80
€11.80
€13.80
Indiquez vos allergies au serveur lors de la prise de commande

--- Page 4 (PDF Text) ---
Indiquez vos allergies au serveur lors de la prise de commande
B O B U N
V 1 - B O B U N A U X C R E V E T T E S 2 F A Ç O N S
V e r m i c e l l e s c r e v e t t e s e n d e r i z c o m p o s é 2 f a ç o n s . S e r v i d e a v e c l é g u m e s , u n e n e m s s a u c e e t n u o c €15.50
d e
m a m
V 2 - B O B U N A U B O E U F
V e r m i c e l l e s b o e u f . S e r v i d e r i z a v e c c o m p o s é u n e s a u c e d e n u o c l é g u m e s , m a m
€12.80
n e m s e t d e
V 3 - B O B U N A U P O U L E T
V e r m i c e l l e s p o u l e t . S e r v i d e r i z a v e c c o m p o s é u n e s a u c e d e l é g u m e s , n u o c m a m
€12.80
n e m s e t d e
V 4 - B O B U N V É G É T A R I E N A U T O F U
V e r m i c e l l e s S e r v i a v e c d e u n e r i z c o m p o s é s a u c e n u o c d e m a m
l é g u m e s , €11.80
n e m s e t d e t o f u .
Indiquez vos allergies au serveur lors de la prise de commande

--- Page 5 (PDF Text) ---
Indiquez vos allergies au serveur lors de la prise de commande
饭 类 P L A T S D E R I Z
R 1 - R I Z A U B O E U F
R i z a v e c b l a n c h e d u b o e u f m a i s o n
€14.50
s a i g n a n t a c c o m p a g n e d '
u n e s a u c e
R 2 - B I B I M B A P A U B O E U F
P l a t d e s e r v i v i a n d e d a n s b o e u f u n e t b o l d e d e p i e r r e l é g u m e s €14.50
c h a u d e , e t o e u f s
c o m p o s é d e r i z ,
€14.50
R 3 - B I B I M B A P A U P O U L E T
P l a t d e s e r v i p o u l e t d a n s e t d e u n b o l d e l é g u m e s p i e r r e e t o e u f s
c h a u d e , c o m p o s é d e R 4 - B I B I M B A P A U S A U M O N
P l a t d u s e r v i s a u m o n d a n s e t u n d e b o l d e l é g u m e s p i e r r e e t o e u f s
c h a u d e , c o m p o s é d e R 5 - B I B I M B A P A U P O R C
P l a t s e r v i d a n s u n b o l d e p i e r r e d u p o r c e t d e l é g u m e s e t o e u f s
c h a u d e , c o m p o s é d e R 6 - R I Z L O C L A C
R i z s a u t é b o e u f l o c à l a l a c
s a u c e t o m a t e , a c c o m p a g n é d e v i a n d e R 7 - B I B I M B A P V É G É T A R I E N
P l a t d e s e r v i l é g u m e s d a n s e t u n o e u f s
b o l d e p i e r r e c h a u d e , c o m p o s é d e R 8 - R I Z A U P O U L E T G R I L L É C I T R O N N E L L E
R i z s a u c e a v e c u n n u o c p o u l e t m a m
g r i l l é à l a c i t r o n n e l l e . S e r v i a v e c r i z ,
r i z ,
r i z ,
d e
r i z ,
u n e
€15.50
€14.50
€12.90
€14.00
€11.50
Indiquez vos allergies au serveur lors de la prise de commande

--- Page 6 (PDF Text) ---
Indiquez vos allergies au serveur lors de la prise de commande
P L A T S
P O U L E T G R I L L É A U G I N G E M B R E
P o u l e t f r i t a s s a i s o n n é d e s a u c e à b a s e P O U L E T C A R A M E L I S É
P o u l e t c a r a m é l i s é e t g r a i n e s d e s é s a m e
P O U L E T S A U T É A U S E L E T A U P O I V R E
P o u l e t s a u t é a u s e l e t a u p o i v r e
B O E U F A U X O I G N O N S
B o e u f s a u t é a u x o i g n o n s
B O E U F À L A S A U C E P I Q U A N T E
B o e u f s a u t é a v e c u n e s a u c e p i m e n t é e
C R E V E T T E S S A U T É E S
C r e v e t t e s s a u t é e s
C R E V E T T E S S A U T É E S A U S E L E T A U C r e v e t t e s s a u t é e s a u s e l e t a u p o i v r e
€11.00
d e g i n g e m b r e
€11.00
€10.80
€11.00
€11.00
€15.50
P O I V R E
€17.50
Indiquez vos allergies au serveur lors de la prise de commande

--- Page 7 (PDF Text) ---
Indiquez vos allergies au serveur lors de la prise de commande
A C C O M P A G N E M E N T S
A 1 - E D A N A M E €5.00
A 2 - N O U I L L E S N o u i l l e s s a u t é S A U T É E S N A T U R E S
a u w o k a v e c c a r o t t e s , s o j a s , e t o e u f
€8.00
A 3 - N O U I L L E S S A U T É E S A U X C R E V E T T E S
N o u i l l e s a u t é a u w o k a v e c c r e v e t t e s , o e u f , c a r o t t e s s o a j
A 4 - N O U I L L E S S A U T É E S A U X B O E U F
N o u i l l e s s a u t é a u w o k a v e c b o e u f , o e u f , c a r o t t e s e t
s o j a s
A 5 - R I Z S A U T É C A N T O N N A I S
R i z o e u f s a u t é e t à l a j a m b o n
c a n t o n n a i s e c o m p o s é d e r i z , p e t i t A 6 - R I Z N A T U R E €13.50
e t
€11.00
€5.00
p o i s ,
€3.00
A 7 - B R O C O L I S A U T É €7.80
A 8 - C H O U X S H A N G H A Ï S A U T É €7.80
Indiquez vos allergies au serveur lors de la prise de commande

--- Page 8 (PDF Text) ---
Indiquez vos allergies au serveur lors de la prise de commande
P O K É B O W L
P 1 - P O K E B O W L A U S A U M O N
B o w l c o m p o s é l é g u m e s
d e s a u m o n , d e f r u i t s f r a i s d e s a i s o n e t P 2 - P O K É B O W L A U T H O N
B o w l c o m p o s é l é g u m e s . S e r v i d e t h o n , a v e c u n e d e f r u i t s s a u c e f r a i s d e p i m e n t é e s a i s o n à b a s e e t d e P 3 - P O K E B O W L A U P O U L E T
B o w l c o m p o s é l é g u m e s
d e p o u l e t , d e f r u i t s f r a i s d e s a i s o n e t P 4 - P O K E B O W L V É G É T A R I E N
B o w l c o m p o s é l é g u m e s
d e t o f u , d e f r u i t s f r a i s d e s a i s o n e t d e
P 5 - P O K É B O W L A U C R E V E T T E T E M P U R A
B o w l d e c o m p o s é l é g u m e s
d e c r e v e t t e s , d e f r u i t s f r a i s d e s a i s o n T A R T A R E S
€14.50
d e
€16.00
d e
c r è m e
€14.00
d e
€14.00
€15.50
e t
T 1 - T A R T A R E D E S A U M O N T 2 - T A R T A R E D E S A U M O N A U F R U I T S F R A I S
€11.50
€13.00
T 3 - T A R T A R E D E S A U M O N A V O C A T
€13.00

--- Page 9 (PDF Text) ---
Indiquez vos allergies au serveur lors de la prise de commande
D E S S E R T S
M O C H I ( T H É G L A C É 2 P C S
V E R T , V A N I L L E , €6.00
M A N G U E , F R A I S E )
S A L A D E D E F R U I T S F R A I S
€5.50
L I T C H I S A U S I R O P
€4.00
N O U G A T S A U X S É S A M E S
€4.00
G I N G E M B R E C O N F I T S
€4.00
P E R L E S D E C O C O 2 P C S
€4.00
C H E E S E C A K E A U T H É V E R T
€7.50
D A I F U K U
( C H O C O L A T , €4.00
T H É V E R T , M A N G U E )
A N A N A S / M A N G U E F R A Î C H E ( S E L O N D I S P O N I B I L I T É )
€7.50
Indiquez vos allergies au serveur lors de la prise de commande

--- Page 10 (PDF Text) ---
Indiquez vos allergies au serveur lors de la prise de commande
B O I S S O N S
E V I A N
€3.00
B A D O I T
€3.00
C O C A - C O L A
€3.00
C O C A - C O L A Z E R O
€3.00
R A M U N E ( L I M O N A D E J A P O N A I S E
€4.50
O R A N G I N A
€3.00
B O I S S O N C I T R O N E T A U M I E L
€3.50
B O I S S O N À L ' A L O E V E R A
€3.50
B O I S S O N A U G I N G E M B R E E T M I E L
€4.00
T H É V E R T / T H É J A S M I N
€3.00
B I È R E S
T S I N G T A O
€3.80
K I R I N
€3.80
A S A H I
€3.80
Indiquez vos allergies au serveur lors de la prise de commande

--- Page 11 (PDF Text) ---
V I N Indiquez vos allergies au serveur lors de la prise de commande
R O U G E
25CL 50CL VERRE
75CL
C Ô T E S D U R H Ô N E
B O R D E A U X
T O U R A I N E G A M A Y
€11.50
€15.50
€7.00 €4.50
€16.50
€18.80
V I N R O S É
C Ô T E S D E P R O V E N C E
T A V E L
€18.50
€22.50
V I N B L A N C
M U S C A D E T
€19.50
V I N P I C H E T
R O U G E , R O S É , B L A N C
25CL 50CL VERRE
€6.00 €9.50 €3.50
Indiquez vos allergies au serveur lors de la prise de commande