--- Page 0 (PDF Text) ---
LE JERO CHEZ VOUS
"A EMPORTER UNIQUEMENT"
Entrées
C R O U S T I L L A N T S D E G A M B A S A U X C U R R Y B R E T O N
GLUTENCRUSTACESOEUFS
12,00 EUR
C E V I C H E D E M A I G R E , Y A O U R T G R E C E T C A N C H A
12,00 EUR
F R I T E S D ’ H A L L O U M I , P A K C H O I E T S A U C E T A R T A R E
12,00 EUR
B O U D I N T I E D E D E L A N G O U S T I N E S , T A N D O O R I
CRUSTACESOEUFSPOISSONSLAIT
14,00 EUR
T A T A K I D E C A N A R D , P O N Z U E T H O U M O U S
SOJASESAME
12,00 EUR
F R I C A S S E E D ' E S C A R G O T S D E B O U R G O G N E A U C H O R I Z O
LAIT
12,00 EUR
F O I E G R A S D E C A N A R D , P A I N D ’ E P I C E S & R H U B A R B E
16,00 EUR
Salades
S A L A D E V E G E
Salade Romaine, pesto, mozzarella, tomates, avocat, oignons crispy, pignons de pin, œuf
mollet
GLUTENOEUFSLAITMOUTARDE
13,00 EUR
S A L A D E C E S A R P O U L E T
Salade Romaine, poulet mariné, sauce Caesar, parmesan, croûtons, œuf mollet, tomates
cerises
GLUTENOEUFSLAITMOUTARDE
13,00 EUR
S A L A D E C E S A R S A U M O N
Salade Romaine, saumon mariné, sauce Caesar, parmesan, croûtons, œuf mollet, tomates
cerises
GLUTENOEUFSPOISSONSLAITMOUTARDESESAME
13,00 EUR
S A L A D E C E S A R J A M B O N C R U
Salade Romaine, jambon cru de montagne, sauce Caésar, parmesan, croûtons, œuf mollet,
tomates cerises
GLUTENOEUFSLAITMOUTARDE
13,00 EUR
S A L A D E C E S A R G A M B A S
Salade Romaine, gambas, sauce Caesar, parmesan, croûtons, œuf mollet, tomates cerises
GLUTENCRUSTACESOEUFSLAITMOUTARDE
13,00 EUR
Burgers
C H E E S E B U R G E R
Bœuf 150 g, double mozzarella fumée, tomates séchées, pickles oignon, oignons crispy.

--- Page 1 (PDF Text) ---
GLUTENOEUFSLAITMOUTARDE
13,00 EUR
B A C O N C H E E S E B U R G E R
Bœuf 150 g, Bacon Ibérique, double mozzarella fumé, tomate séchées, pickles oignon,
oignon crispy.
GLUTENOEUFSLAITMOUTARDE
13,00 EUR
C H I C K E N B U R G E R
Filet de poulet mariné, sauce curry maison, double mozzarella fumée, oignons crispy,
pickels d'oignons et tomates séchées.
GLUTENOEUFSLAITMOUTARDE
13,00 EUR
B A C O N C H I C K E N B U R G E R
Filet de poulet mariné, bacon Ibérique, sauce curry maison, double mozzarella fumée,
oignons crispy, pickles d'oignons et tomates séchées.
GLUTENOEUFSLAITMOUTARDE
13,00 EUR
H A M B U R G E R A L ' E F F I L O C H E E D E V E A U C O N F I T
Effilochée de veau confit, sauce barbecue maison, double mozzarella fumée, tomates
séchées, pickles d'oignons, oignons crispy.
GLUTENOEUFSLAITMOUTARDE
13,00 EUR
H A M B U R G E R A L ' E F F I L O C H E E D E V E A U C O N F I T E T B A C O N
Effilochée de veau confit, sauce barbecue maison, double mozzarella fumée, bacon
Ibérique, tomates séchées, pickles d'oignons, oignons crispy.
GLUTENOEUFSLAITMOUTARDE
13,00 EUR
Pâtes
M A C A R O N I A U V E A U C O N F I T
Veau confit, tomate, pesto, mascarpone, parmesan, mozzarella
GLUTENOEUFSLAIT
13,00 EUR
M A C A R O N I B U R R A T A P O U L E T
Pesto, Burrata, poulet, pignons de pin, tomates séchée, mascarpone, parmesan
GLUTENOEUFSLAIT
13,00 EUR
Plats
M I - C U I T D E T H O N G R I L L E A U S E S A M E
POISSONSSOJASESAME
22,00 EUR
P O U L P E G R I L L E , J U S I N F U S E A U C H O R I Z O
LAITMOLLUSQUES
22,00 EUR
N O I X D E P E T O N C L E S G R I L L E E S , C R E M E D E M O R I L L E S
CRUSTACESLAIT
25,00 EUR
G N O C C H I , A S P E R G E S V E R T E S & P A R M E S A N
22,00 EUR
A G N E A U D E 7 H C O N F I T A L A C I T R O N N E L L E
LAIT
25,00 EUR
P L U M A I B E R I Q U E G R I L L E E , V I N A I G R E D E X E R E S
22,00 EUR

--- Page 2 (PDF Text) ---
E N T R E C O T E " B L A C K A N G U S " , B E U R R E C A F E D E P A R I S
LAIT
27,00 EUR
Fromages
C A M E M B E R T R O T I A L A T R U F F E N O I R E D E P E R I G O R D
LAITFRUITS A COQUE
12,00 EUR
T O M M E D E M O N T A G N E G R I S E A F F I N E E , M E S C L U N A U X N O I X D E
P E C A N
8,00 EUR
Desserts
M I N E S T R O N E D ' A N A N A S - P A S S I O N
8,00 EUR
T R U F F E S A U C H O C O L A T , 1 3 0 G
LAIT
10,00 EUR
M A N G U E - P A S S I O N C U R D , S A B L E B R E T O N E T S O R B E T P A S S I O N
OEUFSLAIT
8,00 EUR
K O U I G N A M A N N A U X P O M M E S C A R A M E L I S E E S , S O R B E T C I D R E
B R E T O N
GLUTENOEUFSLAIT
8,00 EUR
M I L L E F E U I L L E M I N U T E A U C H O C O L A T , G L A C E N O I S E T T E
GLUTENOEUFSLAIT
8,00 EUR
P A V L O V A F R A I S E , S O R B E T F R A M B O I S E– V I O L E T T E
GLUTENOEUFSLAIT
8,00 EUR
G A U F R E E N P R O F I T E R O L E , A M A N D E S T O R R E F I E E S
8,00 EUR
Formule du déjeuner (Du lundi au vendredi)
ENTRÉE+PLAT+DESSERT
24,00 EUR
CARTE DE PRINTEMPS
ENTRÉES
C R O U S T I L L A N T S D E G A M B A S A U C U R R Y B R E T O N
16,00 EUR
C E V I C H E D E M A I G R E , Y A O U R T G R E C E T C A N C H A
16,00 EUR
F R I T E S D ’ H A L L O U M I , P A K C H O I E T S A U C E T A R T A R E
15,00 EUR
B O U D I N T I E D E D E L A N G O U S T I N E S , T A N D O O R I
17,00 EUR
T A T A K I D E C A N A R D , S A U C E P O N Z U E T H O U M O U S
15,00 EUR
F R I C A S S E E D ’ E S C A R G O T S A U C H O R I Z O

--- Page 3 (PDF Text) ---
16,00 EUR
F O I E G R A S D E C A N A R D , P A I N D ’ E P I C E S & R H U B A R B E
19,00 EUR
PLATS
M I - C U I T D E T H O N A U S E S A M E
25,00 EUR
P O U L P E G R I L L E , I N F U S I O N A U C H O R I Z O
26,00 EUR
N O I X D E P E T O N C L E S G R I L L E E S , C R E M E D E M O R I L L E S
29,00 EUR
H A M B E R ’ G O U T , B A C O N I B E R I Q U E & P R O V O L A
2,00 EUR
G N O C C H I , A S P E R G E S V E R T E S & P A R M E S A N
26,00 EUR
A G N E A U C O N F I T 7 H A L A C I T R O N N E L L E
29,00 EUR
P L U M A I B E R I Q U E G R I L L E E , V I N A I G R E D E X E R E S
24,00 EUR
E N T R E C O T E B L A C K A N G U S , B E U R R E C A F E D E P A R I S 3 1
31,00 EUR
DESSERTS
C A M E M B E R T R O T I A L A T R U F F E N O I R E D U P E R I G O R D
16,00 EUR
M A N G U E – P A S S I O N C U R D , S A B L E B R E T O N & S O R B E T P A S S I O N
11,00 EUR
K O U I G N - A M A N N A U X P O M M E S , S O R B E T C I D R E B R E T O N
11,00 EUR
M I L L E - F E U I L L E C H O C O L A T , G L A C E N O I S E T T E
11,00 EUR
P A V L O V A F R A I S E , S O R B E T F R A M B O I S E– V I O L E T T E
11,00 EUR
G A U F R E E N P R O F I T E R O L E , A M A N D E S T O R R E F I E E S
11,00 EUR
B R I O C H E F A Ç O N P A I N P E R D U , C A R A M E L B E U R R E S A L E & P E C A N
11,00 EUR
C A F E T R E S G O U R M A N D
12,00 EUR