--- Page 0 (PDF OCR) ---
Menu
Les Formules
Servie en petites portions. Composez votre menu parmi les mets de la
carte au choix
Menu Découverte
Menu en 4 Temps 2 Entrées / 1 Plat / 1 Dessert
45 €
Menu Dégustation
Menu en 5 Temps 2 Entrées / 2 Plats / 1 Dessert
49 €
Supplément Fromage
Fromage du Jour
7 €
Accord Mets et Vins
5 Verres de vins de 7 cl
25 €
Entrée
Le Radis
Déclinaison de Radis multicolore / Cresson & Fromage frais
13 €
Vegetarien
Le Petit Pois
Salade de Petits pois / Ail douce / Fraise
13 €
Vegetarien

--- Page 1 (PDF OCR) ---
La Courgette
Déclinaison de Courgettes & sa crème / Bressaola / Glace Reblochon maisor
13 €
Plats
Le Chou-Fleur
Steak de chou-fleur snacké / Sauce Yaourt & Noix de Cajou / Pickles
19 €
Vegetarien
Tree nuts
Le Maigre
Maigre rôti / Asperges vertes / Pâte d'agrumes & Orange
19 €
Fish
Le Canard
Filet de Canard rôti / Déclinaison de Patates douces & jus corsé
19 €
Desserts
La Rhubarbe
Clafoutis à la Rhubarbe / Rhubarbe confite & son Gel / Sorbet Maison
12 €
La Fraise
Fraises au naturel / siphon Yaourt / Gel Thym & Citron / Sorbet maison
12 €
Vegetarien
Le Comté (fromage )
Comté affiné / Compotée de Pommes caramélisées & Pomme Granny Smith

--- Page 2 (PDF OCR) ---
12 €