Le Plomb du Cantal
Sarah AR
:
Photo - mai 2025
Eufs au plat 3Е“ufs / Fried eggs 3 eggs *
Nature avee salade verte supplГ©ment de pomme de terre 2,50 euros
Fried eggs with green salad, supplement of 2,50 в‚¬ for 500 g of potatoes
Jambon cru avec salade verte supplГ©ment de pomme de terre 2,50 curos,
Fried eggs with cured ham and green salad, supplement of 2,50 в‚¬ for 500 g of potatoes
Pommes sautГ©es (300 g de pommes de terre), supplГ©ment de tome 2,50 euros
Fried eggs, fried potatoes (300 g), supplement of 2,50в‚¬ for spread soft cheese
Saumon et crevettes avee salade verte supplГ©ment de pomme de terre 2,50 euros....
Fried eggs with smoked salmon, shrimps and green salad supplement of 2,50 в‚¬ for 500 g of potatoes
9,90в‚¬
13,00в‚¬
11,00в‚¬
14,90в‚¬
Omelettes 3Е“ufs / Omelettes 3 eggs -
Nature avec salade verte supplГ©ment de pomme de terre 2,50 euros
Omelette served with green salad, supplement of 2,50 в‚¬ for 500 g of potatoes
Jambon eru avec salade verte supplГ©ment de pomme de terre 2,50 euros
Omelette with cured ham and green salad, supplement of 2,50 в‚¬ for 500 g of potatoes
Fromage avee salade verte supplГ©ment de pomme de terre 2,50 euros.
Omelette with cheese, supplement of 2,50 в‚¬ for 500 g of potatoes
Parisienne avee salade verte
(Jambon blane avec emmental) supplГ©ment de pomme de terre 2,50 euros
Omelette with ham and cheese with green salad, supplement of 2,50 в‚¬ pi: 500 g of potatoes
Des montagnes avee salade verte
(Champignons de Paris) supplГ©ment de pomme de terre 2,50 euros
Omelette with mushrooms, supplement of 2,50 в‚¬ for 500 g of potatoes
Maison avec salade verte
(Champignons de Paris et tomates) supplГ©ment de pomme de terre 2,50 euros
Omelette with mushrooms and tomatoes, supplement of 2,50 в‚¬ for 500 g of potatoes
Parmentier (300 g de pommes de terre) supplГ©ment de tome 2,50 euros
Omelette with 300 g of potatoes, supplement of 2,50 в‚¬ for spread soft cheese
Mixte (Jambon cru, 300 g de pommes de terre) supplГ©ment de tome 2,50 euros
Omelette with cured ham and 300 g of potatoes, supplement of 2,50 в‚¬ for spread soft cheese
Paysanne (Lardons, 300 g de pommes de terre) supplГ©ment de tome 2,50 euros
Omelette with lardons and 300 g of potatoes, supplement of 2,50 E for spread soft cheese
Berger (Gesiers, 300 g de pommes de terre) supplГ©ment de tome 2,50 euros
Omelette with gizzands and 300 g of potatoes
ment o
it spread soft cheese
Saumon et crevettes avec salade verte supp
pomme de terre 2,50 euros
Omelette with salmon and shrimps, supp
of potatocs
Google Maps
9,90в‚¬
13,00в‚¬
12,90в‚¬
13,40в‚¬
11,50в‚¬
14,40в‚¬
11,80в‚¬
13,40в‚¬
13,40в‚¬
13,40в‚¬
14,90в‚¬

Le Plomb du Cantal
Sarah AR
Photo - mai 2025
Plats avec aligot** / Main courses в‚¬
Saucisse fraiche d'Auvergne, servie avec de l'aligot
Fresh sausage, served with aligot
Magret entier 400 g, servi avec de l'aligot
Duck breast 400 g, served with aligot
Confit de canard, servi avec de l'aligot
Duck confit, served with aligot
Tripoux 3 piГЁces, servi avec de l'aligot
Lamb tripes wrapped in veal paunch (3 pieces), served with aligot
Chou farci Г  l'Aveyronnaise, servi avec de l'aligot
Cabbage stuffed with sausage meat, served with aligot
L'Onglet 250 g, servi avec de laligot
Hanging tenderloin, served with aligot
EntrecГґte 330 g, servie avec de l'aligot
Ribeye steak 330 g, served with aligot
CГґte de bЕ“uf 500 g, servie avec de l'aligot
Rib steak 500 g, served with aligot
Jambon cru, servi avec de l'aligot et de la salade
Cured ham, aligot served with green salad
24,00в‚¬
30,50в‚¬
27,00в‚¬
27,00в‚¬
26,50в‚¬
28,50в‚¬
29,50в‚¬
31,50в‚¬
22,20в‚¬
EntrecГґte du Buron 600 g / Ribeye steak 600 g
Servie avec garniture au choix (truffade, aligot, frites ou salade)
Choice of side dish (truffade, aligot, french fries or salad)
47,00в‚¬
*Truffade : Pommes sautГ©es, tome fraiche et ail
Home-made roasted potatoes with melted soft cheese and garlic
Truffade & Salade verte
Truffade served with green salad
**Aligot : PurГ©e, tome fraiche et ail
Mashed potatoes with melted soft cheese and garlic
Aligot & Salade verte : PurГ©e, tome fraГ®che, ail, servi avec de la salade
Aligot served with green salad
Cassolette de frites maison
Home-made french fries
Cassolette de pommes sautГ©es
maison
Home-made roasted potatoes
Salade verte ou d'endives crues
Green salad or endive salad
Google Maps
12,20в‚¬
14,20в‚¬
13,20в‚¬
15,20в‚¬
7,50в‚¬
6,50в‚¬
5,50в‚¬

Le Plomb du Cantal
Sarah AR
Fromages / Cheese
Photo - mai 2025
antal entre deux AOP
leu d'Auvergne AOP
lue cheese
aint Nectaire fermier AOP
Roquefort AOP
Cabecou AOP (2 piГЁces)
Goat'k milk cheese
Fromage blane servie avec miel, coulis de fruits rouge ou crГЁme de marron
Cottage cheese served with honey, red fruit coulis or chestnut cream
Assiette 5 fromages AOP (Cantal, bleu, St Nectaire, Roquefort, Cabecou)
5 differents kind of cheeses
Desserts &
Tarte aux pommes
Apple tart
Tarte maison (Pomme, caramel et boule vanille)
Apple tart with caramel and vanilla ice cream
Dessert du siГЁcle (Demandez au serveur)
Dessert of the century, apple tart with crГЁme brГ»lГ©e and vanilla ice cream
GГўteau au chocolat (Servie avec coulis de framboise et crГЁme anglaise)
Chocolate cake (Served with raspberry purГ©e and whipped cream)
Tarte pommes chocolat avee une boule vanille
Apple chocolate tart with vanilla ice cream
Clafoutis aux cerises ou poire selon saison
Cherry or pear batter pudding
Mousse au chocolat
Chocolate mousse
Flan aux chГўtaignes (Caramel, chГўtaignes
Custard tart with chestnut (Caramel)
Flan Auvergnat (Pruneaux, raisins sees, pain viennois et rhum)
Custard tart with prunes, raisins, Vienna bread and rum
Flan aux poires (Coulis de framboise et chantilly
Custard tart with pears (Raspberry purГ©e and whipped cream)
CrГЁme caramel
CrГЁme caramel
CrГЁme brГ»lГ©e Г  la Cassonnade
CrГЁme brГєlГ©e
lle flottante
Slow baked meringue, custard, caramel
Irish Coffee
Tous
erts son
waison
8,10в‚¬
8,10в‚¬
8,10в‚¬
8,10в‚¬
8,10в‚¬
8,10в‚¬
19,50в‚¬
7,80в‚¬
9,30в‚¬
9,30в‚¬
7,80в‚¬
9,30в‚¬
7,80в‚¬
7,80в‚¬
7,80в‚¬
7,80в‚¬
7,80в‚¬
7,80в‚¬
8,30в‚¬
8,30в‚¬
12,00в‚¬

Le Plomb du Cantal
Sarah AR
Photo - mai 2025
Plats avec salade / Main courses
Saucisse fraГ®che d'Auvergne, servie avec de la salade ou des endives crues
Fresh sausage, served with green salad or endive salad
Magret entier 400 g, servi avec de la salade ou des endives crues
Duck breast 400 g, with green salad or endive salad
Confit de canard, servi avee de la salade ou des endives crues
Duck confit, with green salad or endive salad
Tripoux 3 piГЁces, servi avee de la salade ou des endives crues.
Lambs tripes wrapped in veal paunch (3 pieces), with green salad or endive salad
Chou farci Г  l'Aveyronnaise, servi avec de la salade ou des endives crues
Stuffed cabbage with green salad or endive salad
EntrecГґte nature 330 g, servie avec de la salade ou des endives crues
Ribeye steak 330 g, served with green salad or endive salad
L'Onglet 250 g, servi avec de la salade ou des endives crues
Hanging tenderloin, served with green salad or endive salad
CГґte de bЕ“uf nature 500 g, servie avec de la salade ou des endives crues:
Rib steak 500 g, served with green salad or endive salad
Jambon cru, salade verte
Cured ham, served with green salad
19,50
26,00
23,50
23,50
23,00
25,00
24,00
27,50
18,70
Menu enfant (jusqu'Г  12 ans) Г  12 euros
Jambon blanc ou Cordon bleu / Frites
1 boule de glace
Sirop ou jus de fruit
"Aucun changement au menu"
Kids Menu (up to 12 years old) 12 euros
Cooked ham or В« Cordon bleuВ» / French fries
Ice cream
Syrup or juice
"No change to the menu"
Si besoin, n'hГ©sitez pas Г  demander la liste des allergГЁnes

Le Plomb du Cantal
Sarah AR
Photo - mai 2025
Kir
Parfum au choix : Cassis, mГєre; pГЄche, framboise, cerise ou myrtille.
Flavor of your choice: Wine with blackcurrant, peach, blackberry, rasperry, cherry or blueberry liquor
Kir Auvergnat Saint-PourГ§ain blane (17 d)
5,50в‚¬
With Saint-PourГ§ain white wine
Kir Bougnat Saint-PourГ§ain rouge (17 al)
5,50в‚¬
With Saint-pourГ§ain red wine
Kir Berger В« BirlouВ» (17 cl) Saint PourГ§ain blanc, erГЁme de pomme, chГўtaigne
6,50в‚¬
Saint-PourГ§ain white wine with apple and chestnut liquor
Kir Г  l'eau de vie de noix (17 el)
6,50в‚¬
Saint-PourГ§ain white wine with walnut brandy
Kir Pouilly (17 d)
8,90в‚¬
Wine with
Kir Royal Champagne (17 d)
13,50в‚¬
Champagne with black currant or peach
Kir Royal Berger В«BirlouВ» (17 el) Champagne et pomme chГўtaigne
13,50в‚¬
Champague with apple and chestnut liquor
Boissons fraГ®ches / Soft drinks
Schweppes, Schweppes Agrumes, Sprite, Fanta, Fuze Tea
Coca-Cola, Coca-Cola ZГ©ro (33 cl)
Verre de lait avee sirop (nature ou sirop) (25 el)
4,90в‚¬
4,90в‚¬
3,30в‚¬
Glass of milk with syrup
Jus d'orange, pamplemousse, pomme, tomate, mangue, abricot (25 ci)
4,50в‚¬
Orange juice, Grapefruit Juice, Apple Juice, Pear Juice, tomate juice, mango juice, grappes juice, abricot juice
Orange ou citron pressГ©
5,00в‚¬
Fresh orange or lemon pressed
Evian, Badoit (sirop, tranche ou nature) (33cl)
4,50в‚¬
Limonade (sirop, tranche ou nature) (50 cl)
4,50в‚¬
Evian, Badoit
(50 cl) 6,00в‚¬... (100 cl) 7,00в‚¬
BiГЁres pression et bouteille / Draft beer and bottle beer
Meteor
Blonde
25 cl
33 cl
50 cl
4,80в‚¬
6,30в‚¬
9,60в‚¬
Vedett
Extra White
5,70в‚¬
7,50в‚¬
11,40в‚¬
Maredsous
Vedett
Meteor
Abbaye
IPA
Birlou
5,90в‚¬
5,90в‚¬
5,90в‚¬
7,70в‚¬
7,70в‚¬
7,70в‚¬
11,60в‚¬
11,60в‚¬
11,60в‚¬
Chouffe blonde, Desperados, Duvel, Chimay bleue (33 cl)
Cidre (33 cl)
BiГЁre sans alcool (33 cl)
6,00в‚¬
6,00в‚¬
4,50в‚¬
Goodle Mans

Le Plomb du Cantal
Sarah AR
Photo - mai 2025
Salades composГ©es / Salads в‚¬
Mixte (Salade verte, Е“uf dur, tomate)
Green salad with hard belled egg and tomatoes
FrisГ©e aux lardons (Salade verte, ceuf au plat, lardons, pain grille & l'ail)
Sreen salad with hard-boiled egg, lardons, toasted bread
Rouergate (Salade verte, ceuf au plat, 300 g de pommes de terre sautГ©es)
Green salad with fried egg and 300 g of fried potatoes
Super Besse (Salade verte, ceuf au plat, 300 g de pommes de terre sautГ©es avec tomme).
Green salad with fried egg and 300 g.of fried potatoes with fresh cheese
Salade compose salade vere pome. hui, tomate eut du, hon, mayonnaie)
Saint-Flour (Salade verte, Cantal, noix, tomate, jambon cru)
Green salad, Cantal cheese, walnut, tomatoes, cured ham
Cantal (Salade verte, bleu, noix, tomate, pain grillГ©)
Green salad. blue cheese, walnut, tomatoes, toasted bread
Plomb (Salade verte, Cantal, jambon cru)
Green salad, Cantal cheese, cured ham
CorrГ©zienne (Salade verte, chГўtaignes
chaudes, tomate, pain grillГ©).
Green salad, hot chestnuts, tomatoes, toasted bread
Causse (Endive, Roquefort, noix, pain grillГ©)
Endive, Roquefort cheese, walnut, toasted bread
Trois GГ©siers (Salade verte, Е“uf dur, pain grillГ©, tomate, gГ©siers de canard, dinde et poulet)
Green salad, gizzards, hard-boiled egg, toasted bread, tomatoes
ForestiГЁre (Salade verte, pommes Г  l'huile, tomate, Е“uf dur, champignons de Paris)
Green salad, potatoes, tomatoes, hard-boiled egg, mushrooms
PГ©rigourdine (Salade verte, gГ©siers, magret fumГ©, tomate, pain grillГ©)
Green salad, gizzards, smoked duck, tomatoes, toasted bread
Super PГ©rigourdine (Salade verte, gГ©siers, magret fumГ©, tomate, pain grillГ©, Foie gras)
Green salad, gizzards, smoked duck, tomatoes, toasted bread, foie gras
ChГЁvre chaud (Salade verte, fromage de chГЁvre chaud sur toast, tomate, jambon cru).
Green salad, hot goat's milk cheese on toast, tomatoes, cured ham
4 fromages (Salade verte, St Nectaire, Cantal, bleu, chГЁvre, tomate, jambon cru).
Green salad, four different kind of cheeses, tomatoes, cured ham
Coeur de Saturnin (Salade verte, foie gras sur toast chaud, magret fumГ©, tomate)
Green salad, foie gras on toast, smoked duck, tomatoes
Souper du Bougnat (Saucisse fraiche grillГ©e, salade, tomate, Cantal)
Green salad, grilled fresh sausage, tomatoes, cheese
OcГ©ane (Salade verte, tomate, pommes Г  l'huile, crevettes, saumons fumГ© sur toast)
Green salad, tomatoes, potatoes, shrimps, smoked salmon on toast
Montparnasse (Tomate, Е“uf dur, mayonnaise, jambon de Paris, champignons de Paris.
pomme fruit, emmental, orange).
Tomatoes, boiled egg, mayonnaise, ham, mu
s, apple
ental, orange
11,70в‚¬
14,90в‚¬
14,90в‚¬
17,30в‚¬
15,20в‚¬
15,20в‚¬
15,20в‚¬
14,90в‚¬
15,20в‚¬
15,20в‚¬
15,20в‚¬
15,20в‚¬
15,20в‚¬
20,10в‚¬
15,20в‚¬
15,20в‚¬
18,20в‚¬
22,90в‚¬
18,20в‚¬
17:208

Le Plomb du Cantal
Helena Grynfogiel
Photo - mars 2026
00в‚¬
Plats avec truffade* / Main courses
20e
De
Saucisse fraiche d'Auvergne, servie avee de la truffade
I with truffade
Magret entier 400 g. servi avec de la truflade
reast 800 g. served with truflade
Confit de canard, servi ave de la truflade
served with truttade
Tripoux 3 piГЁces, servi avec de la truffnde
Lanths tripe:
d in seal paunch (3 pieces), nerved with truffade
Chou farei Г  l'Aveyronnaise, servi avec de la truffade
Cabbage stuffed with sausage meat, served with truffade
L'Onglet 250 g, servi avee de la truffade
Hanging tenderioin, served with trutfade
EntrecГґte 330 g, servie avec de la truffade
Ribeye steak 330 g. served with truffade
CГґte de buf 500 g, servie avee de la truffade
Rib steak 500 g, served with truffade
Jambon eru, truffade : Servi avec de la salade
Cured ham, truffude served with green salad
Plats avec frites ou pommes sautГ©es / Main courses
Saucisse fraГ®che d'Auvergne, servie avec les frites maison
Fresh sausage, served with home-made french fries
Magret entier 400 g, servi avec les frites maison
Duck breast 400 g. served with home made french fries
Confit de canard, servi avec les frites maison
Duck confit, served with home-made french fries
Tripoux 3 piГЁces, servi avec les frites maison
Lamb tripes wrapped in veal paunch (3 pieces), served with home-made french fries
Chou farci Г  l'Aveyronnaise, servi avec les irites maisoni
Cabbage stuffed with sausage meat, served with Rom
a made french fries
EntrecГґte 330 g, servie avec les frites mar
Ribeye steak 330 g, served with home-made iris-
L'Onglet 250 g, servi avec les frites maison
Hanging tenderloin, served with home-made french fries
CГґte de bЕ“uf 500 g, servie avec les frites maison
Rib steak 500 g, served with home-made french fries
Jambon cru, frites : Servi avec de la salade
Cured ham, French fries with green salad
Petite salade verte ou endives
Green salad or endive salad
21.50в‚¬
28,00в‚¬
24,50в‚¬
24,50в‚¬
24,00в‚¬
26,00в‚¬
27,00в‚¬
29,00в‚¬
20,80в‚¬
20,50в‚¬
26,00в‚¬
23,50в‚¬
23,50в‚¬
23,00в‚¬
26,00в‚¬
25,00в‚¬
28,00в‚¬
19,70в‚¬
3,00в‚¬

Le Plomb du Cantal
Helena Grynfogiel
Photo - mars 2026
190в‚¬
00в‚¬
Salades composГ©es / Salads
Mixte (Salade verte, ceut dur, tomate)
salad with hard bolled eut and tomatoes
FrisГ©e aux lardons (Salade verte, ceuf au plat, ferdous, pain gritiГ© a fail)
Green salad with hard boiled egg, lardons, toasted bread
Rouergate (Salade verte, duf au plat, 300 g de pommes de terre sautГ©es)
Gneen salad with fried exg and 300 g offried potatoes
Super Besse (Salade verte, cuf au plat, 300 g de pommes de terre sautГ©es avee tomme)
Gasch salad with fried egg and 300 g of fried potatoes with fresh cheese
Salade composГ©e (Salade verte, pommes a T'huile, tomate, deuf dur, thon, mayonnaise)
Green salad, potatoes, tomatocs, hard -boiled egg, tuna, mayonnaise
Saint-Flour (Salade verte, Cantal, noix, tomate, jambon cru)
Green salad, Cantal cheese, walnat, tomatoes, cured ham
Cantal (Salade verte, bleu, noix, tomate, pain grillГ©):
Green salad, blue cheese, walnut, tomatoes, toasted bread
Plomb (Salade verte, Cantal, jambon cru)
Green salad, Cantal cheese, cured ham
CorrГ©zienne (Salade verte, chatsignes E
chaudes, tomate, pain grillГ©)
Green salad, hot chestnuts, tomatoes, toasted bread
Causse (Endive, Roquefort, noix, pain grillГ©)
Endive, Roquefort cheese, walnut, toasted bread
Trois GГ©siers (Salade verte, cuf dur, pain grillГ©, tomate, gГ©siers de canard, dinde et poulet)
Green salad, gizzards, hard-boiled egg, toasted bread, tomatoes
ForestiГЁre (Salade verte, pommes Г  l'huile, tomate, ouf dur, champignons de Paris)
Green salad, potatoes, tomatoes, hard-boiled egg, mushrooms
PГ©rigourdine (Salade verte, gГ©siers, magret fumГ©, tomate, pain grille)
Green salad, gizzards, smoked duck, tomatoes, toasted bread
Super PГ©rigourdine (Salade verte, gГ©siers, magret fumГ©, tomate, pain grillГ©, Foie gras)
Green salad, gizzards, smoked duck, tomatoes, roasted bread, foie gras
ChГЁvre chaud (Salade verte, fromage de chГЁvre chaud sur toast, tomate, jambon cru)
Green salad, hot goat's milk cheese on toast, fomatoes, cured ham
4 fromages (Sarate verte, St Nectaire, Cantal, bleu, chГЁvre, tomate, jambon cru)
Green salad, fouri
at loud of cheeses, tomatoes, cured ham
Coeur de Site chei (Galade verte, foie gras sur toast chaud, magret fumГ©, tomate)
Green salad, foie grison fast, smoked duck, tomatoes
Souper du Bougnat (Saucisse fraiche grillГ©e, salade, tomate, Cantal)
Green salad, grilled fresh sausage, tomatoes, cheese
OcГ©ane (Salade verte, tomate, pommes Г  l'huile, crevettes, saumons fumГ© sur toast)
Green salad, tomatoes, potatoes, shrimps, smoked salmon on toast
Montparnasse (Tomate, ceuf dur, mayonnaise, jambon de Paris, champignons de Paris,
nomme fruit, emmental, orange)
omatoes, boiled egg, mayonnaise, ham, mushrooms, apple, emmental, orange
11,70в‚¬
14,90в‚¬
14.90в‚¬
17,30в‚¬
15,20в‚¬
15,20в‚¬
15,20в‚¬
14,90в‚¬
15,20в‚¬
15,20в‚¬
15,20в‚¬
15,20в‚¬
15,20в‚¬
20,10в‚¬
15,20в‚¬
15,20в‚¬
18,20в‚¬
22,90в‚¬
18,20в‚¬
17,20в‚¬
Prix neb - All taxce included / La m
e plus.
do not acorpt the bunk check
Google Maps

Le Plomb du Cantal
Photo - mai 2026
Plats avec aligot** / Main courses
Saucisse fraГ®che d'Auvergne, servie avec de l'aligot
Fresh sausage, served with aligot
Magret entier 400 g, servi avec de l'aligot
Duck breast 400 g. served with aligot
Confit de canard, servi avec de l'aligot
Duck confit, served with aligot
Tripoux 3 piГЁces, servi avec de l'aligot
Lamb tripes wrapped in veal paunch (3 pieces), served with aligot
Chou farci Г  l'Aveyronnaise, servi avec de l'aligot
Cabbage stuffed with sausage meat, served with aligot
L'Onglet 250 g. servi avec de l'aligot
Hanging tenderloin, served with aligot
EntrecГґte 330 g. servie avec de l'aligot
Ribeye steak 330 g. served with aligot
CГґte de bЕ“uf 500 g, servie avec de l'aligot
Rib steak 500 g. served with aligot
Jambon cru, servi avec de l'aligot et de la salade
Cured ham, aligot served with green salad
24,00в‚¬
30,50в‚¬
27,00в‚¬
27.00g
26,50в‚¬
28,50в‚¬
29,50в‚¬
Sauci:
Fresh sa
Magr
Duck b
Conf
Duck c
Trip
Lamb
Cho
Cabba
1'0
Hang
Ent
Ribe
22,20в‚¬
EntrecГґte du Buron 600 g / Ribeye steak 600 g
Servie avec garniture au choix (truffade, aligot, frites ou salade)
Choice of side dish (truffade, aligot, french fries or salad)
47,00в‚¬
*Truffade : Pommes sautГ©es, tome fraiche et ail
Home-made roasted potatoes with melted soft cheese and garlic
Truffade & Salade verte
Truffade served with green salad
**Aligot : PurГ©e, tome fraiche et ail
Mashed potatoes with melted soft cheese and garlic
Aligot & Salade verte : PurГ©e, tome fraiche, ail, servi avec de la salade
Aligot served with green salad
Cassolette de frites maison
Home-made french fries
Cassolette de pommes sautГ©es maison
Home-made roasted potatoes
Salade verte ou d'endives crues
Green salad or endive salad
12,20в‚¬
14,20в‚¬
13,20в‚¬
15,20в‚¬
7,50в‚¬
6,50в‚¬
5,50в‚¬
Prix niets - All taxes included / L
/cepte pl
, - We do not accept the bank checks
lib
Ja
Cui
P
S
Google Maps
Date de l'imade вЂў mai 2026
lac imanes nouvent Гўtre coumicac Г  des droite d'auteur
Franca
Conditione d'utilication
Conf

Le Plomb du Cantal
Sarah AR
Photo - mai 2025
ApГ©ritif
Salers, Suze, Gentiane, Couders nature ou chasis (6 cl)
Ratafia (7d)
Ricard, Pastis, Casanis, Pernod (3e)
Porto ou Campari (6dl)
Martini rouge, Martini blane (6d)
Americano/Negroni maison (17 cl)
Vodka, Gin (6d)
J.B, Johnnie Walker, Jameson (6d)
Jack Daniel's, Four Roses, Chivas, Aberlour (6dl)
Aperol Spritz (25 d)
Plomb Spritz (25 cl) - Birlou / Prosecco / Badoit
Coupe de Prosecco (18 ci)
6,00в‚¬
6,00в‚¬
5,00в‚¬
5,00в‚¬
5,00в‚¬
14,00в‚¬
9,90в‚¬
9,90в‚¬
13,00в‚¬
9,50в‚¬
9,90в‚¬
9,00в‚¬
Champagnes
Coupe de Champagne (17 cl)
Gonet brut CuvГ©e 3210 (75 cl)
Gonet blane de blane (75 cl)
Bernard Lonclas blane de blane (75 c)
Gonet Medeville blane de noir ou brut (75 cl)
Phillipponnat brut non dosГ© (75 cl)
E. P. C Blane de blane Extra Brut et E. P. C rosГ© (75 )
EntrГ©es / Starters
13,50в‚¬
65,00в‚¬
65,00в‚¬
65,00в‚¬
65,00в‚¬
75,00в‚¬
75,00в‚¬
Saucisse sГЁche (entiГЁre ou tranchГ©e)
Dry pork sausage (sliced or whole)
9,10в‚¬
Saucisson sec (entiГЁre ou tranchГ©)
Dry pork sausage (sliced or whole)
9,10в‚¬
PГўtГ© d'Auvergne
PatГ©
9,10в‚¬
Friton d'Auvergne
Potted meat from pork
9,10в‚¬
Assiette de jambon cru
21,50в‚¬
Cured ham
Assiette de cochonnaille (pГўtГ©, friton, jambon cru, saucisson sec, saucisse seche)
23,40в‚¬
Assorted cooked pork cold meats, pГўtГ©, potted meat from pork, dry pork, sausage, cured ham
Assiette du berger (jambon cru, Cantal, pГўte, friton)
23,40в‚¬
Cured ham, Cantal, pГўtГ©, potted meat from f
Soupe Г  l'oignon (gratinГ©e avec tomme
8,80в‚¬
Onion soup au gratin (with soft cheese)
5 diffГ©rents kind of cheeses
Plateau de fromages AOP Г  parta Google Maps quefon, St-nectaire: Cuntal, Cabou) 19,50в‚¬
Date de l'image: mai 2025
Les images peuvent ГЄtre soumises Г  des droits d auteur.
France
Conditions d'utilis