Le Petit Amazigh
trucbizard365 (trucbizard365)
Photo - mai 2024
Couscous
(Toutes les viandes sont accompagnées d'une Merguez)
• Agnneau
* Bœuf
* Poulet
* Méchoui
* Brochette
( épaule en sauce)
( Paleron)
(Fermier)
(épaule d'agneau grillée au four)
(gigot d'agneau)
19 €
17€
18€
22€
20€
Tadjines
(Servis avec poulet ou agneau)
• Tadjine Zitoune
(pomme de terre, carotte, Citron confit,Olives)
18€
* Tadjine Hlou
(Pruneaux, Abricots, Raisins secs, Figues, Amandes)
19 €

Le Petit Amazigh
trucbizard365 (trucbizard365)
Photo - mai 2024
Desserts
Gâteaux de chez nous
* Baghrir
(crêpe a mille trous)
Orange a la cannelle
* Khobz de Maman
* Millefeuille à la crème
06 €
05 €
05.5 €
06.50€
Vins d'Algérie
(Tous les vins sont servis en quart et en demi-bouteille)
Rouge
• Koutoubia
• Coteau de Mascara
• Les Monts d'Ihrane
• Saint Augustin
Rosé Sahara Gris des sables d'Algérie
26€
27€
27€
27€
26€

Le Petit Amazigh
trucbizard365 (trucbizard365)
Photo - mai 2024
Boissons
Chaudes
• Thé à la menthe maison
• Café
Softs
• Coca Cola ( Normal/ Zéro)
• Jus de fruits
• Eau minérale/Eau Pétillante
* Apéritifs
• Kir
• Ricard
• Anisette
• Martini (Rouge/Blanc)
• Porto
• Chivas
* Digestifs
• Boukha
• Cognac
• Poire
• Rhum ( donc papa)
• Vodka (Belvedere)
• Get 27
• Gin (Bombay)
<
02.50€
02.50€
04.50€
04.50€
05€/06.50€
04.50€
04.50€
04.50€
05€
05€
09€
076
07€
07€
09€
08€
07€
07€

Le Petit Amazigh
trucbizard365 (trucbizard365)
Photo - mai 2024
Entrées
Chorba Frik
(Soupe a la chez nous)
Assortiment de Boureks
(Viande, thon, épinards)
Tchektchouka
(Tomate, Oignons, Œufs)
H'Miss .
(Poivrons, Tomates, Ail)
Google Maps
08€
09€
08.50€
09 €