La NO DININES
Le Petit Baigneur
Georges Desplaces
Photo - févr. 2026
ée • 8€
s à la crème
n frais et fumé
toast • 11€
cargots de Bourgogne
2: 22€
usin 200g,
i à la forestière, purée • 19€
et frites maison • 18,5€
arguignon, servi
arée • 21€
cuit à la plancha, poircaux
c au Champagne • 19,5€
L.A.A.A.A,
9€
x rhum arrangé
• 12€
OP • 10€
The monu in English
and Spanish
CARTE DES VINS
BLANCS
Max et Raphaël Pays d'Oc 100% Roussanne ...
Chenin Domaine Plouzeau 1..
0 Beaujolais Domaine Clos du Fief
Pouilly Fumé Jean Pabiot.......
Petit Chablis Domaine des Marronniers
ROSÉ
Côtes de Provence Domaine Hauts du Clos
ROUGES
Côtes du Rhône Parallele 45 - Paul Jaboulet
Chinon Domaine Plouzeau
Brouilly Château de la Terrière...
Pic Saint-Loup Château Lascaux
Crozes Hermitage Paul Jaboulet.
Bourgogne Pinot noit Domaine Dormy -..
Bordeaux Saint Estephe La Commanderie 2019
VIN DU MOIS À L'ARDOISE
Verre 14cl • Pichet 50cl • Bouteille 75cl
CHAMPAGNES
Jacquart Signature.
BOISSONS CHAUDES
Café expresso, Allongé
Le déca
2,5€
2,5€
Le crème
3,5€
The, Infusion «Mariage Frer
Verro
14cl
5€
6t
те
8€
9€
Bouteille
75cl
26€
29€
34€
38€
42€
6€
29€
5€
6€
26€
29€
34€
8€
8€
9€
9€
38€
38€
42€
42€
Coupe
14cl
12€
Bouteille
75cl
60€
POUSSES CAFÉS
Armagnac 9€ - Calvados 8€
Baileys 7€ - Get 27 ou 31 8€
service compris - l'abus d'alcool est dangereux pour la santé, à consommer avec modération - Imp. Yvanik 0t 40 45 79 73 - 09/2025
Poire 8€ - Framboise 8€ - Mirabelle 8€
Cognac VSOP 9€ - Chartreuse 12€
Prix
Vieille Prune de Souillac 12€

Le Petit Baigneur
Georges Desplaces
Photo - févr. 2026
эчрк
apres
• LE PETIT BAIGNEUR
crèmeux
Ble
/5cl
60€
8€
D€
*L'œuf mayo • 7€
* Salade de frisée fine, lardons
et croûtons • 8€
* 0P Notre terrine de campagne
maison • 9€
* Filets de harengs, pommes de terre
tiedes à l'huile • 9€
* Soupe à l'oignon gratinée
de mère grand • 8€
ENTRÉES
* Poireaux tièdes,
vinaigrette ravigotée • Be
Ravioles de Royans a la crème
de truffe • 12€
Rillettes de saumon frais et furné
aux fines herbes et toast • 11€
Les TRES GROS escargots de Bourgogne
au beurre persillé
Les 6: 12€ • les 12: 22€
PLATS
* La saucisse au couteau, confit
d'oignons et purée maison • 18€
* Tartare de bœuf préparé,
frites maison • 18€
* Brandade de morue, salade verte • 17€
* Blanquette de légumes
de saison • 17€
* Risotto de coquillettes à la truffe,
Comté et jambon blanc • 18€
• Plar végétarien
* Steak haché du Limousin 200g
sauce au bleu • 16,5€
Suprême de poulet rôti à la forestière, purée • 19€
Bavette a l'échalote et frites maison • 18,5€
Véritable bœuf bourguignon, servi
avec coquillettes ou purée • 21€
Escalope de saumon cuit à la plancha, poireaux
fondants, beurre blanc au Champagne • 19,5€
Andouillette grillée A.A.A.A.A.
sauce moutarde • 19€
DESSERTS
* La crème caramel à l'ancienne • 8€
* Salade de fruits frais • 9€
* Le fondant au chocolat
Baba Bouchon au vieux rhum arrange
du «Petit B» • 9e
et c'est vous qui dosez • 12€
* Tiramis classique • 9€
Assiette de fromages AOP • 10€
Uniquement le midi du lundi au vendredi hors jours fériés
The menu in English
and Spanish
FORMULE
MIDI
Entrée + Plat ou Plat + Dessert • 19€
Entrée + Plat + Dessert • 25€
ENTREBS, PLATS ET DESSERTS AVEC
ET SUGGESTIONS DU JOUR (VOIR
TOILE
OTSE)
Google Maps
Les images peuvent être soumises à des droits d'auteur.
CARTE DE
BLANCS
Max et Raphaël Pays d'Oc 100% Rout
Chenin Domaine Plouzeau
• Beaujolais Domaine Clos du Fief
Pouilly Fumé Jean Pabiot.
Petit Chablis Domaine des Marronnier
ROSÉ
Côtes de Provence Domaine Hauts du
ROUGES
Côtes du Rhône Parallèle 45 - Paul J:
Chinon Domaine Plouzeau
Brouilly Chateau de la Terrière
El Pic Saint-Loup Chateau Lasca
Crozes Hermitage Paul Jabouler_
Bourgogne Pinot noir Domaine Dou
Bordeaux Saint-Estephe La Comman
VIN DU MOIS
Verre 14cl • Pichet 5
CHAMP
Jacquart Signature.
BOISSONS CHAUDES
Café expresso, Allongé
Le déca .
Le crème
. 2,5€
.2,5€
3,5€
Thé, Infusion ‹Mariage Frères. 7e
Date de l'image: févr. 2026
France
Conditions d'utilisation
C

Le Petit Baigneur
Cheryl Goer
Photo - juil. 2025
vc Bourgogne
1c:
12 : 24€
illettes à la truffe.
ma blanc - 18€
let Vallée d'Auge - 19€
alote et frites maison - 19€
le rosbeef servie comme
payo à l'estragon - 19€
mi cuit, Haricots verts frais
19€
OUS LES JEUDIS
Z NOTRE TÊTE DE VEAU,
ICE GRIBICHE - 16€
au chocolat du «Petit B> • 9€
on au vieux rhum arrangé
qui dosez - 12€
framboise et citron vert - 9€
- 19€
25€
The menu in English
and Spanish
feries
Date de l'image • juil. 2025
CARTE DES
BLANCS
PaCt
Vingt Mars Sauvigrero
Viognier Pays 4C% Domaine de le tour du Pects
Peut Chablis Domaine des Martemnier
Pouilly fume Jean Pabiot
ROSÉ
Cotes de Provence Domine Hauts du Clos
ROUGES
2a Cotes du Rhone Malijay ....
Bordeaux Saint Estephe La commanderie 2019
Bourgogne Pinot noit Domaine Dormy .
Crozes Hermitage Paul Jaboulet ....
Brouilly Chateau de la Terrière
Pic Saint Loup Chateau Lascaux
VIN DU MOIS À L'ARDOIS
Verre 14cl - Pichet 50cl • Bouteille
CHAMPAGNES
Dom Caudron Prediction
Jacquart Signature...
BOISSONS CHAUDES
Café expresso, Allongé
Le déca
Le crème
2,5€
2,5€
3,5€
nfusion ‹Mariage frères... 5e
>
Google Maps
les images neuvent être soumises à des droits d'auteur
poire
France
Conditions d'utilisation

Le Petit Baigneur
SC
Photo - déc. 2024
ENTRÉES
Soupe à l'oignon gratinee
L'œuf mayo • 6€
de mère grand • 8e
Salade frisée fine aux lardons
et croûtons à l'ail • 8€
Ravioles de Royans à la crème
de truffe • 10€
Notre terrine de campagne
Les rillettes aux deux saumons
maison • 8€
Filets de harengs, pommes de terre
aux fines herbes • 9€
tièdes à l'huile • 9€
* Les TRES GROS escargots de Bourgogne
au beurre persillé
Poireaux tièdes et vinaigrette
Les 6 : 12€ • les 12 : 24€
ravigotée • 9t
PLATS
La saucisse au couteau, confit
Risotto de coquillettes à la truffe,
d'oignons et purée maison • 17€
Comté et jambon blanc • 18,5€
Tartare de bœuf préparé,
Véritable boeuf bourguignon • 19,5€
frites maison • 17€
Bavette à l'échalote et frites maison • 18€
Brandade de morue, salade verte • 17€ * Cuisse de canard confite, purée et sauce aux
Andouillette grillée A.A.A.A.A,
épices douces • 21€
sauce moutarde • 18€
* Filet de Saint-Pierre cuit sur peau,
Escalope de saumon Label Rouge,
risotto crémeux • 21€
poireaux et beurre blanc
au champagne • 19€
Steack haché du Limousin 200g.
sauce au bleu • 16€
TOUS LES JEUDIS
DÉGUSTEZ NOTRE TÊTE DE VEAU,
SAUCE GRIBICHE • 16€
Plat végétarien
La crème caramel à l'ancienne • 8€
Salade de fruits frais • 9€
Assiette de fromages AOP • 9€
DESSERTS
Le fondant au chocolat du «Petit B» • 9€
Baba Bouchon au vieux rhum arrangé
et c'est vous qui dosez • 12€
Tiramisu au café et Amaretto • 9€
FORMULES
FORMULES ENTRÉE (OU DESSERT) + PLAT - 19€
MIDI
ENTRÉE + PLAT + DESSERT - 25€
les plats marqués d' * sont hors
menu
<
Les formules sont servies du lundi au
vendredi hors jours fériés
Google Maps
The menu in English
and Spanish
BL
Vi
V
P
H

Le Petit Baigneur
Anh Tung Vu
Photo - sept. 2024
the • 9€
an • 10€
ue de veau tièdes,
ots de Bourgogne
24 €
tarde, purée • 17€
servie froid,
is maison • 18€
arella fondante
son • 19€
reau,
Petit B» • 9€
1 arrangé
on vert • 9e
a menu in English
and Spanish
CARTE DES VINS
BLANCS
Côte du Rhône Maxime et Raphaël 100% Roussane.
Pouilly Fumé Jean Pabiot
Quincy Jean-Michel Sorbe..
Petit Chablis Domaine des Marronniers 2019
Viogner Domaine Salitis
ROSÉ
Verre
14cl
5€
6€
8€
6€
Cote de Provence Domaine Haut du Clos
6€
ROUGES
Côte du Rhône Les galets de la Lyre.
Crozes Hermitage Paul Jaboulet
Chinon Domaine Plouzeau
Brouilly Château de la Terrière.
Pic Saint Loup Château Lascaux
Bordeaux Côte de Blaye Chateau Mazerolles
5€
7€
6е
7€
7€
5€
VIN DU MOIS À L'ARDOISE
Verre 14cl • Pichet 50cl • Bouteille 75cl
Joseph Perrier Brut
Deutz brut
CHAMPAGNES
Coupe
12cl
10€
14€
Bouteille
75cl
60€
75€
Bouteille
75cг
26€
36₴
29€
39€
29€
29€
26€
36€
29€
36€
38€
26€
BOISSONS CHAUDES
POUSSES CAFÉS
Café expresso, Allongé
Le déca
2,2€
2,2€
Le crème
5€
Thé, Infusion «Mariage frères
€
Armagnac 8€ - Calvados 8€
Baileys 6€ - Get 27 ou 31 6€
Poire 7€ - Framboise 7€ - Mirabelle 7€
ognac VSOP 8€ - Chartreuse 12€
Vieille Prune de Souillac 12€
Goodle Mans
- Prix nets, service
compris
l'abus d'alcool est dangereux pour la santé, a consommer
aVeC
moderation

Menu
Lein's
Photo - mars 2025
1OIW
S378N801
LES EAUX
Attino
SODAS
ET
JUS
Par 1905 1000
не в однор
Ara snapo
и образ по 30714 озод
Ne sie ротог
Амен нут от opaqy
Хутчая крана томі
Nomes coure
ALCOOLS
Jacquaed signature
Palmer Beur
CHAMPAGNES
pondus
Martiau blanc ou rouge au
as • quamano ap aTInOaNY
Tranche de TERRINE DE CAMPAGNE maison • 6€
À PARTAGER
Tranche de TERRINE DE CAMPAGNE maison • 6e
Assortimeat de CHARCUTERIES • 15€
SAUCISSON de montagne • se
ANDOUIILE de Guéréné • 8€
FS
i8dl
...9€
ou rouge se.6e
ouge 12d..
ise
W6€
.6€
.6€
5€
CHAMPAGNES
Coupe
75:)
Palmer Brut
70€
Jacquard signature
10€ 60€
ALCOOLS 41
Ballantine's Whisky
6€
Jack Daniel's Whisky
Aberlour 10 ans Whisky
10€
ige od......бe
Absolut Vodka.
Cidre 75d.
15€
BIÈRES
.5€
Denise 5,5' (blonde) 33d.....
Ge
7e A l'ouest 4,7 (blanche) 33d...... 6e
.4,5€
Citra Galactique 6,5% (PA) 33d.u
IS ET SODAS
5€ Jus de tomate 25el
5e Jus d'orange 25d,
5€
1H355,20
BOISSONS CHAUDES
CHAMPAGNES
SSERTS
DE SONNES TOOVE
NOTRE TETE DE VEAU,
DEGUSTEZ
VIN DU MOIS A L'ARDOISE
FOR Sie фот за ми.
а ку • конейноя роод кошта
ROUGES
PLATS
ROSÉ
Pouily Pumt Jean Pahint
Ta GRos cargot de Bourgogne
erbes de
Viogner Paye dide Denuane de le tout da Poch
SONT TE
SA S30 38U00
• LE PETIT BAIGNEUR •
ENTRÉES
L/ceuf mayo • 6€
Souge & l'aignon gratinée
Salade frisée fine aux lardons
de mère grand • 8e
et croûtoas a l'ail • 8€
Ravioles de Royans
a la crème
Notre terrine de campagne
de truffe : 10€
maison • Be g
Les rillettes aux deux saumons
Filets de harengs, pommes de terre
aux fines netbes - gel
tiedes a Thuile • 3t
* Les TRES GROS escargots de Bourgogne
Poireaux tiedes et vinaigrette
au beurre persillé
ravigotée • se
Les 6 : 12€
•les 12 : 24€
La saucisse au couteau, confit
d'oignons et purée maison • 17€
Tartare de boeuf préparé,
frites maison - 17€
Brandade de morue, salade verte • 17€
Andouillette grillée A.A.A.A.A,
sauce moutarde • 186
Escalope de saumen Label Rouge,
poireaux et beurre blant
au champagne • 19€
Steack hache du Limousin 200g,
sauce au bleu
PLATS
Risotto de coquillettes a la truffe,
Comté et jambon blanc • 18,5€
Véritable boeuf bourguignon • 19,5e 9a
Bavette à l'échalote et frites maison • 188
*Cuisse de canard confite, purte et sauce aux
épices douces • 21€
risotto crémeux • 21€
TOUS LES JEUDIS
DÉGUSTEZ NOTRE TÊTE DE VEAU,
SAUCE GRIBICHE • 16€
La crèn
Google Maps
Salade de fruits frais • 9€
ESSERTS
Le fondant au chocolat du «Petit Bo • 9e
Baba Bouchon au vieux rhum arrangé
ENTREE
ENTRÉE
BLANCS
El Core du Risone 100%6 Rou
Vingt Mars /Sunynony Des p
Viognite Payz dOe Domaiso
Petit Crablis Donaire do Ma
Pouilig Pune Tein Pabos.
ROSÉ
Cote de Provence Domai
ROUGES
3) Cote du Rhone Le
Bordeaux Cote de Bl
Tourzine Gamay N
Crozes Hermitage T
Brouilly Château i
Si Pic Saint Loup
Palmer Bn
Jacquard s