--- Page 0 (PDF Text) ---
Ambiance & Activités
Catégorie D
Ambiance Animée • Festive (Calme : ✖)
Possibilité de danser Non
L’atmosphère Ambiance bar de quartier vivante avec playlist variée en soirée. Festive
Tarifs — Boissons (Carte du Petit Broc)
Boisson Happy
Silver (Pinte de bière) 5 €
Chardonnay (Verre de vin) 5 €
Bordeaux (Verre de vin) 5 €
Spritz Lillet (Cocktail) 7 €
Spritz Aperol (Cocktail) 7 €
*Happy hour du lundi au dimanche : 16h – 20h
Restauration — Planches & Tapas
Item
Planche de tapas gourmande

--- Page 1 (PDF Text) ---
Item
Guacamole au citron vert
Nem de légumes
Frites coupées à la main
Antipasti de légumes Burrata
Camembert à la Truffe
Gâteaux d’anniversaire
Cocktails dînatoires
Planches et tapas
Repas assis
Plat
Filet de Bar rôti, légumes grillés
Belle entrecôte Simmental, frites maison & salade
Tartare de Bœuf (cru ou poêlé), frites maison & salade
Le Tigre qui Pleure, frites maison, légumes & salade

--- Page 2 (PDF Text) ---
Lasagnes de Bœuf maison, burrata crémeuse des Pouilles
Deluxe Bacon Cheeseburger, frites maison
Informations utiles — Apports & Équipements
Ce que vous pouvez apporter — Nourriture
Ce que vous pouvez apporter — Boissons
Ce que vous pouvez apporter — Gâteau d’anniversaire
Accessible PMR
Matériel de projection
Terrasse éphémère
Possibilité de diffuser sa musique
Wifi
Matériel de sonorisation
Ce lieu est parfait pour
Plat
Rubrique

--- Page 3 (PDF Text) ---
Événements
Afterwork
Anniversaire
Anniversaire 18–20 ans
Anniversaire 20–25 ans
Anniversaire 30 ans
Anniversaire 40+ ans
Repas d’affaire
Cocktail pro.
Évènement d’entreprise
Verre entre amis
Pot de départ