LE SAUT DU
CRAPAUD
COCINA
FRANCESA
La Cave
LES ROUGES 75cl
VDF Pinot Noir Maison la Croix Montjoie
St Amour Domaine Piron
Beaujolais Domaine Fa (Graillot)
Morgon «Les Vieux Cèdres »Domaine Jean Loron
Moulin à Vent Dominique Piron
Chinon Domaine Olga Raffault
Irancy Maison la Croix Montjoie
Faugères Domaine Leon Barral
Argentin Malbec
Lalande De Pomerol Château Haut Musset
Pic St Loup Château Lascaux
Vacqueyras Le Sang des Cailloux
VDF Vallée du Rhône Domaine Allois
Terrasses de Larzac Mas de Disciples
LES BLANCS 75cl
Coteaux du Giennois Domaine F Roblin
Quincy Domaine Portier
VDF Loire Chenin Domaine Couly
Beaujolais Domaine Piron
Chardonnay Domaine la Croix Montjoie
Vézelay Domaine la Croix Montjoie
Bandol Domaine Dupuy de Lômme
Côtes du Rhône « Maison Plantevin »
Vallée du Rhône Domaine Allois
Terrasse du Larzac Le Poteau Blanc
VDF Domaine St Prefert (Châteauneuf)
Montlouis Clos de Breuil Domaine F Chidane
Vouvray «Le Mont » Domaine Huet
Sancerre Domaine Vacheron
Crozes Hermitage Domaine graillot
LES VINS AU VERRE
Côtes du Rhône BIO rouge
Chilien «Carmenere »rouge
Touraine Cuvée Harmonie rouge
Touraine Sauvignon Domaine Dinocheau blanc
Chardonnay Chilien blanc
Côtes du Rhône BIO rosé
vere 12d - 7€ 1 pichet 25d - 12€ 1 pichet 50d - 19,5 €
Coupe de Champagne Brut coupe I Icl
28€
40€
36€
36€
40€
35€
45€
66€
35€
40€
41€
45€
30€
35€
39€
35€
30€
28€
28€
47€
39€
28€
28€
30€
35€
58€
60€
52€
58€
11€
Nos Cocktaills
Spritz - 8€
Sangria maison - 8€
Kir - 6€
Mojito tradition - 10€
Mojito framboise et fruit de la passion - 12€
Caïpirinha - 8€
Margarita tradition - 10€
Pis co Sour - 12€
Ginto Crapaud avec le GIN au concombre - 9€
De sasha production artisanale rue des plantes
NOS SPÉCIALITÉS À BASE
DE MEZCAL ARTISANAL
Margachela - 10€
Jus de citron vert, menthe et pointe de bière
Maria bonita - 10€
Fleur d'hibiscus, citron vert miel, romarin
Perro salado - 10€
Jus d'ananas et fruit de la passion
Verde que te quiero vida - 10€
Concombre, jus de citron vert et jus de pommes
Vampiro mezcalero - 10€
Jus de pamplemousse et purée de fraise
Mezcalina - 1 0€
Mezcal artisanal « espadin » sirop d'agave
au tamarin ou aux fruits rouges
Sans alcool
Nous n'avons pas, mais on va inventer quelque
chose
Les Bieres
Mexicaine artisanale blonde ou brune - 6€
Corona - 6€
Hoegaarden blanche
- 6€
Pression 33cl - 4,5€ | 50cl - 7,5€
Monaco +|€
Sirop +0,50€
LES BOISSONS QUI NE
MONTENT PAS À LA TÊTE
Citronnade maison - 6€
Jus de fruits artisanal - 6€
Coca, Coca Zéro - 4,5€
Perrier 33cl - 4,5€
Badoit 50cl - 4,5€ 1 1| - 7€
Evian
50cl - 4,5€ 1 11 - 7€
La Cafétéria
Café, décaféiné - 2,5€
Café double - 4,5€
Café Crème, Chocolat - 4€
Capuccino, Thé, Infusion - 4,5€
Café Mex (Téquila) - 5€
Café Tex (Whisky) - 5€
Les Digrestits «
Téquilas
Don julio - 12€
Herradura - 12€
Avion - 10€
Milagro - 8€
José cuervo - 8€
Mezcales Selon l'arrivage candestin
De la famille du Crapaud - 1 1€
Spécial (couleur vert) - 12€
Whisky
Monkey Shoulder Ecosse - 10€
Nikka days, Japon - 10€
Talisker 10ans,
Ecosse - 10€
Jack Daniel's - 8€
Rhum
Plantation, Guatemala - 10€
XO Fair Belize - I0€
Don Papa - 12€

Juste pour commencer
Just to start
Sopa azteca au chorizo (gaspacho mexicain),
12€
tortilla de maïs et son œuf parfait
Chorizo sopa
azteca (Mexican gazpacho), corn
tortilla and its perfect egg
Boudin noir bas que à la plancha et sa compotée
d'oignons au miel
Grilled Basque black pudding and stewed honey onions
12€
Croqueta de crabe sauce aux herbes
Crab croqueta with herb sauce
Menu 39,5€
parmi les plats avec la mention
among the dishes with the mention
entrée + plat + dessert
starter + dish + dessert
10€
Taco à la mexicaine au chicharron (Poitrine de
por croustillant et ses sauces)
Mexican chicharron taco (crispy pork belly an
sauces)
Aguachile (crevettes crues, concombre
en marinade) recette de la côte pacifique
mexicaine
Aguachile (raw shrimp and cucumber marinade)
mexican pacific coast recipe
Tartare de saumon, avocat et mangue sauce
aigre-douce
Salmon, avocado and mango tartare with sweet and
sour sauce
Escargots à la sauce noir à la mexicaine (6)
Snails prepared in Mexican-style black sauce (6)
Ceviche de maigre sur base de guacamole
Lean ceviche with gua camole
Passons aux choses sereuses
et's gret down to business
10€
14€
12€
12€
12€
FILET DE BAR AU FOUR SAUCE À LA DIABLA ET SEMOULE CUISINÉE À LA MEXICAINE - 22€
Baked sea bass fillet with diabla sauce and Mexican-style sem olina
ONGLET DE BOEUF À LA PLANCHA, SAUCE CHIMICHURRI, FRITES MAISON //. - 22€
Grilled beef hanger steak, chimichurri sauce, homemade french fries
BIG YUCATAN BURGER, RECETTE DE LA PÉNINSULE DU YUCATAN - 22€
effiloché de cochon aux épices douces méxicaines, frites maison
Big Yucatan burger, Yucatan Peninsula recipe(pulled pork with sweet mexican spices), homemade french fries
CEVICHE VERT DE BAR COMME AU MEXIQUE, MARINADE A BASE D'HERBES - 22€
Green sea bass ceviche like in Mexico, herb marina de
CEVICHE D'ESPADON RECETTE DE LA BASSE CALIFORNIE (LA PAZ)
Swordfish ceviche Baja California (La Paz) recipe
POULPE GRILLE À LA MEXICAINE ET SA SALADE DE TOMATES CERISES - 26€
Mexican grilled octopus and cherry tomato salad
THON ROUGE MI-CUIT, SAUCE AIGRE-DOUCE CARAMÉLISÉE, LÉGUMES - 22€
Semi-cooked red tuna, caramelized sweet and sour sauce, vegetables
STEAK TARTARE AU JUS DE CITRON VERT ET CORIANDRE - 22 €
Tartare steak with lime juice and coriander
RIS DE VEAU RÔTI, JUS AIGRE DOUX ET SES LÉGUMES DE SAISON - 35 €
Roasted calf sweetbreads, sweet and sour juice and seasonal vegetables
ENTRECÔTE MATURÉE ENVIRON 300 GRS, FRITES MAISON - 28€
Matured rib steack about 300grs, homemade french fries
CÔTE DE BOEUF MATURÉE (2 PERSONNES) ENVIRON IK - 90€
Matured prime rib (2 persons) about IK
Ananas rôtis à la téquila, filet de caramel et
boule de glace
Roasted pineapple with tequila, caramel drizzle and
scoop of ice cream
Cheesecake au citron vert, coulis de fruits de la
passion
Lime cheesecake, passion fruit coulis
Mousse au chocolat 72% cacao
72% cocoa chocolate mousse
Tant pis je suis déjà gros
Never mind i'm already fat
11€
Profiteroles sauce chocolat 72% cacao
12€
Profiteroles with 72% cocoa chocolate sauce
Pain perdu caramel au beurre, boule de glace *-
11€
Salted butter caramel pain perdu, scoop of ice cream
1I€
Pavlova de fruits rouges
11€
Red fruit pavlova
1I€
Saint Marcelin fermier
10€
Farmer cheese Saint Marcelin
Menu 19,5€
Menu 25€
seulement le midi
parmi les propositions à l'ardoise
Lunch only among slate proposals
seulement le midi
parmi les propositions à l'ardoise
Lunch only among slate proposals
entrée + plat ou plat + dessert
starter + dish or dish + dessert
entrée + plat + dessert
starter + dish + dessert
I. BRUNCH
Tous les dimanches
de 11h30 à 15h
Every sunda
from 1 1:30 a. M. To 3 p.M
Prix nets en euros, taxes et service compris l'abus d'alod est dangereux pour la santé, a consommer avec mo de ration
VISIO COM - RCS BXB 334281 334. Reproduction meme partielle interdite
Boudin n
d'oignon
Grilled Ba
Croquet:
Crab croi
FIL
Ananas
boule de
Roasted
scoop of
Cheesec
passion
Lime che
Mousse:
72% cod
entrée