Le Severo
Sabrina
Photo - févr. 2026
cau gratuite
compris 15%
Le Severo est ouvert du lundi au vendredi Service 12m
Aujourd'hui 17-fevr -26
19h30-21h30
Severo
BOUCHE
PARIS • TOKYO
Coupe de champagne A Heucq (12cl) 16 €
Entrées
Boudin noir de Ch Parra, salade verte
Rosette de Vic
Jambon fermier 24 mois
Salade trévises braisées et parmesan
Plats
NOIX DERIS DEVEAU PUREE
Steak haché (250 grs), frites ou haricots verts
Steak tartare (250 grs), frites ou haricots verts
Pavé de veau fermier, purée
Faux-filet, frites
L Bone Bio, frites
Côte de bœuf 2-3P, frites
Côte de bœuf, frites
Fromage
Saint Nectaire fermier
14.00
14.00
16.00
14.00
30.00
15.00
48,00
19.50
28.00
38.00-
52.00
160.00
195.00
160.00
8.50
Desserts
Mousse au chocolat
Crème au caramel
Tarte aux poires
9.50
9.00
9.00
Le boeuf est d'origine allemande ou tanguise le yeali et hate Ileue, espèces ou tícaces
Devant la recrudescence des chèques impayes, nous ye
lu 22/05/56 Pur Camel
Concla Mone

Le Severo
Casper van Dort
Photo - oct. 2025
cau gratuite
e compris 15%
Le Severo est ouvert du lundi au vendredi
Aujourd'hui 28-sept.-25
Service 12
19h30-21h3
evero
RESTAURANT
BOUCHER
PARIS • TOKYO
Coupe de champagne A Heucq (12cl) 16 €
Entrées
Boudin noir de Ch Parra, salade verte
Rosette de Vic
Jambon fermier d'Auvergne (16 mois)
Poitrine de pore fermier confite, salade verte
Poêlée de cêpes français
Pied de porc désossé, salade verte
14.00
14.00
22.00
14.00
28.00
14.00
Plats
Steak haché (250 grs), frites ou haricots verts
Steak tartare (250 grs), frites ou haricots verts
Faux-Filet (Blonde de Galice), frites
L Bone (Blonde de Galice), frites pour 2 P
Tataki de bœuf (anchois, comté), frites
Côte de bœuf Blonde de Galice (2P) frites
Noix de ris de veau, purée
Filet de bœuf race Limousine sauce au poivre, frites
Andouillette Force Reix, frites
19.50
28.00
52.00
140.00
32.00
150.00
48.00
65.00
24.00
Saint Nectaire
Fromage
Desserts
8.00
Mousse au chocolat
Crème au caramel
Tarte aux mirabelles
9.00
9.00
9.00
allemande ou française le veau est hollandais.
CALe a Mane suragage noe Carte Bieue, espèces ou tickets

Le Severo
James Smith
Photo - juin 2019
Languedoc Roussillon Rouge
2013 Titou 'Dennis Royal"
2014 Titou "Vendangeurs de la Violette"
2016 Gaillac "'C Enclos"
2016 I. G.P. Aveyron 'Pur Fer Du Servandou"
2013 Pic Saint Loup Calades
2015 Pic Saint Loup Petit Duc
2014 Vin de Pays de L Hérault
Sud Est et La Corse
Rouge
2011 Bandol 'Collection"
2015 I G P Alpilles "Améthyste"
2012 Les Baux de Provence 'Améthyste"
2008 Les Baux de Provence "Améthyste" Magnum
2011 Les Baux de Provence "Cornaline"
2015 Patrimonio
Dom Les Mille Vignes
Dom Gea Mille Vignes
Dom Les Mille Vignes
Ch et N Lebrun
N Carmarans
Mas Foulaquier
Mas Foulaquier
Grange des Pères
95
105
36
44
65
65
175
Ch Sainte Anne
Dom Hauvette
Dem Hauvette
Dom Hauvette
Dom Hauvette
Stéphane Olmeta
80
Tie 110
104
192
68
48

Le Severo
James Smith
Photo - juin 2019
Alcools Digestifs
Calvados 20 ans 42°
1968 Bas Armagnac
2001 Bas Armagnac
Cognac Héritage
Cognac Vieille Réserve
Cognac VSOP
Eau de vie Framboise
Eau de vie Framboise 61° Non réduite
Eau de vie de Prune
Eau de vie Poire 61° Non réduite
Eau de vie Poire William
Kirch Coing
Marc de Bourgogne 42°
Parta
4 cl
Desfrièches
Dom Boignières
Dom Boignières
P Giraud
P Giraud
P Giraud
E Brana
Binner
E Brana
Binner
E Brana
Binner
De Vogue
14
48
34
30
14
8
10
16
10
16
10
10
34
Whysky 4 cl
Over Aged (12 ans)
Rouget de Lisles Whisky Vin de Paille
Glenfarclas 15 ans d'âge 46° Whisky Malt Ecosse
Michel Couvreur
18
14
16