LE TONNERRE
Photo - août 2025
Le Tonnerre Bar
Happy Hours : 17h - 20h
- BIÈRES PRESSION
25cl
50cl*
H.H.
Éclair 5°
3€
5€
4€
Blonde légère
Britt Summer IPA 5°
5€
8,5€
Désaltérante, notes d'agrumes, amertume légère.
7,5€
World Beer Awards '23, ® Concours Général Agricole '20
Sant Erwann Abbaye 7°
5€
8,5€
7,5€
Du corps, équilibrée entre rondeur et amertume.
© World Beer Awards '23.
Sant Erwann IPA 7°
5€
8,5€
7,5€
Blonde houblonnée aux notes exotiques.
World Beer Awards '23, meilleure IPA.
Bière/Cidre du moment
5€
8,5€
7,5€
Blonde, Blanche, Brune, Rousse,
demandez au bar !
* Parce qu'ici les pintes font 50cl.
< SOFTS
Verre
H.H.
Soda
Sod, Coca Zoro, Limonade, Tonic, Giger iter Eersy Drink, Fau
gazeuse
Jus de Fruits
3€
Orange, Ananas, Passion, Pomme, Fraise, Cramberry
2€
(MOCKTAILS 0,0°
Ice Tea Maison
Thé, sirop de pêche, purée de maracuja
Green Tonic
Citron, Tonic, Sirop Basilic
Red Tonic
Citron, Cramberry, Ginger Beer, Sirop d'Ibiscus
Virgin Pina Colada
Jus d'ananas, purée de noix de coco
Love Me Tonnerre
Jus de fraise & cramberry, purée de framboise, sirop de basilic
Tipsie
Jus d'orange, ananas & maracuja, cirtron vert, cannelle
Pumba
Jus d'ananas, pomme & maracuja
Verre
5€
7€
7€
7€
7€
7€
7€
Google Maps
BIÈRES
BOUTEILLES
Dremmwel 0.0°
6€
Bière bouteille (25cl), légère, aux
arômes maltés et fruités
Corona 4.5°
6€
bière bouteille (33cl), lager fraiche
et fruitée.
‹SUPPLÉMENTS
Demi
Pinte
Picon
Monaco
Panaché
+1€
+2€
+0,5€
+1€
+0,5€
+1€
PROGRAMME
Tous les matchs, les concerts,
les
quizz, les blind tests ou les karaokes,
sur Instagram:
@letonnerrebar
0:27
GRIGNOTER
Tapas maison
Houmous, rillette de thon,
5€
(selon
les arrivées)
Bol de frites
5€
Avec de la mayo ou du ketchup
Saucisson
8€
Nature, Beaufort ou noisettes
Assiette charcut.
16€
Charcuterie, pain, cornichons

LE TONNERRE
Photo - août 2025
~ COCKTAILS
Verre
H.H.
Punch Maison (12.5 cl)
4€
Rhum blanc, goyave, ananas, maracuja, fraise
Ti Punch (6cl)
8€
7€
Rhum blanc, citron vert, sucre
Daïquiri
8€
7€
Rhum blanc, sucre, citron vert, glace
Pina Colada
8€
7€
Rhum blanc, purée de coco, jus d'ananas
Madame
12€
Rhum blanc, rhum ambré, triple sec, liqueur de melon, jus
d'orange & maracuja
Micky
12€
Rhum blanc, triple sec, sirop de cannelle, citron vert, jus
d'orange & maracuja
Mai Tai
12€
Rhum blanc, rhum ambré, triple sec, sirop d'orgeat, citron
vert
Caïpirinha
8€
Cachaça, citron vert, sucre
Caïpirinha Bretonne
12€
Eau de vie de cidre, citron vert, sucre, jus de pomme
7€
Gin Fizz
8€
Gin, citron vert, Limonade
Mandarine
12€
Gin, Liqueur de mandarine, jus de maracuja
7€
Cosmopolitan
8€
Vodka, triple sec, jus de cramberry, citron vert
Sex On The Beach
8€
Vodka, crème de pêche, jus d'ananas,jus de cramberry
Spiced Berries
12€
Vodka, purée de framboise, sirop de gingembre, jus de
cranberry
7€
7€
Mexican Fizz
8€
Tequila, citron vert, limonade, sirop de gingembre &
grenadine
Tequila Sunrise
8€
Tequila, jus d'orange, sirop de grenadine
Margarita Fraise
8€
Tequila, jus de citron vert, jus de fraise
El Diablo
12€
Tequila, crème de cassis,
citron vert, ginger beer
Tomahawk
12€
Tequila, triple sec, jus de cranberry, jus d'ananas
7€
7€
7€
-
LONG DRINKS
Gin tonic, Vodka tonic
Rhum coca, Whisky coca
Jagger Bomb
Mule (London, ...)
Gin, vodka ou tequila avec citron et ginger beer
Alcool Supérieur
Verre
6€
6€
6€
7€
+3€
Seul ou avec du soda: rhum vieux, gin,
whisky, cognac...
( SHOTS
Vodka/Rhum + Sirop
Line Renaud
Tequila, citron vert, gingembre, cannelle
Basil Instict
Gin, cointreau, basilic, maracuja
Catherine Ginger
Gin, gingembre, citron vert
Axelle Red
Vodka, Crambery, Framboise
Jean Pierre Tatin
Eau de vie de cidre, pomme, kahlúa,
caramel
Pascal Obistro
Whisky, goyave, ananas, gingembre
Orgasme
Get, Baileys
Madeleine
Amaretto, triple sec, ananas/
Rhum arrangé maison
Amaretto, triple sec, ananas/
Shot
3€
4€
4€
4€
4€
4€
4€
4€
4€
5€
CLASSIQUES
Ricard (2cl)
Perroquet, Mauresque...
Liqueur de menthe (6cl)
Menthe Pastille (6cl)
Verre
3€
4€
6€
6€
VINS
Rouge / Blanc
Kir
12.5cl
4€
4€
75cl.
22€
E TONNERRE BAR