Le Verre Siffleur
Photo - févr. 2026
PETIT-DÉJEUNER
PETIT-DEJEUNER
boisson chaude (cappuccino +2)
+ fruit pressé + viennoiserie
ou tartine beurrée
BREAKFAST IN PARIS
16
FORMULE PETIT-DÉJEUNER
+ omelette mixteou
œuf au plat bacon
BOISSONS CHAUDES
EXPRESSO, DÉCA,ALLONGÉ 2,7
INFUSIONS
5,3
NOISETTE
MACCHIATO
DOUBLEEXPRESSO,
2,9
3
9
5,4
verveine, camomille, tilleul
LAIT CHAUD VANILLE
5
VIN CHAUD
6,9
CAFÉ CREME
CHOCOLATCHAUD
5,8
GROG AU RHUM BREN
8,5
GRAND-MERE
Ap Po Sci, 55ange, cannelle,
9,5
CAPPUCCINO
6,8
fruit de la passion, miel
CAFÉ, CHOCOLAT VIENNOIS 6,8 IRISH COFFEE
11
THÉS
Vert à la menthe, Darjeeling,
5,8
whisky 4cl, sucre de canne,
crème
Vanille-caramel, Earl Grey,
FRENCH COFFEE
12
Ceylan, Rooibos aux épices
cognac 4cl, sucre de canne,
sans théine, Vert sencha,
creme
Chine fumé
SUPP. LAIT VÉGÉTAL
+1,50
THÉ À LA MENTHEFRAÎCHE 6
soja ou amande
ALCOOLS e
WHISKYCL
CLAN CAMPBELL, JAMESON 9
FOUR ROSES, JACK DANIEL'S
11 CHIVAS REGAL 12 YO
OBAN SINGLE MALT 14 YO 14
TALISKER 10 YO 14
LAGAVULIN 16 YO 16
RHUAAL
HAVANA CLUB 3 YO
9,5 11
DIPLOMATICO, DON PAPA2 15
HAVANA CLUB 7 YO
LA FAVORITE VSOP
ZACAPA XO
VODKAL
BALALAIKA
BELVEDERE GREY
GOOSE
SUPP. RED BULL+5
SUPP. SODA +3,50
GIN 4CL
BOMBAY SAPPHIRE
PINK GIN
THE BOTANIST
HENDRICK'S
TEQUILA CL
VECINDADE100% AGAVE
PATRON SILVER
10
11
12
11
12
DIGESTIFS 4CL
BAS ARMAGNAC VSOP
12
COGNAC VSOP
11
GRANDMARNIER,
VIEILLE PRUNE DE SOUILLAC 12
COINTREAU
9
BAILEYS,
CALVADOS COQUEREL XO 14
AMARETTO
9
CALVADOS
COGNAC BORDERIES XO
VSOP 9 GET 27, 31 ,MENTHE
CHA EAU LAUBADE 25 YO
14
PASTILLE 9 LIMONCELLO 9
Bas Armagnac
14
POIRE WILLIAM, MIRABELLE CHARTREUSE
11
Et pour Goodle Mans rle ...

Le Verre Siffleur
Photo - févr. 2026
APÉRITIFS
RICARD, SALERSCL
PORTO 5CL
4,5
4,9
rouge, blanc
VERMOUTH 5CL
4,9
blanc, rouge ou bitter Dolin
KIR CHARDONNAEL
6,9
cassis, müre, pêche, framboise
PROSECCODOCI2CL
NEGRONI
AMERICANO MAISON
CHAMPAGNE12CL
Devauxgranderéserve
KIR ROYAL 12CL
8,5
12 12
12
12,9
À PARTAGER
ASSIETTE DE
SAUCISSON BEURRE
8
FRICANDEAU
POUR 1 - 11
POUR 2 - 19
POUR 4 - 31
LE FAMEUX
CROQUE-APERO
10
BELLE PLANCHE MIXTE (CHARCUTERIES & FROMAGES) - 25
Toutes nos entrées ne demandent qu'à être partagées!
LES COCKTAILS
10,5
MOJITO, CIN FIZZ
DAIQUIRI, CAÏPIRINHA
PIÑA COLADA, BLOODYMARY
COSMOPOLITAN
12,5
OLD FASHIONED
ESPRESSO MARTINI
PISCO SOUR, AMERICANO
NEGRONI, PORNSTAR
PÉCHE MIGNON
13,5
champagne,
nectar d'abricot,
crème de pêche
LE SIX FLEURS
14,5
vodka, citron,
crème de cassis,
fleur de sureau,
jus de pomme
BOTANIST FEVER
13,5
ginBotanist,
tonic, rondelle
de concombre
N'HÉSITEZ PAS À DEMANDER VOTRE COCKTAIL SUR MESURE - 14
LES SPRITZ -11
APEROL aperol, prosecco, eau gazeuse
LIMONCELLO limoncello, prosecco, eau gazeuse
FRENCH tiqueur de fleur de sureau, prosecco, eau gazeuse
MARACUJAfruits de la passion, prosecco, eau gazeuse
S
AL
OL
VIRGIN COLADA, VIRGIN MAJITO APPLE MOJITO - 7,5
Google Maps

Le Verre Siffleur
Photo - févr. 2026
BOISSONS FRAÎCHES
COCA-COLA,ZÉRO33CL 5,5
THÉ GLACÉMAISON
SCHWEPPESTONIC, AGRUM, 5,5 CITRONNADE MAISON
ORANGINA, LIMONADE 25CL
CAFÉ, LATTE,
JUS DEFRUITSVERRE25CL5,5
CHOCOLAT FRAPPÉ
abricot, orange, cranberry,
pamplemousse, pomme, ananas,
LAIT FROID VANILLE
tomate
SUPP. SIROP +0,50
FRUITS PRESSÉS
6,5
orange, citron, pamplemousse EVIAN, PERRIER
BIÈRES & CIDRES
PRESSIBOUEElbdE
MUTZIC BLONDE
5,3
GALLIA BLANCHE
9,5
9
5,7
5,9
AFFLIGEM BLONDE 9,8 6,2 11
IPA LAGUNITAS
6,2 11
DESPERADOS
CORONA
BIERE SANS ALC.
CIDRE SASSY
PICON BIERE
SUPP. SIROP +0,50
6,5
6,5
6,5
5
5
7
7
25CL 33CL
6
6
LES VINS
Et explorezlacaveàMiche/since 1954
ROUGE
• BOURGOGNE HAUTES CÔTES DE NUITS AOC,
14CL 25CL
11
17
Domaine Pansiot
• BOURGUEIL AOC
Catherine et Pierre Breton, Domaine Trinch
8,5
14
• CASTILLON COTES DE BORDEAUX Acadeau Beynat
• CROZES HERMITAGE AOC
7,5
10
13
16
Cuvée du Peizon, Famille Belle
• PIC SAINT-LOUP AOP
914,5
Château Lancyre, Clos des Combes
• SAINT-AMOUR AOC, DomainedesPierres
• IGP COTEAUX DU PONT DU GAR Montfrin la Tour
• PINOT NOIR, IGP Pays D'OC, Orchys
6,3
914,5
6 10,5
11
B LANC
• CHABLIS AOCDomaine Gueguen
10,5
• CHARDONNANGP Pays D'OC, Orchys
• VIOGNIER, IGP Pays D'OC, Domaine des Salices
«SAUVIGNON,Plein la Vue, Jeff Carrel
• MORILLONJeff Carrel
6,3
7,5
19
6 10,5
12
11
13
ROSÉ
• SABLE DE CAMARGUE AOris de Nathalie,
6 10,5
Petit Chaumont
• CÔTES DE PROVENCE ASTe, Anne
8,5
14
Château Tour de l'Evêque
Envied unebonne b Google Maps, carte des vins!

Le Verre Siffleur
Lauren Ky
Photo - juil. 2025
VERRE SIFFLEUR
POUR COMMENCER
ŒUF MIMOSA EE
GRAVLAX DE SAUMON, MOUTARDE À L'ANETH
POIREAUX VINAIGRETTE
BURRATINA TOMATES ANCIENNES, PESTO
TERRINE DE LA MAISON MAS
SALADES COMPOSÉES
LA BICQUETTE
Salade, brick de chèvre, lazd grillé, Melon
tomates cerises, oignon rouge, noisettes
LA NORDIQUE
Salade, tomates cerises, parabas,
saumon fumé, blinis, avocat, pamplemousse
COBB SALADE
Salade Romaine, poulet crispy, avocat tomates cerises,
cantal.œeuf dur, oignons & radis
POKE BOWL SAUMON
poke bowl veggie + saumon mariné
POKE BOWL VEGGIE
riz vinaigre, fèves, chou rouge, radis,
Carotte, avocat, tomates cerise
18
18
17
19
16
BISTRO PARIS
PLATS
FILET DE DORADE À LA PLANCHA
21
Jule vierge citron et temiter confites. Jégumes croquants
CROUSTIFONDANT DE PALERON
17
jur réduit, écrasé de pomme de terte
BOUDIN BASQUE ANNE ROZÉS
pom por
ONGLET D'ANGUS
22
échalote, sel, poivre
PAVÉ DE SAUMON SNACKÉ
20
émulsion gingembre, tombée d'epinards
RISOTTO VERDE, LÉGUMES CRUS ET CUITS
tuile de parmesan
17
SUPRÊME DE POULET
18
salay et citronnelle, riz au lait de coco
TARTARE DE BCE UF
TE
frites et salade
BURGER SIFFLEUR, FRITES ET SALADE
Buns, steak haché, crème de camembert, lard grillé, tomate.
oignons rouges
DESSERTS & FROMAGES
ASSIETTE DE 3 FROMAGES
SALADE DE FRUITS
CAFÉ GOURMAND
CHEESECAKE COULIS DE FRAMBOISE
CŒUR COULANT MAISON, GLACE VANILLE
LE CLASSIQUE TIRAMISU
CRÈME BRULÉE À LA VANILLE BOURBON
10
80 01 m00
MENU ENFANT 14,50€
STEAK HACHÉ OU POULET CRISPY
Frites ou haricots verts
Boule de glace ou salade de fruits
Jus de fruits, Coca-Cola oi sirop à l'eau
GLACES & SORBETS
LA BOULE
Glaces: vanille, café, chocolat
Sorbets : fraise, citron, cassis
SUR LE POUCE
CROQUE MONSIEUR AU PAIN MIE, SALADE
CAMEMBERT RÔTI AU MIEL, POMMES GRENAILLES
AVOCADO TOAST AU SAUMON FUMÉ, SALADE
13
16
17
Scan me and get out menus
In your language.
Prix nets en curos, taxes et service compris;
Google Maps