Zeyer
Rem Rem
Photo - janv. 2026
Petit déjeuner à la française 7.0
(Café, thé ou chocolat, croissant, jus d'orange ou jus de pomme)
Petit déjeuner à l'anglaise 12.0
(Café, thé ou chocolat, œufs au plat & bacon grillé, toasts, jus d'orange ou jus de pomme, croissant)
Tartine au beurre
Croissant
Toasts (beurre & confiture)
Le pot de confiture
2.0
3.0
4.0
1.0
Boissons chaudes
Café ou décaféiné
de 8 à 12 heures: 2.3 après 3.0
Double café ou décaféiné
de 8 à 12 heures: 4.6 après 6.0
Grand crème
6.0
Chocolat
4.5
Petit pot de lait chaud
0.2
Thé Gold Breakfast, Earl Grey, Lapsang-Souchong, Thé vert Sancha
4.5
Infusions (Verveine, tilleul, Camomille)
4.5
Boissons fraîches
Pepsi-Cola ou Pepsi Max (33 CD)
Orangina, Ice Tea, Schweppes, limonade (25 Cl)
Badoit rouge (33 Cl)
Vittel (25 cl)
Fruits frais pressés (orange, citron ou pamplemousse) 15 cl
Cocktail de fruits frais pressés (orange, citron L pamplemousse) 20 cl
Boissons Pago (20 CL)
5.5
5.5
5.5
5.5
7.0
9.5
5.5
(Nectar d'orange, ananas, abricot, purée de tomate, jus de pommes, boisson
aromatisée à la fraise)
Bières pression
Kronembourg
Demory Paris IPA
Grimbergen
Bières bouteilles
La Parisienne (33 CD)
Аббауе de Leffe (33 cl)
Kronembourg 1664 blanche (33
Kronenbourg sans alcool (25 CO
25 Cl
5.5
6.5
7.0
50 Cl
10.0
11.0
13.0
9.0
9,0
8.0
6.5

Zeyer
Rem Rem
Photo - janv. 2026
LE
ZEWER
(De midi à 22 heures 30)
Omelette nature, frites & salade verte 8.0
Omelette un ingrédient, frites & salade verte 10.0
Omelette deux ingrédients, frites & salade verte 11.0
Omelette trois ingrédients, frites & salade verte 12.0
Ingrédients : Emmental râpé, jambon blanc, tomate
Le croque-monsieur, frites & salade 11.0
Le croque-madame, frites & salade 12.0
Sandwich au jambon blanc ou au Brie 6.0
Nos glaces et sorbets
Berthillon
Parfums : Chocolat, moka, caramel à la fleur de sel, noisette
Fraise, poire, citron vert, mangue
1 boule : 6.0 2 boules : 12.0
3 boules : 16.0
Café, chocolat ou caramel Liégeois : 12.0
Le café gourmand (Crème brilée, baba au Rhum, mousse au chocolat) 12.0
Craquant au chocolat 11.0
Crème brûlée à la cassonade 11.0
Soufflé glacé au
Grand Man
tier 11.0
Goode Mane

Zeyer
Rose Tokugawa
Photo - nov. 2025
Petit déjeuner à la française 7.0
(Café, thé ou chocolat, croissant, jus d'orange ou jus de pomme)
Petit déjeuner à langlaise 12.0
né ou chocolat, aufs au plat I bacon grillé, toasts, jus d' orange ou jus de pomme, croisant)
Tartine au beurre
Croissant
Toasts (beurre I confiture)
Le pot de confiture
2.0
3.0
4.0
1.0
Boissons chaudes
Café ou décaféiné
de 8 à 12 heures: 2.3 après 3.0
Double café ou décaféiné
de 8 à 12 heures: 4.6 après 6.0
Grand crème
4.5
Chocolat
0.2
Petit pot de lait chaud
Thé Gold Breakfast, Earl Grey, Lapsang-Souchong, Thế vert Sancha
4.5
4.5
Infusions (Verveine, tilleul, Camomille)
Boissons fraîches
Ga ou Pepsi Max (33 Ch
Pepsi-
Orang
Bador
Vitte
Fruit
rock!
usse)
5.5
5.5
5.5
5.5
7.0
9.5
5.5
Lipton
25 (
<

Zeyer
Photo - juil. 2025
Tartare de sasmon aue herter meshe echalie
Tomate de miserarette 9l Bottela Paie tRao
Pral freur «Tavocat de crevetles, savee cocktall
Онрісль de sorrates A ses condimente
Rosace de meten e jamteon de paye
nettes de sartines sues diment el wegretta
il chacoinit bi salade verte
11
Les n tes gros escargots de boutgogne
Biere pression ICA
Durnocy Pers (25cl) 6.5
Bière Curse (trouteille de 33, kl)
Pette Emoncune
Vin shu mement
Coles de Prevenie ADN
Preroute de Saint Thier
ZEYER
DEPUIS 1913
Les viandes
(rites faithes vie te ferme do PWil Partenay dals FAuber
Argel Deywr Doest niche, poitre hemin
Tartare de boert (Aubrael fites & salade
Faux-Net (Autreds polié de grilte sauce marchand de vire bites
Escalope de veau panée du parmesan, tooliatelles
Andouillette AAAAA grillée, snice moutaride, frites
Quinte de canard confite, pommes sautées
Peuilet Basquaire du piment d'Experette, tagliateiles
Rognons de veau grillée sauce forestière, trites
Pet de bout pollée sauce bearaine, frites
La manée du jour
Grillade de poissons à l'aíoli (rein telins Monie gr) écrasé de pomme de terre
Pavé de cabillaud poélé ou curry & fait de coco, niz basmati
Pavé de saumon polié, sauce pistou, haricots verts
Mi-coit de thon rouge à la graine de sésame & son mesclun
Unguines crémeuses aux gambas
Fint de bar sauce béamalse, pommes vapeur
25
Formule déjeuner 23
fredi haut jour feries
De Midi a. 16 heures
Saucisse au couteau,
Ecrasé de pommes de terre
Coupe dame blanche
Café
Menu enfant 15
Un steak haché
Les desserts
Coupe de fraises au sucre ou à la crème
Fraises Melba
Salade de fruits frais
Mousse au chocolat
Profiteroles à la glace vanille
Crème brûlée à la cassonnade
Baba bouchon & sa fiole de rhum
Ananas frais en pirogue
Craquant au chocolat crème anglaise
le fiottante, crème anglaise de la pistache
Coeur coulant au chocolat glace vanille
Ceté gourmand (cana suite, nous macroco ac, saba
10.5
12
10
11
13
11.
12
10
11
11
11
12
Assiette de fromages (bela cantal, chevre fermier) 11
Une tranche de jambon
Ou
Nuggets au poulet
Servi avec des frites, purée ou
pates
Les glaces & sorbets Berthillon
Deux boules de glace ou sorbet
Ou
Mousse au chocolat
Un soda ou un jus de fruits
Prix nets de service compris
Moka, chocolat, caramel au beurre sale, noisette, citron vert,
poire fraise: mangue.
Un parfum
Deux parfums
Trois parfums
Café ou chocolat ou carame! Liégeois
Soufflé glacé au grand-Marnier
Coupe dame blanche
Coupe colonel (Citron vert & vodka)
Sorbet poire, alcool de poires
Nougat glacé au coulis de fruits rouges
6
11
16
12
11
10
13
13
11
de Provence A.vwr.
Plat du jour :
Merlan meunière aux amandes
Pommes vapeur
25,00
LE COIN SNACKING
Omelette nature, frites Be salade 8
Bagel au saumon mariné 12
(Saumon mariné, des d'avocat, chevre frais)
Croque-monsieur, frites Be salade 11
Salade de poulet grillé 11
(Semoute à la menthe, blano de pouler
Bruschetta tomate & mozzarella 10
Planche de charcuteries 11
Antipasti de légumes grillés & féta 1
Formule Alesia 30
(Une entrée &, plat ou un plat & dessert)
Formule du Zeyer 40
(Une entrée, un plat ez un dessert)
Tartare de saumon aux herbes fraiche
Ou
Demi meion Charentais
Ou
Gaspacho de tomates & ses condime
Bavette poélée aux échalotes
Frites
ou
Duo de gambas & calamars
A la provencale
Riz
•Poulet façon Basquaise, tagliatel
Nougat glacé
Au coulis de fruits rouges
ou
Coeur coulant au chocolat
& sa boule de glace vanille
OU
Salade de fruits frais
ARRAS.
Café
La maison n'accepte pas les chèquel
Carte des vins
›

Zeyer
•
Maxime
Photo - avr. 2024
mon is fine set.
Petit dejeuner à la francaise 7.0
Petit déjeuner à la française 7.0
(Cafe ou thé ou chocolat, 1 croinant, orange presser)
Tartine au beurre
Crousant
Toasts (beurre E confitune)
Le pot de confiture
2,0
3.0
4.0
1.0
Boissons chaudes
Cafe ou decafine
Donfile cafe ou decafemé
de 8à 12 heures: 2.3 apris 3.0
de 8 à 12 heurer: 4,6 après 60
6.0
Grand crème
Chocolat
Petit pot de lass chaud
0.2
The Gold Breakfan, Earf Grey, Capsing Sourhong. The ven Sancha S
Infusions (Verine, tillent, Camemifie)
Boissons fraiches
Happy Hour de 16à 20 heures tous les jours
Pran Cole ou 2'pxi Max (33 CO
Orasga, Lgeon Ice Tes, noneppes, Amonaia (25 C)
Budant rouge ou viam (13 CO)
Fruite frat presses (anange, citron ou jampleminar)
Cockgait de franta fruo presso
Jur de frutts. Page 20 CO
/Change, anasad, aintol, tomato, pammes, fists)
9.5
Bins tresnon
Comletsen
Kamemn 3604 Bainche
Hire Goutriter
Celle 3u col
Krumindoug zits as dout 25 CD
25 cl
30 Cr
tre
Demander mour