Les Grillades de Buenos Aires
Ludivine D
Photo - août 2025
LES GRILLADES
DE BUENOS AIRES
ENTRÉES - ENTRADAS - STARTERS
EMPANADAS MENDOCINAS
Chausson de vionde a la mode Mendoza
9,00 €
Slice of meat style regional
EMPANADAS DE ESPINACA Y QUESOS 9,00 €
Chausson aux épinards et 3 fromages
Slice of 3 cheese and spinach
• ENSALADA MIXTA
10,00 €
Salade mixte - Mixed salad
ABATS - ACHURAS - LIVERS
ENTRÉE PLAT
8,50 € 22,00 €
CHORIZO CRIOLLO
Saucisse grillée - Grilled sausage
MORCILLA
Boudin noir grillé - Grilled black pudding
RIÑON DE TERNERA
Rognon de veau - Veal kidney
8.50 € 22,00 €
9,80 €
25.50€
MOLLEJA DE TERNERA
Ris de veau - Sweetbread
14,00 € 27,00 €
GRILLADES - PARRILLADAS
GRILLED MEATS
BIFE ANCHO
Entrecôte - Entrecote
30,00 €
BIFE DE CHORIZO
Faux-filet - Sirloin
30,00 €
BIFE DE LOMO
Filet de bœuf - Tenderloin
35,50 €
BABY BIFE 700 g environ
Pièce pour 2 personnes
Joint of beef for 2 people
65,00 €
VIANDE FRANCAISE - CARNE
FRANCESCA - FRENCH MEAT
Asado de tira - Travers de bonut - Ribs of beef
SUPLEMENTO CHIMICHURRI
Supplement Chimichurn
SUPLEMENTO DE PAPAS FRITAS
Supplément de frites - Extra chips
MENU ENFANT (3 à 10 ans)
27,50 €
3,50 €
5,00 €
13,50 €
DESSERTS - POSTRES
FLAN CON DULCE DE LECHE
Crème caramel a la confiture de lait
Caramel cream with milk jam
BANANA CON DULCE DE LECHE
Banane à la confiture de lait.
Banana with milk jam
ENSALADA DE FRUTAS
Salade de fruits frais
Fresh fruit salad
POSTRE DE LA CASA
Dessert de la maison :
Pâte de coing, fromage blanc battu,
huile de vanille, fruit de la passion, noisette.
Home made dessert:
Quince paste, whipped cream, vanille essence,
passion fruit, hazelnut.
POSTRE BUENOS AIRES
Roulé à la confiture de lait et rhum coco
Cake with rum and milk jam and coconut.
COPA MARADONA :
HELADO DE LIMON CON GRAPPA
Sorbet citron et grappa
Lemon sorbet with grappa.
HELADO DE DULCE DE LECHE
Glace à la confiture de lait
Ice cream with cream.
Réservations: 01 43 21 56 74
Prix nets - Net prices (€)
8,50 €
5,00 €
9,00 €
11,00 €
9,00 €
10,00 €
10,00 €

Les Grillades de Buenos Aires
Yan Chernyak
Photo - mai 2026
itifs dperitivos
1o moreno
Fuerza Vermouth Argentin (Blanc ou Rouge)
Whisk
ohnnie Walker red label
Whisky Johnnie Walker black label
Whisky - coca
fernet - coca
Khum - coca
Ricard
Cinzano
Gancia Argentina
Kir
Kir Royal
Champagne - Coupe
Champagne - Bouteille
0,50€
7€
8€
0E
8€
8€
8€
7€
7€
7€
7E
13.5€
12,5€
54,5€
Bières - Cervezas - Beers
Quilmes - 34cl
Bière du moment - 2õcl
Supplément sirop de grenadine
3,5€
1,5€
Digestifs - Digestivos
Fine Cognac - Armagnac - Calvados
0€
7,80€
Tequila
9,80€
Grappa Argentina
8€
Legui - Liqueur d'Argentine
7,80€
Cachaça - Liqueur Bresilien:
Ron -Rhum
Google Maps
7.80€
Data do times mat 2006
Manditiana dia

Les Grillades de Buenos Aires
•#*+
Photo - nov. 2025
LES GRILLADES
DE BUENOS AIRES
3191010%
ENTRÉES - ENTRADAS - STARTERS
EMPANADAS MENDOCINAS
Chausson de viande à la mode Mendoza
Slice of meat style regional
EMPANADAS DE ESPINACA Y QUESOS
Chausson aux épinards et 3 fromages
Slice of 3 cheese and spinach
ENSALADA MIXTA
Salade mixte -
Mixed salad
8,00 €
9,00 €
VIANDE FRANC
AISE - CARNE
FRANCESCA - FRENCH MEAT
Asado de tira - Travers de bœuf - Ribs of beet
SUPLEMENTO CHIMICHURRI
Supplément Chimichuri
SUPLEMENTO DE PAPAS FRITAS
Supplément de frites - Extra chips
MENU ENFANT (3 à 10 ans)
97 50 €
3,50 €
5,00 €
13,30 €
10,00 €
DESSERTS - POSTRES
ABATS - ACHURAS - LIVERS
8,50 €
CHORIZO CRIOLLO
Saucisse grillée - Grilled sausage
MORCILLA
Boudin noir grillé - Grilled black pudding
8,50 €
RINON DE TERNERA
Rognon de veau - Veal kidney
9,80 €
MOLLEJA DE TERNERA
Ris de veau - Sweetbread
ENTRÉE
PLAT
8,50 €
22.00 €
22,00 €
25,50 €
FLAN CON DULCE DE LECHE
Crème caramel à la confiture de lait
Caramel cream with milk jam
BANANA CON DULCE DE LECHE
Banane à la confiture de lait
Banana with milk jam
ENSALADA DE FRUTAS
Salade de fruits frais
Fresh fruit salad
5.00 €
9,00 €
14,00 € 27,00 €
GRILLADES - PARRILLADAS
GRILLED MEATS
POSTRE DE LA CASA
Dessert de la maison :
Pâte de coing, fromage blanc battu,
huile de vanille, fruit de la passion, noisette.
Home made dessert:
Quince paste, whipped cream, vanille essence,
passion fruit, hazelnut.
11,00 €
BIFE ANCHO
Entrecôte - Entrecote
30,00 €
POSTRE BUENOS AIRES
Roulé à la confiture de lait et rhum coco
Cake with rum and milk jam and coconut.
BIFE DE CHORIZO
Faux-filet - Sirloin
30,00 €
BIFE DE LOMO
Filet de bœuf - Tenderloin
35,50 €
COPA MARADONA :
HELADO DE LIMON CON GRAPPA
Sorbet citron et grappa
Lemon sorbet with grappa.
BABY BIFE 700 g environ
Pièce pour 2 personnes
Joint of beef for 2 people
65,00 €
HELADO DE DULCE DE LECHE
Glace à la confiture de lait
Ice cream with cream.
Réservations : 01 43 21 56 74 / Prix nets - Net prices (€)
9,00 €
10,00 €
10,00

Les Grillades de Buenos Aires
Yan Chernyak
Photo - mai 2026
LA CARTE
ENTRÉES-ENTRADAS-STARTERS
GRILLADES-PARRILLADAS-
GRILLED MEAT
EMPANADAS MENDOCINAS
Chausson de viande à la mode Mendoza
Regional style meat pastry
EMPANADAS DE ESPINACA Y 3 QUESOS
Chausson aux épinard et aux trois fromages
Pastry with spinach and three cheeses
ENSALADA MIXTA
Salade mixte
Mixed salad
ABATS-ACHURAS-LIVERS
CHORIZO CRIOLLO
Saucisse grillée Grilled sausage
MORCILLA
Boudin noir grillé-Grilled black pudding
RIÑON DE TERNERA
Rognon de veau-Veal kidney
MOLLEJA DE TERNERA
Ris de veau Sweetbread
ENTRÉE
8,50€
8,50€
9,80€
14,00€
9,00€
9,00€
10,00€
PLAT
22,00€
22,00€
25,50€
27,50€
BIFE ANCHO
Entrecôte - Ribeye steak
BIFE DE CHORIZO
Faux-filet- Sirloin steak
BIFE DE LOMO
Filet de boeuf-Tenderloin
TRIO DE VIANDES
Assortiment de trois viandes
VIANDE FRANÇAISE- CARNE
FRANCESA- FRENCH MEAT
Asado de tira- travers de bœuf - Ribs short beef
PLATO DEL GAUCHO
Assortiment de chorizo argentin, boudin noir et pièce de
bœuf
VIANDE A PARTAGER
BABY BIFE - 700g environ
Pièce pour 2 personnes
700g of meat to share (for 2 people).
AIGUILLETTES DE RUMSTECK
COLITA DE CUADRIL
Pièce pour 2 personnes
700g of meat to share (for 2 people).
MENU ENFANT (3 À 10 ANS)
S>PPLEMENTS
Google Maps FRITES
BOL DE FRITES OU SALADE
30,00€
30,00€
35,50€
32,00€
27,50€
28,50€
65,00€
52,00€
13,00€
5,00€
3,50 €

Les Grillades de Buenos Aires
Yan Chernyak
Photo - mai 2026
Carte des vins
- Rouge rad
nic Malbec
20€
maine Bousquel - Mendoza
Trumpeter Malbec
35.5€
Rutini-Mendoza
Bousquet bio fui de chene
Domaine bousquel- Mendoza
Serie & Malbec
Familia Zuccardi Mendoza valle de uco
lamandes perlie Meliana valle de uco
Malma Pinot Noir
Chacra La Papay- Patagonia
El Enemico Malbec
Valle de Uco Mendoza
Vin du moment - Wine of the moment
Selon arrivage
87.5cl
Malbec
Selon arrivage
38€
48,5€
83€
32€
68€
23€
18€
7õcl
Chardonnay
Torrontes
Коче
20,5€
27.5€
75cl
Rosado
20,0€
Verre-Vas
asS
14cl
Rouge. Blanc ou Rose
Red. Blanco o rosado Google Maps
7€
Date de l'image : mai 2026
Les images peuvent être soumises à des droits d'auteur.
France
Micro:
Conditions d'utilis