
==================================================================
📖 PROCESSING MENU FOR PLACE: pny-gaite (4 files)
==================================================================

🖼️ File: menu_0.png
PNY GAITÉ
Roseburg Traveler
Photo - avr. 2026
FLAME-GRILLED HAMBURGERS
SERVING UP THE BEST IN BURGER CULTURE SINCE 2012
JUCY LUCY
First come, first served - Limited quantities
PNY patty with a melted core of cheddar
and American cheese, Minneapolis sauce,
grilled onions & pickles
XTRA jalapeños (0.9)
VINTAGE CHEESEBURGER
The standard
Beef PNY patty, old-fashioned cheddar,
ketchup, mustard, pickles, iceberg lettuce
red onion
XTRA bacon (1.9)
CRISPY
Crispy on the outside, juicy on the inside
Fried chicken marinated in ginger, old-
fashioned cheddar, paprika mayonnaise
Ask for the spicy version
THE RETURN OF THE COWBOY
This best-seller is why we exist
Beef PNY patty, old-fashioned cheddar,
onion ring, smoked bacon,
caramelized onions & our world
famous Sunday BBQ sauce
TRIBUTE
We renamed it after a letter from Mcdo
Sesame bun, beef PNY patty,
American cheese, old-fashioned cheddar,
homemade B** M** sauce, onions,
pickles, iceberg lettuce
14.9
11.9
13.5
14.5
13.9
MORNING CALIFORNIA
Avocado is the new bacon
Beef PNY patty, old-fashioned cheddar,
homemade guacamole with jalapenos
bites, sriracha mayo, iceberg lettuce
(XTRA egg (1.9)
14.5
13.9
SMOKY BLUE
Stilton warms you up like a blanket
Beef PNY patty, Blue Stilton cheese,
crispy bacon, iceberg lettuce,
caramelized onions
(XTRA onion ring (0.9)
13.5
ATOMIC VEGGIE
Even carnivores crave
Panko-crusted Portobello mushroom,
old-fashioned cheddar, PNY secret sauce,
red onion, iceberg lettuce
XTRÁ: avocado hass (2.5)
VEGAN NIRVANA VEGAN
The name does the talking
Redefine Meat plant-based patty, vegan
bun, vegan cheddar, ketchup, mustard,
iceberg lettuce, red onion, pickles
XTRA › caramelized onions (0.9)
13.9
XXL TRIBUTE
The TRIBUTE for grown ups
Sesame bun, baseball-sized PNY
beef patty (250g), American cheese,
old-fashioned cheddar, onions, pickles,
homemade B** M** sauce, iceberg lettuce
19.8
XXL
Level-up with a 250-gram «baseball-sized»
hoaf flame-grilled nativ (5
OPTIONS
Gluten free bun* (1.9)
Make your burger vegan (2)

🖼️ File: menu_1.png
PNY GAITÉ
Roseburg Traveler
Photo - avr. 2026
DESSERTS
COOKIE SKILLET
Allow 10 minutes for preparation
A warm, gooey chocolate chip cookie
with roasted peanuts, served in a
skillet with a scoop of artisanal vanilla
ice cream
LE CHEESECAKE
Served with a mixed berry coulis
9.5
CRUMBLE À LA MODE
Tender apples with a touch of
cinnamon, served the real American
way: warm with a scoop of artisanal
vanilla ice cream
8.9
BLACKOUT CHOCOLATE CAKE
Perfected over more than 10 years
Homemade with chocolate chips,
chocolate sauce, and
whipped cream
GIANT DEVIL PROFITEROLE
For two
Homemade giant cream puff,
whipped cream, melted chocolate,
artisanal vanilla ice cream
7.5
AFFOGATO
Artisanal vanilla ice cream drowned in
a hot, rich espresso
CAFÉ LIÉGEOIS
Coffee and vanilla ice cream, espresso,
whipped cream,
and chocolate sauce
12.5
COUPES GLACÉES
EVERYDAY SUNDAE
Vanilla and chocolate ice cream,
caramel sauce, crushed peanuts
6.9
CIAO CIAO NOCCIO
Hazelnut ice cream, whole hazelnuts,
hazelnut chocolate sauce
COFFEES
Made with real high-quality, lightly roasted coffee
from Lomi, using the best espresso machine out there
Espresso shot
+1.5
ESPRESSO
LATTE
CAPPUCCINO
CAFÉ VIENNOIS
CARAMEL MACCHIATO
CHAI TEA LATTE
CHOCO CHO
KODAMA TEA
MATCHA LATTE
TAHITT LATTE
Coffee with milk foam
Coffee with milk foam and cocoa
Coffee, whipped cream, and chocolate shavings
Caramel latte with caramel drizzle
As in India, tea and spices, that's life
Hot hot chocolate with a mountain of chocolate shavings
Organic, 100;
ral teas
cha green tea,
Earl Grey Lond
Parisial
/Breakfast black tea
Green tea latte with milk foamn
Island anill Google, MapSam
8.5
5.5
6.9
6.9
Oat milk
+0.9
2.5
4.5
4.5
5.5
5.5
5.5
5.5
4.5
5.5
5.9

🖼️ File: menu_2.png
PNY GAITÉ
Roseburg Traveler
Photo - avr. 2026
SOFTS
GEORGE MOTZ
DEMENTED COPPEB
CREAM SODA
ICED TEA
LEMONADE
LEMONADE FIZZ
ARNOLD PALMER
DR PEPPER
SODAS
SODAS FEVER-TREE
EAUX
Le daily treat de @motzburger:
Dr Pepper, café & lait (33cl)
Du thé Earl Grey et quelques gouttes
de sirop de pêche (33cl)
Notre citronnade star: de jolis citrons
pressés deux fois par jour.
Sucrée comme il faut (35cl)
Notre fameuse citronnade,
avec des bulles (35cl)
Le golfeur le plus cool des US qui fumait
sur le practice, sa boisson préférée:
half iced tea, half lemonade (33cl)
Notre version du célèbre
soda américain (33cl)
Coca-Cola, Zéro, Cherry (33cl)
Ginger ale, Ginger beer, Tonic water (20cl)
San Pellegrino, Evian (50cl)
5.5
4.9
4.9
4.9
4.9
4.9
4.5
5.5
4.5
CAFÉS
Vrai bon café de chez Lomi peu torréfie
et la meilleure des machines à café
Shot espresso
+1.5
ESPRESSO
LATTE
CAPPUCCINO
CAFÉ VIENNOIS
CARAMEL
MACCHIATO
CHAI TEA LATTE
CHOCO CHO
KODAMA TEA
MATCHA LATTE
TAHIT LATTE
Café et lait
Café, lait et cacao
Café, chantilly et copeaux de
chocolat
Latte au caramel et caramel drizzle
Comme en Inde, du thé et des épices,
la vie quoi!
Chocolat chaud chaud et montagne
de copeaux de chocolat
The bio 100% naturel:
Thé vert Sencha, Earl Grey
ondon
Fog, Thé noir Frisian Break st
Latte au thé vert et mousse de lait
Google Maps
Vanilla latte des iles et chantilly
Lait davoine
+0.9
2.5
4.5
4.5
5.5
5.5
5.5
5.5
4.5
5,5
5.9

🖼️ File: menu_3.png
PNY GAITÉ
Roseburg Traveler
Photo - avr. 2026
SIDES
RELOADED FRIES
French fries topped with 18-month aged melted
cheddar, Minneapolis sauce, grilled onions
FRENCH FRIES
Homemade shoestring fries
6
TO SHARE
JALAPEÑO POPPERS
6 deep fried cheese balls with a jalapeño kick
7.5
SWEET POTATOES
Homemade sweet potato
shoest
ries
4.9
ONION RINGS
6 Freshly made onion rings
& our famous Sunday BBQ sauce
5.5
FRESH AVOCADO
Crispy corn tortillas chips, homemade
guacamole with jalapeño bites,
tomato salsa and sour cream
6.9
9.5
LOADED FRIES
Extra jalapeños +0.9
Homemade shoestring fries, 18-month aged
melted cheddar, bacon bites
CREAM FRIES
Homemade shoestring fries Waldorf sauce,
bacon bites
WEDGE SALAD
Little gem lettuce, Waldorf sauce, bacon
bites
HOUSE SALADS
SUNLIGHT
Marinated chicken tenders, avocado Hass,
iceberg lettuce, bacon bites, mushrooms,
cheddar bites, vinaigrette sauce
GRILLED SUNLIGHT
The SUNLIGHT with grilled
marinated chicken fillet
VEGGIE SUNLIGHT » VEGGIE
The SUNLIGHT with panko-crusted
portobello mushroom
6.5
5.9
5.5
HOUSE SPECIAL
17.9 FRIED CHICKEN
6 24-hour marinated chicken tenders
2 SAUCES OF YOUR CHOICE
S3 - Sriracha mayo
17.9
Sunday - Our world famous BBQ sauce
PNY - Our secret sauce
Golden - Pepper & old-fashioned mustard
11.9
16.5
11.9
Combe Lunch
BURGER OF YOUR CHOICE
+ SIDE
=
+ SOFT oR COFFEE
Every weekday, excluding weekends
and public holidays, until 3pm
little monsters
Date de l'image : avr. 2026
LITTLE VINTAGE CHEESEBURGER
OR 4 PIECES OF FRIED CHICKEN
FRENCH FRIES
RUP - Grenadine / Peach / Mint
a scoop of ice cream +2€
Google Maps
aly available if you have not yet enrolled in high school
Les images peuvent être soumises à des droits d'auteur.
Micro:
France Conditions d'utilisation

==================================================================
📖 PROCESSING MENU FOR PLACE: poincon (5 files)
==================================================================

📄 File: menu_0.pdf (PDF)
--- Page 0 (PDF Text) ---
POINCON
CARTE DU SOIR
Semaine du 19 au 23 mai
TAPAS / ENTRÉES
Houmous de petits pois à la menthe 8
Burrata, condiment aux tomates séchées piquillos et gingembre huile de basilic
Asperges blanches, condiment rhubarbe, sarrasin croquant Focaccia à l’ail noir et thym, ricotta, compotée pommes de reinette au cidre et cardamome verte
12
13
11
Flan chorizo, maroilles, tomates séchées, jalapenos, criolla 9
Sardine au chalumeau, poivrons rôtis, tomates confites, gel de basilic 9
Raviole ouverte, farce aux légumes, sauce hoisin à l’orange, quinoa croquant
10
Crudo de daurade, fenouil croquant, fenouil de la mer, vinaigrette carotte citron, koso melon espelette
15
PLATS
Rumsteck d’agneau, jus aux épices, pois chiches grillés à la marjolaine et aux raisins secs, carottes glacées
Filet d’omble chevalier, purée de pommes de terre et épinards, beurre blanc rhubarbe et sauge, pickles de betteraves chioga
Risotto à la crème de roquefort,fenouil grillé, huile d’aneth citronnée
26
24
20
DESSERTS
Ossau Iraty 24 mois, confiture de fruits rouges 8
Chou Paris Quimper, chantilly tonka, amandes effilées 8
Premières fraises, pomelo, lemond curd, sablé breton 8
Végétarien
Cette carte est susceptible d’être modifiée en cours de semaine selon les arrivages. Prix en euros TTC,
service compris. Liste des allergènes disponible sur demande.

📄 File: menu_1.pdf (PDF)
--- Page 0 (PDF Text) ---
FORMULE MIDI du mercredi au vendredi
ENTRÉE + PLAT OU PLAT + DESSERT 22
ENTRÉE + PLAT + DESSERT 26
MENU ENFANT (PLAT + BOISSON) 14
BEIGNETS DE FLEURS DE COURGETTE, RICOTTA MENTHE 7
TARTARE DE MELON ET CONCOMBRE, MAYONNAISE 7
À LA LIVÈCHE, PISTACHES
****
CONFIT DE CANARD, POMMES SARLADAISES, SALADE 18
FILET DE LIEU JAUNE, CAROTTES RÔTIES, POIS GOURMANDS, CRÈME À L’ANETH ET AU CITRON
18
AUBERGINE LAQUÉE AU MISO, ŒUF PARFAIT, SAUCE TARATOR, HUILE VERTE, PIGNONS DE PIN
17
PLAT DU JOUR 18
****
GÂTEAU AU CHOCOLAT, CARAMEL AU BEURRE SALÉ, 7
CHEESECAKE À L’AMARENA, FRAISES, KIWI 7
OSSAU IRATY 24 MOIS, CONFITURE AUX FRUITS ROUGES 8
(+1€ sur la formule)
Végétarien :
Cette carte est susceptible d’être modifiée selon les arrivages.
Prix en euros TTC, service compris. Liste des allergènes disponible
sur demande.
FORMULE MIDI du mercredi au vendredi
ENTRÉE + PLAT OU PLAT + DESSERT 22
ENTRÉE + PLAT + DESSERT 26
MENU ENFANT (PLAT + BOISSON) 14
BEIGNETS DE FLEURS DE COURGETTE, RICOTTA MENTHE 7
TARTARE DE MELON ET CONCOMBRE, MAYONNAISE 7
À LA LIVÈCHE, PISTACHES
****
CONFIT DE CANARD, POMMES SARLADAISES, SALADE 18
FILET DE LIEU JAUNE, CAROTTES RÔTIES, POIS GOURMANDS, CRÈME À L’ANETH ET AU CITRON
18
AUBERGINE LAQUÉE AU MISO, ŒUF PARFAIT, SAUCE TARATOR, HUILE VERTE, PIGNONS DE PIN
17
PLAT DU JOUR 18
****
GÂTEAU AU CHOCOLAT, CARAMEL AU BEURRE SALÉ, 7
CHEESECAKE À L’AMARENA, FRAISES, KIWI 7
OSSAU IRATY 24 MOIS, CONFITURE AUX FRUITS ROUGES 8
(+1€ sur la formule)
Végétarien :
Cette carte est susceptible d’être modifiée selon les arrivages.
Prix en euros TTC, service compris. Liste des allergènes disponible
sur demande.

📄 File: menu_2.pdf (PDF)
--- Page 0 (PDF Text) ---
C A R T E D U B R U N C H
F O R M U L E B R U N C H A D U L T E 3 7 € R É S E R V A T I O N S À V O L O N T É | E N F A N T ( - 1 2 : 1 1 H 0 0 | 1 1 H 3 0 A N S ) | 1 3 H 4 5 & C O N C E R T
1 8 €
| 1 4 H 1 5
B U F F E T S U C R É B U F F E T F R O I D S A L É
Viennoiseries
Panna cotta
Riz au lait
Mi-cuit chocolat
Salade de fruit
Cheesecake
et plus encore..
Salades composées
Salade de pâtes épinards et champignons
Taboulé
Salade décomposée
Batavia, cœurs d’artichaut, maïs, olives
Pâté en croute
Terrine de porc
Tzatzíki
Fromage (gouda, morbier et tomme)
Charcuteries
Houmous varié
Carpaccio de tomates fêta et basilic
Pickles
Coleslaw
B O I S S O N S
Bar à jus :
Orange / ananas / pomme / cranberry / poire /
passion / tomate / gingembre / fraise banane /
mangue
Citronnade maison :
Citron pressé, gingembre, basilic, hibiscus
Bissap maison
A.C.E maison :
Carotte, gingembre, orange, curcuma
Café
Thé
Chocolat
Lait chaud / froid / végétal
B U F F E T C H A U D S A L É
Œufs brouillés
Œufs Bénédicte
Bacon, duxelles de champignons, truites
Plats chauds :
Curry de légumes / poulet chasseur / chili con
carne
La carte évolue toute l’année et selon les envies des Chefs
Cuisine maison avec des produits frais et de saison

📄 File: menu_3.pdf (PDF)
--- Page 0 (PDF Text) ---
AU VERRE
ROUGES
ALSACE AOC, Domaine Wassler, pinot noir, bio, 11°8 8
RHÔNE, En attendant les copains, cinsault-grenache-
7
carignan, naturel, petite macération, vin clair 12°5
SAUMUR CHAMPIGNY AOP, Arnaud Lambert, cabernet-franc,
6
bio, 12°5
PIC SAINT LOUP AOP, Château Boisset, Ailes et moi,
9
syrah-grenache, 13°5
CÔTES DE GASCOGNE, Domaine Entras, bio, 13° 6
BLANCS
VAL DE LOIRE IGP, Domaine du champ Chapron, sauvignon, 13° 6
VOUVRAY AOC, Domaine Thierry Cosme, chenin, 13°5 7
ALSACE AOC, Domaine Wassler, riesling, 12°5 7
LANGUEDOC VDF, Préjugés, chardonnay, 12,5 7
SANCERRE AOC, François Crochet, sauvignon, bio, 13°5 1 0
CÔTES DE GASCOGNE, Domaine Entras, bio, 12° 6
ORANGE
ALSACE, Coucou de Pépin, bio sans intrants, 13° 9
ROSÉS
MÉDITERRANÉE IGP, La demoiselle sans gêne, bio, 12°5 6
COTEAUX D’AIX AOP, Barbebelle, en cours de conversion
6
bio, 13°
BULLES
CHAMPAGNE AOP, Gremillet blanc de blancs, 12° 1 2
SAUMUR AOP, Moulin de l’Horizon, 12°5 8

--- Page 1 (PDF Text) ---
BOUTEILLE
DU NORD AU SUD
ROUGES
ALSACE AOC, Domaine Wassler, pinot noir, bio, 11°8 SAUMUR CHAMPIGNY AOP, Arnaud Lambert, cabernet-franc,
bio, 12°5
BOURGOGNE AOP, Le Coulejoie, pinot noir, 13° NUITS SAINT GEORGES AOP, Châteaux de Prémeaux 2022,
pinot noir, bio, 13°5
MOULIN-A-VENT AOC, K. Descombes, gamay, bio, 13° MORGON AOC, G. Descombes, gamay, bio, 13°5 LALANDE-DE-POMMEROL AOC, Château des Annereaux, merlot-
cabernet-franc & sauvignon, bio, 14°5
GRAVES AOC, Domaine du Salut, merlot-cabernet, 13° RHÔNE, En attendant les copains, cinsault-grenache-
carignan, petite macération, vin clair, naturel, 12°5
CHÂTEAUNEUF-DU-PAPE AOP, Domaine Raymond Usseglio &
Fils, label demeter 14°5
CROZES-HERMITAGE AOP, L’Amphore d’argent, syrah, 13° CÔTES DE GASCOGNE, Domaine Entras, bio, 13° PIC SAINT LOUP AOP, Château Bosset, Ailes et moi, syrah-
grenache, 13°5
LANGUEDOC, Altura 350, grenache, syrah, carignan, 14° 3 8
2 9
4 2
6 8
4 6
4 4
5 2
3 6
3 7
5 4
4 7
3 0
3 6
3 4

--- Page 2 (PDF Text) ---
B L A N C S
VAL DE LOIRE IGP, Domaine du champ Chapron, sauvignon, 13° 2 8
VOUVRAY AOC, Domaine Thierry Cosme, chenin, 13°5 3 4
ALSACE AOC, Domaine Wassler, riesling, 12°5
3 6
POUILLY-FUMÉ AOP, La Villaudière, sauvignon, 13° 4 6
CHABLIS AOP, Domaine Gueguen, chardonnay, certifié HQE, 12°5 4 4
SANCERRE AOC, François Crochet, sauvignon, bio, 13°5 5 2
ARBOIS AOC (JURA), Jérome Arnoux, chardonnay, 13° 4 0
CÔTES DE GASCOGNE, Domaine Entras, bio, 12° 3 0
COTEAUX VAROIS EN PROVENCE AOP, A bouche que veux-tu,
4 2
bio, 13°7
LANGUEDOC, Domaine Ricardelle de Lautrec, viognier
biodynamie, 11°5
3 6
LANGUEDOC VDF, Maison Ventenac, Préjugés, chardonnay, 11°5
3 4
O R A N G E
ALSACE, Coucou de Pépin, bio sans intrants, 13° 4 2
R O S É S
MÉDITERRANÉE IGP, La demoiselle sans gêne, bio, 12°5 COTEAUX D’AIX AOP, Barbebelle, en cours de conversion
bio, 13°
2 5
3 3
B U L L E S
SAUMUR AOP, Moulin de l’horizon, 12°5 CHAMPAGNE AOP, Fromentin Leclapart brut tradition grand
cru, 12°
CHAMPAGNE AOP, Gremillet blanc de blancs, 12°
3 9
5 2
6 5

📄 File: menu_4.pdf (PDF)
--- Page 0 (PDF Text) ---
BIERES ET CIDRE
PRESSION
25CL
50CL
TUBORG 5° 4,5 7,5
1664 BLANCHE 5° 5 9
GRIMBERGEN 6°7 5 9
BROOKLYN IPA 5°5 6 10,5
SUPPLÉMENT PICON 1
0.5
BOUTEILLE
LEFFE 0,0% SANS ALCOOL 6
CIDRE EXTRA BRUT APPIE 33 CL 6
A P É R I T I F S
RICARD 45°
, 2CL 4
MARTINI BIANCO 14,4°
, 5CL 5
MARTINI ROSATO 14°4, 5CL 5
MARTINI ROSSO 14°4, 5CL 5
KIR 12CL
Cassis, framboise, mûre, pêche 6
KIR ROYAL 12CL
Cassis, framboise, mûre, pêche
12

--- Page 1 (PDF Text) ---
C O C K T A I L S
CAÏPI PASSION
4 cl de Cachaça, purée & fruit de la passion frais,
citron vert, sucre
MARGARITA ENCANTADA
4 cl de Cazadores (100% agave), citron vert, sucre,
cassis, sel
A STAR IS PORN
4 cl de Vodka Grey Groose, Prosecco, purée de fruit de
la passion, citron vert, vanille
SANTA TERESA OLD FASHIONED
4 cl de Rhum Santa Teresa, cassonade, eau gazeuse,
Angostura
PISCO SOUR
4 cl de Pisco demonio de los andes, jus de citron,
blanc d’œuf, sucre de canne, Angostura
COCKTAIL DU MOMENT
Selon l’inspiration et la saison
11
12
13
13
12
-€

--- Page 2 (PDF Text) ---
LES SPRITZ
SPRITZ CLASSICO
5 cl d’Aperol, 6 cl de prosecco, eau gazeuse
SPRITZ PAMP’MOUSSE
4 cl de d’Aperol, 3 cl de liqueur de pamplemousse, 6 cl
de Prosecco, eau gazeuse
SPRITZ ST-GERMAIN
4 cl de St Germain, 6 cl de Prosecco, eau gazeuse
LES MULES
MOSCOW MULE
4 cl de Vodka Eristoff, ginger beer, citron vert,
Angostura
LONDON MULE
4 cl de Gin Bombay, ginger beer, citron vert, Angostura
CARIBBEAN MULE
4 cl de Rhum Baccardi añejo cuatro, ginger beer, citron
vert, Angostura
LES MOCKTAILS
VIRGIN NEGRONI
Virgin gin, virgin bitter, virgin vermouth de chez
JNPR, zestes d’orange
AMANDA MOORE
Ginger beer, sirop de gingembre maison, citron vert,
ananas, basilic
MOCKTAIL DU MOMENT
Selon l’inspiration et la saison
8
9
11
10
10
10
9
7
7

--- Page 3 (PDF Text) ---
A L C O O L S
V O D K A
ERISTOFF 37°5, 4CL 8
GREY GOOSE 40°
, 4CL 1 1
G I N
BOMBAY SAPHIRE 40°
, 4CL 9
CITADELLE 44°
, 4CL 1 0
HENDRICK’S 41°4, 4CL 1 1
W H I S K Y - B O U R B O N
WILLIAM LAWSON’S 40°
CRAIGELLACHIE 13 ANS 46°
MAKER’S MARK 45°
, 4CL 8
, 4CL 1 3
, 4CL 1 0
C A C H A Ç A
SAGATIBA 38°
, 4CL 8
R H U M
3 RIVIÈRES 50°
, 4CL
BACARDI OAKHEART 35°
, 4CL
BACARDI CARTA BLANCA 37°5, 4CL
BACARDI AÑEJO CUATRO 40°
, 4CL
BACARDI RESERVA OCHO 40°
, 4CL
SANTA TERESA 40°
, 4CL
8
8
9
9
9
1 1

--- Page 4 (PDF Text) ---
P I S C O
DEMONIO DE LOS ANDES 40°
, 4CL 8
T E Q U I L A
CAMINO REAL 35°
CASA DORES 40°
PATRON SILVER 40°
, 4CL 8
, 4CL 1 1
, 4CL 1 3
SUPPLÉMENT SOFT +1€
D I G E S T I F S
PORTO 19°
, 10CL 7
GET 27 / GET 31 24°
, 5CL 7
BAILEYS 17°
, 4CL 7
LIMONCELLO 24°5, 5CL 7
CALVADOS COQUEREL FINE 40°
, 4CL 8
POIRE 43°
, 4CL 9
COGNAC HENNESSY VS 40°
, 4CL 1 0
ARMAGNAC 40°
, 4CL 1 0
CHARTREUSE 55°
, 5CL 1 1

--- Page 5 (PDF Text) ---
S O F T S
4.5
COCA-COLA 33CL 4.5
COCA-COLA 33CL 4.5
PERRIER 33CL 4.5
LEMONAID
4.5
Citron vert / Orange sanguine
LIMONADE VOILÀ
100% bio au citron de Menton
CHARITEA MATÉ 4.5
JUS
4
Ananas, banane, cranberry, fraise, gingembre, mangue, orange,
pomme, tomate
SIROP ENFANT
2.5
Citron, fraise, grenadine, menthe, orgeat, pêche, violette
DIABOLO
4
Citron, fraise, grenadine, menthe, orgeat, pêche, violette
EAUX FILTRÉES
PUREZZA 75CL 2
PUREZZA GAZEUSE 75CL 3
B I O

--- Page 6 (PDF Text) ---
B O I S S O N S
C H A U D E S
EXPRESSO 2.3
ALLONGÉ 2.3
DOUBLE 4
DÉCA 2.3
NOISETTE 2.5
CRÈME / LATTÉ 4.5
THÉ 4.5
Earl Grey, fruits rouges, rooibos, rose litchi, sencha,
vert menthe, vanille caramel, breakfast BOP bio, detox mate
green tea
INFUSION 4
Camomille, verveine
CHOCOLAT CHAUD 4.5
CHOCOLAT OU CAFÉ VIENNOIS 6
CAPPUCCINO 4.5

==================================================================
📖 PROCESSING MENU FOR PLACE: ramen-wang-take-away-ramen (3 files)
==================================================================

🖼️ File: menu_0.png
WONG
Photo - avr. 2026
RAMEN WANG Take Away - Ra...
os entrées
Gyoza poulet (6p)
Eyoza légumes (6p)
Ebi Fry (crevettes panées 3p)
Poulet Crispy (filet de poulet frit, 5p)
Gua bao au poulet
Gua bao crevette
Gua bao vegan (aubergine chinois
gratinée)
Takoyaki (au poulpe, 6p)
Edamame
Edamame épicé
Nos ramens
Tonkutsu ramen (au bouillon porc
mijoté 12h)
Pai tan Aka ramen (au bouillon porc
mijoté 12h)
Pai tan Kuro ramen (au bouillon porc
mijoté 12h)
Tori Shoyu ramen (au bouillon poulet
mijoté 12h)
Tori Shio ramen (au bouillon poulet
mijoté 12h)
Vegan ramen (au bouillon lait de soja)
Aka poulet teriyaki ramen (au
bouillon poulet mijoté 12h)
Kuro poulet teriyaki ramen (au
bouillor Google Mäpsé 12h)
8€
8€
9€
11€
6€
6,5€
6,5€
9€
5€
5€
15€
20€
20€
16€
16€
20€
22€
22€

🖼️ File: menu_1.png
WENE
RAMEN WANG Take Away - Ra...
Desse
Chess cake
Yuzu
Photo - avr. 2026
Daifuku Mochi: Sésames noir,
à la Fraise
au Thé Vert,
au Yuzu.
Pancake: forré au haricot rouge, au
yuzu, Thé Vert.
Dango Hanami 3 couleur (2
brochettes).
COEDO
Nos Boissons
Coca Cola
Coca Cola zéro
Coca Cola cherry
Limonade Nature
Limonade Yuzu
Limonade Lichi
Limonade Thé vert
Nos Boissons Alcol
Kagua dorée 330 ml
Kagua blanc 330 ml
Kagua rouge 330 ml
Kirin Ichiban 330 ml
Dassai (saké) 300 ml
Mio Saké pétillant (300 ml)
Google Maps
3€
3€
3€
3€
3€
3€
3€
8€
8€
8€
4€
19€
13€

🖼️ File: menu_2.png
WONG
RAMEN WANG Take Away - Ra...
Photo - févr. 2026
Partager
NOUVEL AN LUNAIRE
chez
Ramen Wang
• NOS 2 MENUS FESTIFS A
-10%!
• Menu L'Élan de Feu
(* Zizah)
• Menu Le Galop de Chance

==================================================================
📖 PROCESSING MENU FOR PLACE: restaurant-14-juillet (3 files)
==================================================================

🖼️ File: menu_0.png
Restaurant 14 Juillet
Eric CHOLLET
Photo - juil. 2025
des ViNs.
des rouges:
des BlANCS:
Rhôme M-ChAparten
Bourgogn Aligole za
St - Joseph
46€
Le Rousi Clou BilA-Hnut S2 chAbais
38k
Côtes du Rhône (chapontion 28€
•Loige:
Bourgogne Chandomay 38
• St-NicTAs de bourguil 283
Les Rox's
• chined donnien de lñlrade 326
Côte de Provence 286
Sud/Sud Olme Est
des Bulle
TAStiN OlRme de Bime 794
Verve Pelletien
59€
BoRdeRux:
Lequeur Mercin 59 €
Châtean les vergeles 2g€
st - Es tephe
ViNS Au pot
Nous proposons égnlemet
des vins au pot.
Bourgegne:
46cl= 11/23 cl= 6,5€
buge blanci Rosé ou
Pinot Noir
S5€
vins manqués d'un pair
Haut loti de BAume
35€
Trage.
SAuterme 1°n Cru
Beaujefaisa
474
• Morgon
33 €- Privnet/ SeRvice compis
• BRouilly
296 c

🖼️ File: menu_1.png
Restaurant 14 Juillet
Eric CHOLLET
Photo - juil. 2025
10€
Formule midi, en seme mes
/→ marqué par un
18€ Dentie / plat ou plat / dessent
point : •
Les entrées
Croustillant de chevre Frais
Assiette de Couteaur en persilla Mentire, miel 9
€
9 C
les cochonneries du Pere pichon
1
* Saumon Ceu marine façon GravLax .
Assiette de Terrine maison
7e
Os à moelle, pain Grill E
120
Tartare de Haddock, Pommes Verte, betterave
ge
Filet de harenas à l'huile, Pemmes tiede
gc
GRANde SA lAde Avocat Crevelte tea 9 €
186
Cande Salade cesar 18€
le platsente due, pontet
ouf dur
Grande Satade Gormande jambon de pruntè 18€
Con a un an et radio attes fattes se
Tole de veau, Sance balsamique, Purée maison 18€
Supions poeles, Pormines Grenailles
Escalope de Veau Normande, Frites maison
Pieue de boucher, Sauce poire , Frites maison
19 €
190
RoenE hourguigion, purée maison
2,5
Eltréeste, palee 800g/ 2 pers, Tertes maison,
la Spécialita
Sdade Vorte, Sae au Poire et St marcelin
Epaule d'Agneau Confite
2/3 personnes, Pommes Grenalle et
salade faite
8
KRIS
Goodle Mans

🖼️ File: menu_2.png
Restaurant 14 Juillet
Stephie "travellingcookingcuisine"
Photo - févr. 2025
TRomages
- Comté (AOC), salade aux noix
- Roquebat, salade aux noix
- Assielle de briz Salade
DesseRts
La PRofiterole
Le pol de tiRamisu
La crème brulée au contreau
e liégois aux fails Rouges
La pomme " geand mèse
Le café "sans culotte"
le IRish coffee
Les glaces el sorbets e
ole fondant au chocolat
leégis an caft
7€
7.
€
*E
12€
10€
8f
7 €
10
12
3%
7.C
7€
<

==================================================================
📖 PROCESSING MENU FOR PLACE: restaurant-a-mi-chemin-paris-14-eme (2 files)
==================================================================

🖼️ File: menu_0.png
CHYM
restaurant A MI-CHEMIN Paris 14 è...
Selçuk Önder
Photo - févr. 2026
Partager
14 el
50 cl
75 cl
Bandol
domaine Ray-Jone
Muscadet 2025
Romoin Petitenu
7€
20 €
26 €
7€
20 €
26 €
Var 2025 le vent dans les voiles
Valerie Courrège
Corbières 2023 Campana
Konne et Nicoias Mirouze
Côtes du Rhone 2023
Jullien Barge
Beaujolais 2022
Georges Descombes
Patrimonio 2023 E Croce
Yves Leccia
lle de beauté 2024
Etienne Suzonni
38 €
32 €
42 €
52 €
74 €
42 €
LES ROSÉS
Coteaux d'aix en Provence 2024
8€
26 € 34 €
Domaine les Beates
Tle de beauté 2024
42 €
Etienne Suzzoni
LES ROUGES
140l 50 ol
75 ol
7€ 20 €
26 €
Bandol
Domaine Ray-Jane
Beaujolais 2024
Karim Vionnet
Côtes de Bordeaux, Blaye, 2021
Chôteau Les Vieux Mouins
20 €
26 €
9 €
32 €
42 €
Grolleau D'Amboise2025
Château Montdomaine
Touraine cabernet 2024
Château Montdomaine
Corbières Campana, 2022
Karine et Nicolas Mirouze
Beaujolais 2025
Georges Descombes
LE PELLO CEVENNES 2021
Le Breton Vial
Côtes du Rhône 2021 loch ness
Julien Barge
Quatre G 2022
Luc Percher
Morgon 2023
Georges Descombes
La Souteronne 2024
Hervé Sounaut
ST Amour 2022
Georges Descombes
Nuits Saint Georges 2017
Julien Cruchandeau
Saint Joseph clos des Cessieux 2020
Hervé Souhaut
Magnum Morgon 2023
Georges Descombes
LA CORSE
Tle de beauté 2024
Etienne Suzonni
Corse Sartene 2023
San Michell
Patrimonio 2021
S Leccio
32 €
32 €
32 €
36 €
38 €
42 €
52 €
52 €
58 €
62 €
98 €
89 €
120
42 €
48 €
74 €
+
Google Maps
YoUO Mye PeeACTTe
laaa caiant Ateehunioeo do derite dient coe
CERNAR
Noeteraitr oortiruee
AoGdAndiatiad
eianalar tin nechlamd

🖼️ File: menu_1.png
restaurant A MI-CHEMIN Paris 14 è...
Eric B VOLVO C70
Photo - févr. 2026
LEMIN
Depuis 1990
ninute gingembre
elle Bio matson
Fraiche
'Nous sommons Ouvert le dimanche Au déjeuner
Harissa du Chef
à emporter
Por de 100g f0k
Les entrées
Kémia au zahtar
Chakchouka aux merguez
Œuf mayonnaise à la boutargue
Saint jacques rôties dans sa coquille, châtaignes, clémentines ze
Les plats
Couscous Royal agneau confit, boulette de veau de lait et merguez e
Couscous Royal poulet jaune, boulette de veau de lait et merguez зu
Couscous Royal boulettes de veau de lait et merguez 36€
Couscous Royal légumes et sa boulette végétale aux herbes fraiches 3€
Couscous de la mer aux coquilles st jacques 1e
Couscous de la mer au poulpe e
Couscous de poisson au Maigre «2e
Sélection de Viandes
Et merguez
HUGO Desnoyer
Tajine de la mer à la Seiche 3вe
Tajine de boulettes de veau de lait aze
Mloukhiya au paleron de bœuf mijotée toute la journée 36€
Les Desserts u
Sélection de pâtisseries orientales
Profiterole chocolat guanaja
Poire pochée a la fleur d'hibiscus
Thé à la menthe
Traditionnel
Crème légère à la fleur d'oranger, pistaches concassées
Sorbet pamplemousse glace au thym, amande, jus de pamplemousse
emandee la carte à emporter
ws. Commander un orind cousus sur mesure llenf chaud oir niateau à le moison ou au hurvon (Pris

==================================================================
📖 PROCESSING MENU FOR PLACE: restaurant-aiyara (4 files)
==================================================================

🖼️ File: menu_0.png
Restaurant Aiyara
Constantin Lgn
Photo - juil. 2025
OUS LES PLAIS PEUVENT ETRE VEGETAKIEN
IL FOOD CAN DE MADE VEGETARIA
POMPIA 1/01/6:.m0n
4 nem au parid
"ulo
1 dup hua chicken sping noi
9E
9E
TOMYAM KUING 9N5119
Soupe de crevelles, citonelle, tomale, champignen. ..
Lemengrass shrimps soup, tomato, mushreom
ТОМКНА КА ФАЛА
Soupe de poulet au lait de esco, tomate, champiguon,...
Cricken coconit sono, tomato, mushrooms,...
14 E
14 €
19 5
ao ber de croches au fait de esco
, pousse de bamboo,...
Shrimps grun eury with cocont mis, bamboo shooh,...
KEING MASSAMAN NEUAH unSESTML'O
Bure Massamon de bout au sait ar esco, pommes de terre..
Buf Massamen eury, init coconst milk, potatoss...
IS E
19 E
PAD HORAPHA KAI COTInS:WilA
sauté aux légumes, souee masson.
Sim pried chieken with vegetable, homemade sance.
ACCOMPAGNEMENTS : RIZ NATURE (plaim rice)
RIZ GLIANT (sticky nice)
19E
4 €
5 E

🖼️ File: menu_1.png
Restaurant Aiyara
Constantin Lgn
Photo - juil. 2025
TOUS LES PLATS PEUVENT ETRE VEGETARIENS
ALL FOOD CAN DE MADE VEGETARIAN
PAPSEE EN KUNG da YO 1o
, sauce maison.
PAD KEE MAO NEUH MATCAMIRÃO
PADTHAI KAL MAlMETA
Ji le en ols ont chute un de sa 0,299.
DESSERTS
I-Tim Boxan
Calace coco maison, ris guant, fuit de jacquier, fruit de palmies.
lait concentré, cacanuite
KAO NIEW MAMUANG
Riz gluant à la mangue
SAKU PIEK
Perles de tapioca, haricots jaunes, lait de coco
KHANOM TOM
3 boules de voir di coco caramelisées au sucre de palme et
sesame enrobles d'un pâte de riz
BOISSONS
Evan / Badoit 50 cl.
Fanta rang, Orangina / Lipton-Ice-tra
Caca Ziro
/ Fuztea Pêche / Sprite / Coca. Cola
Thé vut au jaomin (chaud)
Café / Decatini
19€
19€
17€
10€
10 €
5€
76
3•5 €
3€

🖼️ File: menu_2.png
Restaurant Aiyara
56
56 Airfab
Photo - avr. 2025
THUS I CAN TEN SEE TA EXARIENS
POMPIA JOMlE2n00
+ nem au padiet
4 Hem bu ga chichen spring rolls.
SAMOSA DJE +1U51I9
3 samosa de ligumes fits
3 deep tried vegerables
9€.
9E
14 E
IA E
TOMA A
Safe do pret an aird ,, mate, champion,...
19 E
KEING MASSAMAN NEUAH 4ляац
19 E
19 E
PHD HORAPHA KAL
naTus: wili
Poulet sauté aux ligumes, sauee masson.
Str-fried chieken win vegetable, homemade sauce.
ACCOMPAGNEMENTS : RIZNATURE (plainrice)
RIZ GLEANT ( sticky nice)
19E
4E
5 E

🖼️ File: menu_3.png
Restaurant Aiyara
56
56 Airfab
•
Photo - avr. 2025
TOUS LES PLATS PEUVENT ETRE VEGETARIENS.
ALL FOOD CAN DE MADE VERETARIAN
PADSEE EN KUNG MOTOS 118
Larges nails denis sautus aus excorts, seus.
sauce maisen,
Stre fried large noddles with shrimps, egg.
home made sauss..
PAD KEE MAO NEUH dATAnIO
Larges vanilles de ris sauters au bocus, sance maison,...
Stu frid large noodles with beef, home made sauce,...
PAD THAI KAI WaInE A
Varulles de riz amters au portet
Sia tried rice noodles with chicken, bum sperouts, Lag,..
DESSERTS
I-tim Boyan
lait concentri
Grace coco me, man
", fuit de jacquier, fruitar palmie,
KAO NIEW MAMUANG
Riz gluant à ta mangue
SAKU PIEK
Perles de tapioca, haricots jaunes, lait de coco
KHAMOM TOM
3 boules de voin de coco caramelisées au suca de palme et
sesame evrobees dies pâte de siz
BOISGONS
Evian / Badoit 50 d
Fanta orang Orangina / Lipton- Ice -tra
/ Fuztea Pêche / Sprite / Coca. Cola
Caca Ziro
Thi vert au Jasmin ( chaud.
Cali / Decatine
19€
19€
17€
10€
10 €
5 €
76
3•5€
3€

==================================================================
📖 PROCESSING MENU FOR PLACE: restaurant-korean-barbecue (5 files)
==================================================================

🖼️ File: menu_0.png
Restaurant Korean Barbecue
Julien LEFEBVRE
Photo - juil. 2025
MENU de midi du lundi au venaid s
/ prix service compris
Tous les menus sont servis avec Ban Chan (asson inert de legames, 3 sortest
A Korean Barbecue
14 €
Korean Barbecue 100g
(Côte de bœuf finement tranchée) Directement
Riz Blanc
B Korean Barbecue
Korean Barbecue 100g
Tolsot-Bibimpap
(Riz recouvert de Ségumes, caul
dans un bol en pierre chauffée)
19 €
C Korean Barbecue
16 €
Korean Barbecue 150g
(Côte de bœuf finement tranchée) Directement
Riz Blanc
E Korean Barbecue
Korean Barbecue 150g
Gyoza 3 pièces
Riz. Blanc
19 €
D
Korean Barbecue
Korean Barbecue 150g
Tolsot-Bibimpap
F Korean Barbecue
Korean Barbecue 150g
Gyoza 3 pièces
Tolsot-Biblmpap
G Korean Barbecue
Korean Barbecue 150g
Gyoza 6 pièces
Riz. Blanc
H Korean Barbecue
Korean Barbecue 150g
Gyoza 6 pièces
Tolsot-Bibimpap
Kirch 13 DARTeaN N7020:5:34
Suppliment de viande sog coteids inte
21 €
24 €
26. C

🖼️ File: menu_1.png
Restaurant Korean Barbecue
Ludivine D
MENU de midi du lund au vendredi sauf jours feries
/ prix service compris, boissons non comprises
Photo - juil. 2023
Tous les menus sont servis avec Ban Chan (assortiment de légumes, 3 sortes)
A Korean Barbecue
Gyoza 3 pièces
Korean Barbecue
(Côte de bœuf finement tranchée)
Riz Blanc
C Korean Barbecue
Gyoza 6 pièces
Korean Barbecue
(Côte de bœuf finement tranchée)
Riz Blanc
19 €
21 €
Korean Barbecue
Gyoza 3 pièces
Korean Barbecue
(Côte de bœuf finement tranchée)
Tolsot-Bibimpap
(Riz recouvert de légumes, œuf
dans un bol en pierre chauffée)
D Korean Barbecue
Gyoza 6 pièces
Korean Barbecue
(Côte de bœuf finement tranchée)
Tolsot-Bibimpap
(Riz recouvert de légumes, œuf
dans un bol en pierre chauffée)
24 €
26 €
Supplément de viande 50g côte de bœuf + 5€, noix d'entrecôte (origine Brésil) + 6€

🖼️ File: menu_2.png
Restaurant Korean Barbecue
christopher bilan ledoux
Photo - oct. 2023
MENU de midi une
di saut jouis Miles
Tous les menus sont servis avec Ban Chan (assortiment de légumes, 3 sortes)
A Korean Barbecue
Gyoza 3 pièces
Korean Barbecue
(Côte de boruf finement tranchée)
Riz Blanc
C Korean Barbecue
Gyoza 6 pièces
Korean Barbecue
(Cote de tenut Reament trascher)
Riz Blanc
19 €
21 €
B Korean Barbecue
24 €
Gyoza 3 pièces
Korean Barbecue
(Cote de harut hinement tranchee)
Tolsot-Bibimpap
(Kie recouvert de légimes sut
dans un bot en pierre chaulie)
D Korean Barbecue
Gyoza 6 pièces
Korean Barbecue
(Cate de boed Snement tranchée)
Tolsot-Bibimpap
(Zie reeniners de legones, ant
dans an bot en pierre chauttee)
26 €
ment de Viande 30g côte de boruf - 5€, noik il'entrecote [origine Presi) + 64
le bar noix d'entrecote (ontine Brésil + st
MENU
TOUS LES JOURS/m
Y as les menus sont servis avec B, a Chan (assoctiment de légumes, 3 sortes)
1 nurean Barbecue
Gyoza 4 pièces
Korean Barbecue
(Côte de horst tinemeot tranchée)
Riz Blanc
G Korean Barbecue
Gyoza 6 pièces
Korean Barbecue
(Cate de bout (nement trascher)
Riz. Blanc
23 €
25 €
F Korean Barbecue
Gyoza 4 pièces
Korean Barbecue
(Cate de borut finem
ot tranchée)
Tolsot-Bibimpap
Na ternuvvrt de légumes, arut
dans un boi in pierre chauffée)
H Korean Barbecue
Gyoza 6 pièces
Korean Barbecue
(Cine de beeuf anement tranchée)
Tolsot-Bibimpap
(Rue remuvert de légumes, auf
dans on boi en pierre chauftie)
28 €
30 €
Supplément de viande 50x cote de bout - 56, noix d'entrecôte [origine Brésil) + 06
Cote de borut rema
able par noix d'entrecôte (orteine Brésil) + 6€

🖼️ File: menu_3.png
Restaurant Korean Barbecue
alice 311047
Photo - août 2023
MENU de mic
du lundi au vendredi sauf jours fériés
/ prix service compris, boissons non comprises
Tois les menus sont semis avec Ban Chan (assortiment de légumes, 3 sortes)
A Korean Barbecue
Gyoza 3 pièces
Korean Barbecue
(Côte de bœuf finement tranchée)
Riz Blanc
C Korean Barbecue
Gyoza 6 pièces
Korean Barbecue
(Cite de bœuf finement tranchée)
Riz Blanc
19 €
21 €
Korean Barbecue
Gyoza 3 pièces
Korean Barbecue
(Côte de bouf finement tranchée)
Tolsot-Bibimpap
(Riz recouvert de légumes, muf
dans un bol en pierre chauffée)
D Korean Barbecue
Gyoza 6 pièces
Korean Barbecue
(Côte de boeuf finement tranchée)
Tolsot-Bibimpap
[Riz recouvert de légumes, œuf
dans un boi en pierre chaufce)
24 €
26 €
Supplément de viande 50g côte de bœuf + 5€, noix d'entrecôte (origine Brésil) + 65
Côte de boeuf remplacable par noix d'entrecôte lorieine
Partager
MENU
TOUS LES JOURS / prieservice compris, boissons noe composes
Tous les menus sont servis avec Ban Chan (assortiment de Jégumes, 3 sortes)
E Korean Barbecue
Gyoza 4 pièces
Korean Barbecue
(Côte de bouf finement tranchée)
Riz Blanc
G Korean Barbecue
Gyoza 6 pièces
Korean Barbecue
(Côte de bosal finement tranches)
Riz Blanc
23 €
F Korean Barbecue
25 €
Gyoza 4 pièces
Korean Barbecue
(Côte de boruf finement manchee
Tolsot-Bibimpap
(Ris recouvert de légumes, orut
dans un tot en pierre chauffée?
H Korean Barbecue
Gyoza 6 pièces
Korean Barbecue
(Côte de bour finement tranchée)
Tolsot-Bibimpap
(Rix recouvert de legur
dans un boi ya pietre chauffée)
28 €
30 €
Supplément de viande 50g sote de bouf « 5C nole Contrecate lericioe Enkul) » 6e
Côte de boeuf remptaçoblo garnold d'entrecôte (on

🖼️ File: menu_4.png
Restaurant Korean Barbecue che
Julie Carla Mayuyo
Sirop
Beignet de banane flambé au Grand Marnier
a com
ander avant 14:00 pour le service de midi, et avant 23:00 pour le soir
12 €
Photo - juin 2022
Mangue fraîche
2 boules
6 €
••
6 €
..
6€
6 €
.. 6 €
.. 6 €
5 €
9,5 €
Glace Vanille
Sorbet aux fruits de la passion .
Glace à la noix de coco
Slace Vanille aux raisins.
Glace Macha (au thé vert)
Glace Sésame noir
Profiterolles
Coupe Korean Barbecue
Glace Antillaise + Chantilly + Rhum .
Coupe de banane
8 €
9,5 €
Glace Vanille
+ Banane
+ Sauce chocolat
+ chantilly
9,5 €
MATCHA ROLL CAKE
Pancake japonais roulé au thé vert et Azuki
(haricots rouges japonais)
6 €
Gingembres confits
Café.
Thé vert
Mei Kuei Lu la petite coupe (54°)
Poire Williams
Cognac (4 cl)
4 €
3 €
3 €
4 €
5 €
6 €
Google Maps

==================================================================
📖 PROCESSING MENU FOR PLACE: pizzeria-i-briganti (2 files)
==================================================================

🖼️ File: menu_0.png
Pizzeria | Briganti - Paris 14
Greg IH
Photo - mars 2026
:
€0e
PIZZA
I BRIGANTI
RESTAURANT
LA SAUCE TOMATE
Margarita =
..08.90€
Sauce tomate, mozzarella
Napolitaine =
11.50€
Sauce tomate, mozzarella, tomates cerises, basilic
Reine.................
...... 11.50€
Sauce tomate, mozzarella, jambon, champignons de paris frais
Chèvre miels....
.11.50€
Sauce tomate, mozzarella, crottin de chèvre, miel
Fermier................
11.50€
Sauce tomate, mozzarella, champignons, poulet roti
Charcutière......
..12.50€
Sauce tomate, mozzarella, jambon, soubressade, oignons confits
Végétarienne
.. 12.50€
Sauce tomate, mozzarella, poivrons, champignons de
paris, artichauts, oianons confits. olives
Sicilienne....
.12.50€
Sauce tomate, mozzarella, tomates cerises, thon, câpres, oignons
Aubergine...
..................12.50€
Sauce tomate, mozzarella, aubergines grillés, parmesan, persil
3 fromages à
12.50€
Sauce tomate, mozzarella, gorgonzola, crottin de chevre
Calzone
...12.50€
Sauce tomate, mozzarella, jambon, Œuf
Burrata di salmone.....
.........13.90€
Sauce tomate, burrata 125g, salade mélangée, saumon fumé,
copeaux de parmesan, crème balsamique, huile d'olive
Burrata di parma.....
...... 13.90€
Sauce tomate, burrata 125g, salade mélangée, jambon de
parme, copeaux de parmesan, crème balsamique, huile d'olive
PIZZA CREME FRAICHE
Pizza de Talia
Crème fraiche, mozzarella, poulet róti, fromage à raclette.
oignons confits
Normande..............
Crème fraiche, mozzarella, jambon de paris supérieur.
lardons fumés, oignons confits
Norvégienne.....
Crème fraiche, mozzarella, saumon fumé, aneth
4 fromages $
Crème fraiche, mozzarella gorgonzola, crotins de chèvre.
fromage à raclette
Savoyarde
Crème fraiche, mozzarella, pomme de tetre, oignons
confits, chiffonade de jambon de parme
Truffes.
Crème fraiche, mozzarella, crème de truffe, champignons
de paris frais, copeaux de parmesan
PIZZA À COMPOSER
Mozzarella + 2 Garnitures au choix
Base tomate...
Base crème fraîche
.12.90€
..12.90€
.12.90€
.12.90€|
12.90€
04
PÂTES
Arabiata:
Sauce tomate, basilic frais, piment
.8.90€
Napolitaine
Sauce tomate, basilic frais, tomates cerises
.9.90€
Fermière.
.9.90€)
Crème fraiche, poulet rôti, champignons de Paris frais
Sicilienne
.9.90€
Sauce tomate, basilic frais, tomates cerises, thon à l'huile.
Carbonara
....9.90€
Crème fraiche, lardons fumé, vin blanc.
3 Fromages ...
....9.90€
Crème fraiche, gorgonzola, emmental, parmesan
Arabiata poulet
...9.90€
Sauce tomate, poulet rôti, piment
Saumon.....
...9.90€
Crème fraiche, saumon fumé
Truffe
. 11.50€
Crème fraiche, champignons de Paris frais, crème de
truffe, parmesan
PAINS
Pain aux herbes et persillade
Pain aux herbes, persillade
....2.50€
.3.00€
et mozzarella
SALADES
Burrata à l'huiles
6.50€
Burrata 125g, olives de ligurie, tomates cerises, huile
d'olive, crème de balsamique
Salade végétarienne %....
...... 10.00€
Salade verte mélangée, olives de ligurie, artichauts, parmesan,
huile d'olive, crème de balsamique, vinaigrette maison
Burrata saumon...
.....11.50€
Burrata 125g, roquette, salade mélangée, copeaux de
parmesan, olives de ligurie, tomates cerises, saumon
Burrata de parma
11.50€
Burrata 125g roquette, salade mélangée, copeaux de parmesan.
olives de ligurie, tomates cerises, jambon de parme
Burrata poulet roti mariné ....11.50€
Burrata 125g, roquette, salade mélangée, copeaux de
parmesan, olives de ligurie, tomates cerises, poulet roti
Date de l'image: mars 2026
GARNITURES
2 garnitures au choix (+1,50€ par ingredient):
....13.90€
Jambon, lardons, soubressade (chorizo), Fromage à
raclette, poulet roti, champignons, oignons, poivrons,
Œuf, olives, pommes de terre, câpres, thons, saumon*.
jambon de parme*, parmesan*, rondelle de chèvre,
gorgonzola, burrata**
• Garniture compte double
50€
06I
srhiture compte triple
BOISSONS
anette de 33cl :
PANUOZZO À COMPOSER
oca /Coca zero
Mozzarella + 2 Garnitures au c
Base tomate ......
Base crème fraîche
Google Maps
asis, Ice tea, Seven UP
2.00€
Les images peuvent être soumises à des droits d'auteur.
DESSERTS
Tiramisu
Panna cottal
Crème brûlée
Panini nutella
3.50€
France
Microsoft
Conditions d'utilisation
Col

🖼️ File: menu_1.png
14
13
16
16
ette
14
19
urraca,
DOLCE
VINI
BIANCI
Pinot Grigio
ROSATO
Bardolino
Carafes
25cl
Rouge
10
Rosel
10
Blanc
10
7Scl
20
75cl
20
SOcl
18
18
18
SOFT
Coca-cola, zéro
Fanta / Sprite
3
Pizza nutella
avec pi
doches et sutre giace
Panna cotta
Tiramisu
ROSSI
7508
Valpolicella
22
Primitivo
23
Nero d'Avola
21
Bardolino
20
PROSECCO
la coupe
Bouteille
25
Schweppes
Orangina
Ice-tea
Perrier
3
BIÈRES
Pression
Moretti
Bouteilles
Peroni
Poretti
33c
4
3
3.5
Eau minérale
piate ou gazeuse
HOT
50c
50c Titre
2.0
3.5
Cate
Déca
2
2

Done OCR for new batch!
